[32m2025-12-13 13:20:47 +0800[0m - dagster - [34mDEBUG[0m - ELT_Pipeline_Job - c3c37648-61e9-4e6c-9822-2a0fea6543c3 - 3643 - LOGS_CAPTURED - Started capturing logs in process (pid: 3643).
[32m2025-12-13 13:20:47 +0800[0m - dagster - [34mDEBUG[0m - ELT_Pipeline_Job - c3c37648-61e9-4e6c-9822-2a0fea6543c3 - 3643 - DBT_STG_Run - STEP_START - Started execution of step "DBT_STG_Run".
[32m2025-12-13 13:20:47 +0800[0m - dagster - [34mINFO[0m - ELT_Pipeline_Job - c3c37648-61e9-4e6c-9822-2a0fea6543c3 - DBT_STG_Run - 🛠️ [dbt] Building staging models...
[32m2025-12-13 13:21:00 +0800[0m - dagster - [34mINFO[0m - ELT_Pipeline_Job - c3c37648-61e9-4e6c-9822-2a0fea6543c3 - DBT_STG_Run - [0m05:20:51  Running with dbt=1.9.6
[32m2025-12-13 13:21:00 +0800[0m - dagster - [34mINFO[0m - ELT_Pipeline_Job - c3c37648-61e9-4e6c-9822-2a0fea6543c3 - DBT_STG_Run - [0m05:20:53  Registered adapter: bigquery=1.9.1
[32m2025-12-13 13:21:00 +0800[0m - dagster - [34mINFO[0m - ELT_Pipeline_Job - c3c37648-61e9-4e6c-9822-2a0fea6543c3 - DBT_STG_Run - [0m05:20:53  [[33mWARNING[0m]: Configuration paths exist in your dbt_project.yml file which do not apply to any resources.
[32m2025-12-13 13:21:00 +0800[0m - dagster - [34mINFO[0m - ELT_Pipeline_Job - c3c37648-61e9-4e6c-9822-2a0fea6543c3 - DBT_STG_Run - There are 3 unused configuration paths:
[32m2025-12-13 13:21:00 +0800[0m - dagster - [34mINFO[0m - ELT_Pipeline_Job - c3c37648-61e9-4e6c-9822-2a0fea6543c3 - DBT_STG_Run - - models.dbt_edits_star_db.staging
[32m2025-12-13 13:21:00 +0800[0m - dagster - [34mINFO[0m - ELT_Pipeline_Job - c3c37648-61e9-4e6c-9822-2a0fea6543c3 - DBT_STG_Run - - models.dbt_edits_star_db.marts.dim
[32m2025-12-13 13:21:00 +0800[0m - dagster - [34mINFO[0m - ELT_Pipeline_Job - c3c37648-61e9-4e6c-9822-2a0fea6543c3 - DBT_STG_Run - - models.dbt_edits_star_db.marts.fact
[32m2025-12-13 13:21:00 +0800[0m - dagster - [34mINFO[0m - ELT_Pipeline_Job - c3c37648-61e9-4e6c-9822-2a0fea6543c3 - DBT_STG_Run - [0m05:20:54  Found 12 models, 11 data tests, 9 sources, 492 macros
[32m2025-12-13 13:21:00 +0800[0m - dagster - [34mINFO[0m - ELT_Pipeline_Job - c3c37648-61e9-4e6c-9822-2a0fea6543c3 - DBT_STG_Run - [0m05:20:54  
[32m2025-12-13 13:21:00 +0800[0m - dagster - [34mINFO[0m - ELT_Pipeline_Job - c3c37648-61e9-4e6c-9822-2a0fea6543c3 - DBT_STG_Run - [0m05:20:54  Concurrency: 4 threads (target='dev')
[32m2025-12-13 13:21:00 +0800[0m - dagster - [34mINFO[0m - ELT_Pipeline_Job - c3c37648-61e9-4e6c-9822-2a0fea6543c3 - DBT_STG_Run - [0m05:20:54  
[32m2025-12-13 13:21:00 +0800[0m - dagster - [34mINFO[0m - ELT_Pipeline_Job - c3c37648-61e9-4e6c-9822-2a0fea6543c3 - DBT_STG_Run - [0m05:20:54  1 of 7 START sql view model ecommerce.stg_db_customers ......................... [RUN]
[32m2025-12-13 13:21:00 +0800[0m - dagster - [34mINFO[0m - ELT_Pipeline_Job - c3c37648-61e9-4e6c-9822-2a0fea6543c3 - DBT_STG_Run - [0m05:20:54  2 of 7 START sql view model ecommerce.stg_db_order_items ....................... [RUN]
[32m2025-12-13 13:21:00 +0800[0m - dagster - [34mINFO[0m - ELT_Pipeline_Job - c3c37648-61e9-4e6c-9822-2a0fea6543c3 - DBT_STG_Run - [0m05:20:54  3 of 7 START sql view model ecommerce.stg_db_order_payments .................... [RUN]
[32m2025-12-13 13:21:00 +0800[0m - dagster - [34mINFO[0m - ELT_Pipeline_Job - c3c37648-61e9-4e6c-9822-2a0fea6543c3 - DBT_STG_Run - [0m05:20:54  4 of 7 START sql view model ecommerce.stg_db_orders ............................ [RUN]
[32m2025-12-13 13:21:00 +0800[0m - dagster - [34mINFO[0m - ELT_Pipeline_Job - c3c37648-61e9-4e6c-9822-2a0fea6543c3 - DBT_STG_Run - [0m05:20:56  4 of 7 OK created sql view model ecommerce.stg_db_orders ....................... [[32mCREATE VIEW (0 processed)[0m in 1.27s]
[32m2025-12-13 13:21:00 +0800[0m - dagster - [34mINFO[0m - ELT_Pipeline_Job - c3c37648-61e9-4e6c-9822-2a0fea6543c3 - DBT_STG_Run - [0m05:20:56  1 of 7 OK created sql view model ecommerce.stg_db_customers .................... [[32mCREATE VIEW (0 processed)[0m in 1.28s]
[32m2025-12-13 13:21:00 +0800[0m - dagster - [34mINFO[0m - ELT_Pipeline_Job - c3c37648-61e9-4e6c-9822-2a0fea6543c3 - DBT_STG_Run - [0m05:20:56  5 of 7 START sql view model ecommerce.stg_db_product_category_name_translation . [RUN]
[32m2025-12-13 13:21:00 +0800[0m - dagster - [34mINFO[0m - ELT_Pipeline_Job - c3c37648-61e9-4e6c-9822-2a0fea6543c3 - DBT_STG_Run - [0m05:20:56  6 of 7 START sql view model ecommerce.stg_db_products .......................... [RUN]
[32m2025-12-13 13:21:00 +0800[0m - dagster - [34mINFO[0m - ELT_Pipeline_Job - c3c37648-61e9-4e6c-9822-2a0fea6543c3 - DBT_STG_Run - [0m05:20:56  3 of 7 OK created sql view model ecommerce.stg_db_order_payments ............... [[32mCREATE VIEW (0 processed)[0m in 1.38s]
[32m2025-12-13 13:21:00 +0800[0m - dagster - [34mINFO[0m - ELT_Pipeline_Job - c3c37648-61e9-4e6c-9822-2a0fea6543c3 - DBT_STG_Run - [0m05:20:56  2 of 7 OK created sql view model ecommerce.stg_db_order_items .................. [[32mCREATE VIEW (0 processed)[0m in 1.39s]
[32m2025-12-13 13:21:01 +0800[0m - dagster - [34mINFO[0m - ELT_Pipeline_Job - c3c37648-61e9-4e6c-9822-2a0fea6543c3 - DBT_STG_Run - [0m05:20:56  7 of 7 START sql view model ecommerce.stg_db_sellers ........................... [RUN]
[32m2025-12-13 13:21:01 +0800[0m - dagster - [34mINFO[0m - ELT_Pipeline_Job - c3c37648-61e9-4e6c-9822-2a0fea6543c3 - DBT_STG_Run - [0m05:20:57  6 of 7 OK created sql view model ecommerce.stg_db_products ..................... [[32mCREATE VIEW (0 processed)[0m in 1.11s]
[32m2025-12-13 13:21:01 +0800[0m - dagster - [34mINFO[0m - ELT_Pipeline_Job - c3c37648-61e9-4e6c-9822-2a0fea6543c3 - DBT_STG_Run - [0m05:20:57  7 of 7 OK created sql view model ecommerce.stg_db_sellers ...................... [[32mCREATE VIEW (0 processed)[0m in 1.10s]
[32m2025-12-13 13:21:01 +0800[0m - dagster - [34mINFO[0m - ELT_Pipeline_Job - c3c37648-61e9-4e6c-9822-2a0fea6543c3 - DBT_STG_Run - [0m05:20:57  5 of 7 OK created sql view model ecommerce.stg_db_product_category_name_translation  [[32mCREATE VIEW (0 processed)[0m in 1.26s]
[32m2025-12-13 13:21:01 +0800[0m - dagster - [34mINFO[0m - ELT_Pipeline_Job - c3c37648-61e9-4e6c-9822-2a0fea6543c3 - DBT_STG_Run - [0m05:20:57  
[32m2025-12-13 13:21:01 +0800[0m - dagster - [34mINFO[0m - ELT_Pipeline_Job - c3c37648-61e9-4e6c-9822-2a0fea6543c3 - DBT_STG_Run - [0m05:20:57  Finished running 7 view models in 0 hours 0 minutes and 3.40 seconds (3.40s).
[32m2025-12-13 13:21:01 +0800[0m - dagster - [34mINFO[0m - ELT_Pipeline_Job - c3c37648-61e9-4e6c-9822-2a0fea6543c3 - DBT_STG_Run - [0m05:20:57  
[32m2025-12-13 13:21:01 +0800[0m - dagster - [34mINFO[0m - ELT_Pipeline_Job - c3c37648-61e9-4e6c-9822-2a0fea6543c3 - DBT_STG_Run - [0m05:20:57  [32mCompleted successfully[0m
[32m2025-12-13 13:21:01 +0800[0m - dagster - [34mINFO[0m - ELT_Pipeline_Job - c3c37648-61e9-4e6c-9822-2a0fea6543c3 - DBT_STG_Run - [0m05:20:57  
[32m2025-12-13 13:21:01 +0800[0m - dagster - [34mINFO[0m - ELT_Pipeline_Job - c3c37648-61e9-4e6c-9822-2a0fea6543c3 - DBT_STG_Run - [0m05:20:57  Done. PASS=7 WARN=0 ERROR=0 SKIP=0 TOTAL=7
[32m2025-12-13 13:21:01 +0800[0m - dagster - [34mINFO[0m - ELT_Pipeline_Job - c3c37648-61e9-4e6c-9822-2a0fea6543c3 - DBT_STG_Run - ▶ Running dbt staging models: stg_db_* ...
[32m2025-12-13 13:21:01 +0800[0m - dagster - [34mINFO[0m - ELT_Pipeline_Job - c3c37648-61e9-4e6c-9822-2a0fea6543c3 - DBT_STG_Run - ✅ dbt run (staging) completed successfully.
[32m2025-12-13 13:21:01 +0800[0m - dagster - [34mINFO[0m - ELT_Pipeline_Job - c3c37648-61e9-4e6c-9822-2a0fea6543c3 - DBT_STG_Run - ✅ [dbt] Staging models built successfully.
[32m2025-12-13 13:21:01 +0800[0m - dagster - [34mDEBUG[0m - ELT_Pipeline_Job - c3c37648-61e9-4e6c-9822-2a0fea6543c3 - 3643 - DBT_STG_Run - STEP_OUTPUT - Yielded output "result" of type "Any". (Type check passed).
[32m2025-12-13 13:21:01 +0800[0m - dagster - [34mDEBUG[0m - ELT_Pipeline_Job - c3c37648-61e9-4e6c-9822-2a0fea6543c3 - DBT_STG_Run - Writing file at: /home/pingh/Brazilian-E-Commerce-Public-Dataset-by-Olist/.tmp_dagster_home_oiic84i1/storage/c3c37648-61e9-4e6c-9822-2a0fea6543c3/DBT_STG_Run/result using PickledObjectFilesystemIOManager...
[32m2025-12-13 13:21:01 +0800[0m - dagster - [34mDEBUG[0m - ELT_Pipeline_Job - c3c37648-61e9-4e6c-9822-2a0fea6543c3 - 3643 - DBT_STG_Run - HANDLED_OUTPUT - Handled output "result" using IO manager "io_manager"
[32m2025-12-13 13:21:01 +0800[0m - dagster - [34mDEBUG[0m - ELT_Pipeline_Job - c3c37648-61e9-4e6c-9822-2a0fea6543c3 - 3643 - DBT_STG_Run - STEP_SUCCESS - Finished execution of step "DBT_STG_Run" in 13.56s.
