[32m2025-12-13 13:21:47 +0800[0m - dagster - [34mDEBUG[0m - ELT_Pipeline_Job - c3c37648-61e9-4e6c-9822-2a0fea6543c3 - 6623 - LOGS_CAPTURED - Started capturing logs in process (pid: 6623).
[32m2025-12-13 13:21:47 +0800[0m - dagster - [34mDEBUG[0m - ELT_Pipeline_Job - c3c37648-61e9-4e6c-9822-2a0fea6543c3 - 6623 - DBT_Transformation_Test - STEP_START - Started execution of step "DBT_Transformation_Test".
[32m2025-12-13 13:21:47 +0800[0m - dagster - [34mINFO[0m - ELT_Pipeline_Job - c3c37648-61e9-4e6c-9822-2a0fea6543c3 - DBT_Transformation_Test - 🛠️ [dbt] Running schema tests on Dim & Fact tables...
[32m2025-12-13 13:21:58 +0800[0m - dagster - [34mINFO[0m - ELT_Pipeline_Job - c3c37648-61e9-4e6c-9822-2a0fea6543c3 - DBT_Transformation_Test - [0m05:21:50  Running with dbt=1.9.6
[32m2025-12-13 13:21:58 +0800[0m - dagster - [34mINFO[0m - ELT_Pipeline_Job - c3c37648-61e9-4e6c-9822-2a0fea6543c3 - DBT_Transformation_Test - [0m05:21:52  Registered adapter: bigquery=1.9.1
[32m2025-12-13 13:21:58 +0800[0m - dagster - [34mINFO[0m - ELT_Pipeline_Job - c3c37648-61e9-4e6c-9822-2a0fea6543c3 - DBT_Transformation_Test - [0m05:21:53  [[33mWARNING[0m]: Configuration paths exist in your dbt_project.yml file which do not apply to any resources.
[32m2025-12-13 13:21:58 +0800[0m - dagster - [34mINFO[0m - ELT_Pipeline_Job - c3c37648-61e9-4e6c-9822-2a0fea6543c3 - DBT_Transformation_Test - There are 3 unused configuration paths:
[32m2025-12-13 13:21:58 +0800[0m - dagster - [34mINFO[0m - ELT_Pipeline_Job - c3c37648-61e9-4e6c-9822-2a0fea6543c3 - DBT_Transformation_Test - - models.dbt_edits_star_db.marts.fact
[32m2025-12-13 13:21:58 +0800[0m - dagster - [34mINFO[0m - ELT_Pipeline_Job - c3c37648-61e9-4e6c-9822-2a0fea6543c3 - DBT_Transformation_Test - - models.dbt_edits_star_db.staging
[32m2025-12-13 13:21:58 +0800[0m - dagster - [34mINFO[0m - ELT_Pipeline_Job - c3c37648-61e9-4e6c-9822-2a0fea6543c3 - DBT_Transformation_Test - - models.dbt_edits_star_db.marts.dim
[32m2025-12-13 13:21:58 +0800[0m - dagster - [34mINFO[0m - ELT_Pipeline_Job - c3c37648-61e9-4e6c-9822-2a0fea6543c3 - DBT_Transformation_Test - [0m05:21:53  Found 12 models, 11 data tests, 9 sources, 492 macros
[32m2025-12-13 13:21:58 +0800[0m - dagster - [34mINFO[0m - ELT_Pipeline_Job - c3c37648-61e9-4e6c-9822-2a0fea6543c3 - DBT_Transformation_Test - [0m05:21:53  
[32m2025-12-13 13:21:58 +0800[0m - dagster - [34mINFO[0m - ELT_Pipeline_Job - c3c37648-61e9-4e6c-9822-2a0fea6543c3 - DBT_Transformation_Test - [0m05:21:53  Concurrency: 4 threads (target='dev')
[32m2025-12-13 13:21:58 +0800[0m - dagster - [34mINFO[0m - ELT_Pipeline_Job - c3c37648-61e9-4e6c-9822-2a0fea6543c3 - DBT_Transformation_Test - [0m05:21:53  
[32m2025-12-13 13:21:58 +0800[0m - dagster - [34mINFO[0m - ELT_Pipeline_Job - c3c37648-61e9-4e6c-9822-2a0fea6543c3 - DBT_Transformation_Test - [0m05:21:53  1 of 3 START test not_null_fact_db_order_items_customer_id ..................... [RUN]
[32m2025-12-13 13:21:58 +0800[0m - dagster - [34mINFO[0m - ELT_Pipeline_Job - c3c37648-61e9-4e6c-9822-2a0fea6543c3 - DBT_Transformation_Test - [0m05:21:53  2 of 3 START test not_null_fact_db_order_items_order_id ........................ [RUN]
[32m2025-12-13 13:21:58 +0800[0m - dagster - [34mINFO[0m - ELT_Pipeline_Job - c3c37648-61e9-4e6c-9822-2a0fea6543c3 - DBT_Transformation_Test - [0m05:21:53  3 of 3 START test not_null_fact_db_order_items_order_item_id ................... [RUN]
[32m2025-12-13 13:21:58 +0800[0m - dagster - [34mINFO[0m - ELT_Pipeline_Job - c3c37648-61e9-4e6c-9822-2a0fea6543c3 - DBT_Transformation_Test - [0m05:21:55  1 of 3 PASS not_null_fact_db_order_items_customer_id ........................... [[32mPASS[0m in 1.70s]
[32m2025-12-13 13:21:58 +0800[0m - dagster - [34mINFO[0m - ELT_Pipeline_Job - c3c37648-61e9-4e6c-9822-2a0fea6543c3 - DBT_Transformation_Test - [0m05:21:55  2 of 3 PASS not_null_fact_db_order_items_order_id .............................. [[32mPASS[0m in 1.71s]
[32m2025-12-13 13:21:58 +0800[0m - dagster - [34mINFO[0m - ELT_Pipeline_Job - c3c37648-61e9-4e6c-9822-2a0fea6543c3 - DBT_Transformation_Test - [0m05:21:55  3 of 3 PASS not_null_fact_db_order_items_order_item_id ......................... [[32mPASS[0m in 1.72s]
[32m2025-12-13 13:21:58 +0800[0m - dagster - [34mINFO[0m - ELT_Pipeline_Job - c3c37648-61e9-4e6c-9822-2a0fea6543c3 - DBT_Transformation_Test - [0m05:21:55  
[32m2025-12-13 13:21:58 +0800[0m - dagster - [34mINFO[0m - ELT_Pipeline_Job - c3c37648-61e9-4e6c-9822-2a0fea6543c3 - DBT_Transformation_Test - [0m05:21:55  Finished running 3 data tests in 0 hours 0 minutes and 2.17 seconds (2.17s).
[32m2025-12-13 13:21:58 +0800[0m - dagster - [34mINFO[0m - ELT_Pipeline_Job - c3c37648-61e9-4e6c-9822-2a0fea6543c3 - DBT_Transformation_Test - [0m05:21:55  
[32m2025-12-13 13:21:58 +0800[0m - dagster - [34mINFO[0m - ELT_Pipeline_Job - c3c37648-61e9-4e6c-9822-2a0fea6543c3 - DBT_Transformation_Test - [0m05:21:55  [32mCompleted successfully[0m
[32m2025-12-13 13:21:58 +0800[0m - dagster - [34mINFO[0m - ELT_Pipeline_Job - c3c37648-61e9-4e6c-9822-2a0fea6543c3 - DBT_Transformation_Test - [0m05:21:55  
[32m2025-12-13 13:21:58 +0800[0m - dagster - [34mINFO[0m - ELT_Pipeline_Job - c3c37648-61e9-4e6c-9822-2a0fea6543c3 - DBT_Transformation_Test - [0m05:21:55  Done. PASS=3 WARN=0 ERROR=0 SKIP=0 TOTAL=3
[32m2025-12-13 13:21:58 +0800[0m - dagster - [34mINFO[0m - ELT_Pipeline_Job - c3c37648-61e9-4e6c-9822-2a0fea6543c3 - DBT_Transformation_Test - ▶ Testing dbt fact models: path:marts/fact ...
[32m2025-12-13 13:21:58 +0800[0m - dagster - [34mINFO[0m - ELT_Pipeline_Job - c3c37648-61e9-4e6c-9822-2a0fea6543c3 - DBT_Transformation_Test - ✅ dbt test (fact) completed successfully.
[32m2025-12-13 13:22:12 +0800[0m - dagster - [34mINFO[0m - ELT_Pipeline_Job - c3c37648-61e9-4e6c-9822-2a0fea6543c3 - DBT_Transformation_Test - [0m05:22:02  Running with dbt=1.9.6
[32m2025-12-13 13:22:12 +0800[0m - dagster - [34mINFO[0m - ELT_Pipeline_Job - c3c37648-61e9-4e6c-9822-2a0fea6543c3 - DBT_Transformation_Test - [0m05:22:04  Registered adapter: bigquery=1.9.1
[32m2025-12-13 13:22:12 +0800[0m - dagster - [34mINFO[0m - ELT_Pipeline_Job - c3c37648-61e9-4e6c-9822-2a0fea6543c3 - DBT_Transformation_Test - [0m05:22:05  [[33mWARNING[0m]: Configuration paths exist in your dbt_project.yml file which do not apply to any resources.
[32m2025-12-13 13:22:12 +0800[0m - dagster - [34mINFO[0m - ELT_Pipeline_Job - c3c37648-61e9-4e6c-9822-2a0fea6543c3 - DBT_Transformation_Test - There are 3 unused configuration paths:
[32m2025-12-13 13:22:12 +0800[0m - dagster - [34mINFO[0m - ELT_Pipeline_Job - c3c37648-61e9-4e6c-9822-2a0fea6543c3 - DBT_Transformation_Test - - models.dbt_edits_star_db.marts.fact
[32m2025-12-13 13:22:12 +0800[0m - dagster - [34mINFO[0m - ELT_Pipeline_Job - c3c37648-61e9-4e6c-9822-2a0fea6543c3 - DBT_Transformation_Test - - models.dbt_edits_star_db.marts.dim
[32m2025-12-13 13:22:12 +0800[0m - dagster - [34mINFO[0m - ELT_Pipeline_Job - c3c37648-61e9-4e6c-9822-2a0fea6543c3 - DBT_Transformation_Test - - models.dbt_edits_star_db.staging
[32m2025-12-13 13:22:12 +0800[0m - dagster - [34mINFO[0m - ELT_Pipeline_Job - c3c37648-61e9-4e6c-9822-2a0fea6543c3 - DBT_Transformation_Test - [0m05:22:05  Found 12 models, 11 data tests, 9 sources, 492 macros
[32m2025-12-13 13:22:12 +0800[0m - dagster - [34mINFO[0m - ELT_Pipeline_Job - c3c37648-61e9-4e6c-9822-2a0fea6543c3 - DBT_Transformation_Test - [0m05:22:05  
[32m2025-12-13 13:22:12 +0800[0m - dagster - [34mINFO[0m - ELT_Pipeline_Job - c3c37648-61e9-4e6c-9822-2a0fea6543c3 - DBT_Transformation_Test - [0m05:22:05  Concurrency: 4 threads (target='dev')
[32m2025-12-13 13:22:12 +0800[0m - dagster - [34mINFO[0m - ELT_Pipeline_Job - c3c37648-61e9-4e6c-9822-2a0fea6543c3 - DBT_Transformation_Test - [0m05:22:05  
[32m2025-12-13 13:22:12 +0800[0m - dagster - [34mINFO[0m - ELT_Pipeline_Job - c3c37648-61e9-4e6c-9822-2a0fea6543c3 - DBT_Transformation_Test - [0m05:22:05  1 of 8 START test not_null_dim_db_customers_customer_id ........................ [RUN]
[32m2025-12-13 13:22:12 +0800[0m - dagster - [34mINFO[0m - ELT_Pipeline_Job - c3c37648-61e9-4e6c-9822-2a0fea6543c3 - DBT_Transformation_Test - [0m05:22:05  2 of 8 START test not_null_dim_db_dates_date_key ............................... [RUN]
[32m2025-12-13 13:22:12 +0800[0m - dagster - [34mINFO[0m - ELT_Pipeline_Job - c3c37648-61e9-4e6c-9822-2a0fea6543c3 - DBT_Transformation_Test - [0m05:22:05  3 of 8 START test not_null_dim_db_products_product_id .......................... [RUN]
[32m2025-12-13 13:22:12 +0800[0m - dagster - [34mINFO[0m - ELT_Pipeline_Job - c3c37648-61e9-4e6c-9822-2a0fea6543c3 - DBT_Transformation_Test - [0m05:22:05  4 of 8 START test not_null_dim_db_sellers_seller_id ............................ [RUN]
[32m2025-12-13 13:22:12 +0800[0m - dagster - [34mINFO[0m - ELT_Pipeline_Job - c3c37648-61e9-4e6c-9822-2a0fea6543c3 - DBT_Transformation_Test - [0m05:22:07  2 of 8 PASS not_null_dim_db_dates_date_key ..................................... [[32mPASS[0m in 1.69s]
[32m2025-12-13 13:22:12 +0800[0m - dagster - [34mINFO[0m - ELT_Pipeline_Job - c3c37648-61e9-4e6c-9822-2a0fea6543c3 - DBT_Transformation_Test - [0m05:22:07  1 of 8 PASS not_null_dim_db_customers_customer_id .............................. [[32mPASS[0m in 1.69s]
[32m2025-12-13 13:22:12 +0800[0m - dagster - [34mINFO[0m - ELT_Pipeline_Job - c3c37648-61e9-4e6c-9822-2a0fea6543c3 - DBT_Transformation_Test - [0m05:22:07  5 of 8 START test unique_dim_db_customers_customer_id .......................... [RUN]
[32m2025-12-13 13:22:12 +0800[0m - dagster - [34mINFO[0m - ELT_Pipeline_Job - c3c37648-61e9-4e6c-9822-2a0fea6543c3 - DBT_Transformation_Test - [0m05:22:07  6 of 8 START test unique_dim_db_dates_date_key ................................. [RUN]
[32m2025-12-13 13:22:12 +0800[0m - dagster - [34mINFO[0m - ELT_Pipeline_Job - c3c37648-61e9-4e6c-9822-2a0fea6543c3 - DBT_Transformation_Test - [0m05:22:07  4 of 8 PASS not_null_dim_db_sellers_seller_id .................................. [[32mPASS[0m in 1.87s]
[32m2025-12-13 13:22:12 +0800[0m - dagster - [34mINFO[0m - ELT_Pipeline_Job - c3c37648-61e9-4e6c-9822-2a0fea6543c3 - DBT_Transformation_Test - [0m05:22:07  7 of 8 START test unique_dim_db_products_product_id ............................ [RUN]
[32m2025-12-13 13:22:12 +0800[0m - dagster - [34mINFO[0m - ELT_Pipeline_Job - c3c37648-61e9-4e6c-9822-2a0fea6543c3 - DBT_Transformation_Test - [0m05:22:07  3 of 8 PASS not_null_dim_db_products_product_id ................................ [[32mPASS[0m in 1.89s]
[32m2025-12-13 13:22:12 +0800[0m - dagster - [34mINFO[0m - ELT_Pipeline_Job - c3c37648-61e9-4e6c-9822-2a0fea6543c3 - DBT_Transformation_Test - [0m05:22:07  8 of 8 START test unique_dim_db_sellers_seller_id .............................. [RUN]
[32m2025-12-13 13:22:12 +0800[0m - dagster - [34mINFO[0m - ELT_Pipeline_Job - c3c37648-61e9-4e6c-9822-2a0fea6543c3 - DBT_Transformation_Test - [0m05:22:09  6 of 8 PASS unique_dim_db_dates_date_key ....................................... [[32mPASS[0m in 1.60s]
[32m2025-12-13 13:22:12 +0800[0m - dagster - [34mINFO[0m - ELT_Pipeline_Job - c3c37648-61e9-4e6c-9822-2a0fea6543c3 - DBT_Transformation_Test - [0m05:22:09  5 of 8 PASS unique_dim_db_customers_customer_id ................................ [[32mPASS[0m in 1.72s]
[32m2025-12-13 13:22:12 +0800[0m - dagster - [34mINFO[0m - ELT_Pipeline_Job - c3c37648-61e9-4e6c-9822-2a0fea6543c3 - DBT_Transformation_Test - [0m05:22:09  8 of 8 PASS unique_dim_db_sellers_seller_id .................................... [[32mPASS[0m in 1.61s]
[32m2025-12-13 13:22:12 +0800[0m - dagster - [34mINFO[0m - ELT_Pipeline_Job - c3c37648-61e9-4e6c-9822-2a0fea6543c3 - DBT_Transformation_Test - [0m05:22:09  7 of 8 PASS unique_dim_db_products_product_id .................................. [[32mPASS[0m in 1.64s]
[32m2025-12-13 13:22:12 +0800[0m - dagster - [34mINFO[0m - ELT_Pipeline_Job - c3c37648-61e9-4e6c-9822-2a0fea6543c3 - DBT_Transformation_Test - [0m05:22:09  
[32m2025-12-13 13:22:12 +0800[0m - dagster - [34mINFO[0m - ELT_Pipeline_Job - c3c37648-61e9-4e6c-9822-2a0fea6543c3 - DBT_Transformation_Test - [0m05:22:09  Finished running 8 data tests in 0 hours 0 minutes and 3.95 seconds (3.95s).
[32m2025-12-13 13:22:12 +0800[0m - dagster - [34mINFO[0m - ELT_Pipeline_Job - c3c37648-61e9-4e6c-9822-2a0fea6543c3 - DBT_Transformation_Test - [0m05:22:09  
[32m2025-12-13 13:22:12 +0800[0m - dagster - [34mINFO[0m - ELT_Pipeline_Job - c3c37648-61e9-4e6c-9822-2a0fea6543c3 - DBT_Transformation_Test - [0m05:22:09  [32mCompleted successfully[0m
[32m2025-12-13 13:22:12 +0800[0m - dagster - [34mINFO[0m - ELT_Pipeline_Job - c3c37648-61e9-4e6c-9822-2a0fea6543c3 - DBT_Transformation_Test - [0m05:22:09  
[32m2025-12-13 13:22:12 +0800[0m - dagster - [34mINFO[0m - ELT_Pipeline_Job - c3c37648-61e9-4e6c-9822-2a0fea6543c3 - DBT_Transformation_Test - [0m05:22:09  Done. PASS=8 WARN=0 ERROR=0 SKIP=0 TOTAL=8
[32m2025-12-13 13:22:12 +0800[0m - dagster - [34mINFO[0m - ELT_Pipeline_Job - c3c37648-61e9-4e6c-9822-2a0fea6543c3 - DBT_Transformation_Test - ▶ Testing dbt dimension models: path:marts/dim ...
[32m2025-12-13 13:22:12 +0800[0m - dagster - [34mINFO[0m - ELT_Pipeline_Job - c3c37648-61e9-4e6c-9822-2a0fea6543c3 - DBT_Transformation_Test - ✅ dbt test (dim) completed successfully.
[32m2025-12-13 13:22:12 +0800[0m - dagster - [34mINFO[0m - ELT_Pipeline_Job - c3c37648-61e9-4e6c-9822-2a0fea6543c3 - DBT_Transformation_Test - ✅ [dbt] Dim & Fact tables tested successfully.
[32m2025-12-13 13:22:12 +0800[0m - dagster - [34mDEBUG[0m - ELT_Pipeline_Job - c3c37648-61e9-4e6c-9822-2a0fea6543c3 - 6623 - DBT_Transformation_Test - STEP_OUTPUT - Yielded output "result" of type "String". (Type check passed).
[32m2025-12-13 13:22:12 +0800[0m - dagster - [34mDEBUG[0m - ELT_Pipeline_Job - c3c37648-61e9-4e6c-9822-2a0fea6543c3 - DBT_Transformation_Test - Writing file at: /home/pingh/Brazilian-E-Commerce-Public-Dataset-by-Olist/.tmp_dagster_home_oiic84i1/storage/c3c37648-61e9-4e6c-9822-2a0fea6543c3/DBT_Transformation_Test/result using PickledObjectFilesystemIOManager...
[32m2025-12-13 13:22:12 +0800[0m - dagster - [34mDEBUG[0m - ELT_Pipeline_Job - c3c37648-61e9-4e6c-9822-2a0fea6543c3 - 6623 - DBT_Transformation_Test - HANDLED_OUTPUT - Handled output "result" using IO manager "io_manager"
[32m2025-12-13 13:22:12 +0800[0m - dagster - [34mDEBUG[0m - ELT_Pipeline_Job - c3c37648-61e9-4e6c-9822-2a0fea6543c3 - 6623 - DBT_Transformation_Test - STEP_SUCCESS - Finished execution of step "DBT_Transformation_Test" in 25.66s.
