[32m2025-12-13 13:22:15 +0800[0m - dagster - [34mDEBUG[0m - ELT_Pipeline_Job - c3c37648-61e9-4e6c-9822-2a0fea6543c3 - 7996 - LOGS_CAPTURED - Started capturing logs in process (pid: 7996).
[32m2025-12-13 13:22:15 +0800[0m - dagster - [34mDEBUG[0m - ELT_Pipeline_Job - c3c37648-61e9-4e6c-9822-2a0fea6543c3 - 7996 - EDA_ML_Analysis_Report - STEP_START - Started execution of step "EDA_ML_Analysis_Report".
[32m2025-12-13 13:22:15 +0800[0m - dagster - [34mINFO[0m - ELT_Pipeline_Job - c3c37648-61e9-4e6c-9822-2a0fea6543c3 - EDA_ML_Analysis_Report - 📊 [EDA] Analyzing data distributions...
[32m2025-12-13 13:24:08 +0800[0m - dagster - [34mINFO[0m - ELT_Pipeline_Job - c3c37648-61e9-4e6c-9822-2a0fea6543c3 - EDA_ML_Analysis_Report - ✅ BigQuery client initialised for project: durable-ripsaw-477914-g0
[32m2025-12-13 13:24:08 +0800[0m - dagster - [34mINFO[0m - ELT_Pipeline_Job - c3c37648-61e9-4e6c-9822-2a0fea6543c3 - EDA_ML_Analysis_Report
[32m2025-12-13 13:24:08 +0800[0m - dagster - [34mINFO[0m - ELT_Pipeline_Job - c3c37648-61e9-4e6c-9822-2a0fea6543c3 - EDA_ML_Analysis_Report - ▶ Loading durable-ripsaw-477914-g0.ecommerce.dim_db_customers ...
[32m2025-12-13 13:24:08 +0800[0m - dagster - [34mINFO[0m - ELT_Pipeline_Job - c3c37648-61e9-4e6c-9822-2a0fea6543c3 - EDA_ML_Analysis_Report -    Shape: (99441, 5)
[32m2025-12-13 13:24:08 +0800[0m - dagster - [34mINFO[0m - ELT_Pipeline_Job - c3c37648-61e9-4e6c-9822-2a0fea6543c3 - EDA_ML_Analysis_Report
[32m2025-12-13 13:24:08 +0800[0m - dagster - [34mINFO[0m - ELT_Pipeline_Job - c3c37648-61e9-4e6c-9822-2a0fea6543c3 - EDA_ML_Analysis_Report - ▶ Loading durable-ripsaw-477914-g0.ecommerce.dim_db_sellers ...
[32m2025-12-13 13:24:08 +0800[0m - dagster - [34mINFO[0m - ELT_Pipeline_Job - c3c37648-61e9-4e6c-9822-2a0fea6543c3 - EDA_ML_Analysis_Report -    Shape: (3095, 4)
[32m2025-12-13 13:24:08 +0800[0m - dagster - [34mINFO[0m - ELT_Pipeline_Job - c3c37648-61e9-4e6c-9822-2a0fea6543c3 - EDA_ML_Analysis_Report
[32m2025-12-13 13:24:08 +0800[0m - dagster - [34mINFO[0m - ELT_Pipeline_Job - c3c37648-61e9-4e6c-9822-2a0fea6543c3 - EDA_ML_Analysis_Report - ▶ Loading durable-ripsaw-477914-g0.ecommerce.dim_db_products ...
[32m2025-12-13 13:24:08 +0800[0m - dagster - [34mINFO[0m - ELT_Pipeline_Job - c3c37648-61e9-4e6c-9822-2a0fea6543c3 - EDA_ML_Analysis_Report -    Shape: (32951, 7)
[32m2025-12-13 13:24:08 +0800[0m - dagster - [34mINFO[0m - ELT_Pipeline_Job - c3c37648-61e9-4e6c-9822-2a0fea6543c3 - EDA_ML_Analysis_Report
[32m2025-12-13 13:24:08 +0800[0m - dagster - [34mINFO[0m - ELT_Pipeline_Job - c3c37648-61e9-4e6c-9822-2a0fea6543c3 - EDA_ML_Analysis_Report - ▶ Loading durable-ripsaw-477914-g0.ecommerce.fact_db_order_items ...
[32m2025-12-13 13:24:08 +0800[0m - dagster - [34mINFO[0m - ELT_Pipeline_Job - c3c37648-61e9-4e6c-9822-2a0fea6543c3 - EDA_ML_Analysis_Report -    Shape: (112650, 9)
[32m2025-12-13 13:24:08 +0800[0m - dagster - [34mINFO[0m - ELT_Pipeline_Job - c3c37648-61e9-4e6c-9822-2a0fea6543c3 - EDA_ML_Analysis_Report - <class 'pandas.core.frame.DataFrame'>
[32m2025-12-13 13:24:08 +0800[0m - dagster - [34mINFO[0m - ELT_Pipeline_Job - c3c37648-61e9-4e6c-9822-2a0fea6543c3 - EDA_ML_Analysis_Report - RangeIndex: 99441 entries, 0 to 99440
[32m2025-12-13 13:24:08 +0800[0m - dagster - [34mINFO[0m - ELT_Pipeline_Job - c3c37648-61e9-4e6c-9822-2a0fea6543c3 - EDA_ML_Analysis_Report - Data columns (total 5 columns):
[32m2025-12-13 13:24:08 +0800[0m - dagster - [34mINFO[0m - ELT_Pipeline_Job - c3c37648-61e9-4e6c-9822-2a0fea6543c3 - EDA_ML_Analysis_Report -  #   Column                    Non-Null Count  Dtype 
[32m2025-12-13 13:24:08 +0800[0m - dagster - [34mINFO[0m - ELT_Pipeline_Job - c3c37648-61e9-4e6c-9822-2a0fea6543c3 - EDA_ML_Analysis_Report - ---  ------                    --------------  ----- 
[32m2025-12-13 13:24:08 +0800[0m - dagster - [34mINFO[0m - ELT_Pipeline_Job - c3c37648-61e9-4e6c-9822-2a0fea6543c3 - EDA_ML_Analysis_Report -  0   customer_id               99441 non-null  object
[32m2025-12-13 13:24:08 +0800[0m - dagster - [34mINFO[0m - ELT_Pipeline_Job - c3c37648-61e9-4e6c-9822-2a0fea6543c3 - EDA_ML_Analysis_Report -  1   customer_unique_id        99441 non-null  object
[32m2025-12-13 13:24:08 +0800[0m - dagster - [34mINFO[0m - ELT_Pipeline_Job - c3c37648-61e9-4e6c-9822-2a0fea6543c3 - EDA_ML_Analysis_Report -  2   customer_zip_code_prefix  99441 non-null  object
[32m2025-12-13 13:24:08 +0800[0m - dagster - [34mINFO[0m - ELT_Pipeline_Job - c3c37648-61e9-4e6c-9822-2a0fea6543c3 - EDA_ML_Analysis_Report -  3   customer_city             99441 non-null  object
[32m2025-12-13 13:24:08 +0800[0m - dagster - [34mINFO[0m - ELT_Pipeline_Job - c3c37648-61e9-4e6c-9822-2a0fea6543c3 - EDA_ML_Analysis_Report -  4   customer_state            99441 non-null  object
[32m2025-12-13 13:24:08 +0800[0m - dagster - [34mINFO[0m - ELT_Pipeline_Job - c3c37648-61e9-4e6c-9822-2a0fea6543c3 - EDA_ML_Analysis_Report - dtypes: object(5)
[32m2025-12-13 13:24:08 +0800[0m - dagster - [34mINFO[0m - ELT_Pipeline_Job - c3c37648-61e9-4e6c-9822-2a0fea6543c3 - EDA_ML_Analysis_Report - memory usage: 3.8+ MB
[32m2025-12-13 13:24:08 +0800[0m - dagster - [34mINFO[0m - ELT_Pipeline_Job - c3c37648-61e9-4e6c-9822-2a0fea6543c3 - EDA_ML_Analysis_Report - <class 'pandas.core.frame.DataFrame'>
[32m2025-12-13 13:24:08 +0800[0m - dagster - [34mINFO[0m - ELT_Pipeline_Job - c3c37648-61e9-4e6c-9822-2a0fea6543c3 - EDA_ML_Analysis_Report - RangeIndex: 3095 entries, 0 to 3094
[32m2025-12-13 13:24:08 +0800[0m - dagster - [34mINFO[0m - ELT_Pipeline_Job - c3c37648-61e9-4e6c-9822-2a0fea6543c3 - EDA_ML_Analysis_Report - Data columns (total 4 columns):
[32m2025-12-13 13:24:08 +0800[0m - dagster - [34mINFO[0m - ELT_Pipeline_Job - c3c37648-61e9-4e6c-9822-2a0fea6543c3 - EDA_ML_Analysis_Report -  #   Column        Non-Null Count  Dtype 
[32m2025-12-13 13:24:08 +0800[0m - dagster - [34mINFO[0m - ELT_Pipeline_Job - c3c37648-61e9-4e6c-9822-2a0fea6543c3 - EDA_ML_Analysis_Report - ---  ------        --------------  ----- 
[32m2025-12-13 13:24:08 +0800[0m - dagster - [34mINFO[0m - ELT_Pipeline_Job - c3c37648-61e9-4e6c-9822-2a0fea6543c3 - EDA_ML_Analysis_Report -  0   seller_id     3095 non-null   object
[32m2025-12-13 13:24:08 +0800[0m - dagster - [34mINFO[0m - ELT_Pipeline_Job - c3c37648-61e9-4e6c-9822-2a0fea6543c3 - EDA_ML_Analysis_Report -  1   seller_zip    3095 non-null   object
[32m2025-12-13 13:24:08 +0800[0m - dagster - [34mINFO[0m - ELT_Pipeline_Job - c3c37648-61e9-4e6c-9822-2a0fea6543c3 - EDA_ML_Analysis_Report -  2   seller_city   3095 non-null   object
[32m2025-12-13 13:24:08 +0800[0m - dagster - [34mINFO[0m - ELT_Pipeline_Job - c3c37648-61e9-4e6c-9822-2a0fea6543c3 - EDA_ML_Analysis_Report -  3   seller_state  3095 non-null   object
[32m2025-12-13 13:24:08 +0800[0m - dagster - [34mINFO[0m - ELT_Pipeline_Job - c3c37648-61e9-4e6c-9822-2a0fea6543c3 - EDA_ML_Analysis_Report - dtypes: object(4)
[32m2025-12-13 13:24:08 +0800[0m - dagster - [34mINFO[0m - ELT_Pipeline_Job - c3c37648-61e9-4e6c-9822-2a0fea6543c3 - EDA_ML_Analysis_Report - memory usage: 96.8+ KB
[32m2025-12-13 13:24:08 +0800[0m - dagster - [34mINFO[0m - ELT_Pipeline_Job - c3c37648-61e9-4e6c-9822-2a0fea6543c3 - EDA_ML_Analysis_Report - <class 'pandas.core.frame.DataFrame'>
[32m2025-12-13 13:24:08 +0800[0m - dagster - [34mINFO[0m - ELT_Pipeline_Job - c3c37648-61e9-4e6c-9822-2a0fea6543c3 - EDA_ML_Analysis_Report - RangeIndex: 32951 entries, 0 to 32950
[32m2025-12-13 13:24:08 +0800[0m - dagster - [34mINFO[0m - ELT_Pipeline_Job - c3c37648-61e9-4e6c-9822-2a0fea6543c3 - EDA_ML_Analysis_Report - Data columns (total 7 columns):
[32m2025-12-13 13:24:08 +0800[0m - dagster - [34mINFO[0m - ELT_Pipeline_Job - c3c37648-61e9-4e6c-9822-2a0fea6543c3 - EDA_ML_Analysis_Report -  #   Column                         Non-Null Count  Dtype 
[32m2025-12-13 13:24:09 +0800[0m - dagster - [34mINFO[0m - ELT_Pipeline_Job - c3c37648-61e9-4e6c-9822-2a0fea6543c3 - EDA_ML_Analysis_Report - ---  ------                         --------------  ----- 
[32m2025-12-13 13:24:09 +0800[0m - dagster - [34mINFO[0m - ELT_Pipeline_Job - c3c37648-61e9-4e6c-9822-2a0fea6543c3 - EDA_ML_Analysis_Report -  0   product_id                     32951 non-null  object
[32m2025-12-13 13:24:09 +0800[0m - dagster - [34mINFO[0m - ELT_Pipeline_Job - c3c37648-61e9-4e6c-9822-2a0fea6543c3 - EDA_ML_Analysis_Report -  1   product_category_name          32951 non-null  object
[32m2025-12-13 13:24:09 +0800[0m - dagster - [34mINFO[0m - ELT_Pipeline_Job - c3c37648-61e9-4e6c-9822-2a0fea6543c3 - EDA_ML_Analysis_Report -  2   product_category_name_english  32328 non-null  object
[32m2025-12-13 13:24:09 +0800[0m - dagster - [34mINFO[0m - ELT_Pipeline_Job - c3c37648-61e9-4e6c-9822-2a0fea6543c3 - EDA_ML_Analysis_Report -  3   product_weight_g               32951 non-null  object
[32m2025-12-13 13:24:09 +0800[0m - dagster - [34mINFO[0m - ELT_Pipeline_Job - c3c37648-61e9-4e6c-9822-2a0fea6543c3 - EDA_ML_Analysis_Report -  4   product_length_cm              32951 non-null  object
[32m2025-12-13 13:24:09 +0800[0m - dagster - [34mINFO[0m - ELT_Pipeline_Job - c3c37648-61e9-4e6c-9822-2a0fea6543c3 - EDA_ML_Analysis_Report -  5   product_height_cm              32951 non-null  object
[32m2025-12-13 13:24:09 +0800[0m - dagster - [34mINFO[0m - ELT_Pipeline_Job - c3c37648-61e9-4e6c-9822-2a0fea6543c3 - EDA_ML_Analysis_Report -  6   product_width_cm               32951 non-null  object
[32m2025-12-13 13:24:09 +0800[0m - dagster - [34mINFO[0m - ELT_Pipeline_Job - c3c37648-61e9-4e6c-9822-2a0fea6543c3 - EDA_ML_Analysis_Report - dtypes: object(7)
[32m2025-12-13 13:24:09 +0800[0m - dagster - [34mINFO[0m - ELT_Pipeline_Job - c3c37648-61e9-4e6c-9822-2a0fea6543c3 - EDA_ML_Analysis_Report - memory usage: 1.8+ MB
[32m2025-12-13 13:24:09 +0800[0m - dagster - [34mINFO[0m - ELT_Pipeline_Job - c3c37648-61e9-4e6c-9822-2a0fea6543c3 - EDA_ML_Analysis_Report - <class 'pandas.core.frame.DataFrame'>
[32m2025-12-13 13:24:09 +0800[0m - dagster - [34mINFO[0m - ELT_Pipeline_Job - c3c37648-61e9-4e6c-9822-2a0fea6543c3 - EDA_ML_Analysis_Report - RangeIndex: 112650 entries, 0 to 112649
[32m2025-12-13 13:24:09 +0800[0m - dagster - [34mINFO[0m - ELT_Pipeline_Job - c3c37648-61e9-4e6c-9822-2a0fea6543c3 - EDA_ML_Analysis_Report - Data columns (total 9 columns):
[32m2025-12-13 13:24:09 +0800[0m - dagster - [34mINFO[0m - ELT_Pipeline_Job - c3c37648-61e9-4e6c-9822-2a0fea6543c3 - EDA_ML_Analysis_Report -  #   Column                  Non-Null Count   Dtype 
[32m2025-12-13 13:24:09 +0800[0m - dagster - [34mINFO[0m - ELT_Pipeline_Job - c3c37648-61e9-4e6c-9822-2a0fea6543c3 - EDA_ML_Analysis_Report - ---  ------                  --------------   ----- 
[32m2025-12-13 13:24:09 +0800[0m - dagster - [34mINFO[0m - ELT_Pipeline_Job - c3c37648-61e9-4e6c-9822-2a0fea6543c3 - EDA_ML_Analysis_Report -  0   order_id                112650 non-null  object
[32m2025-12-13 13:24:09 +0800[0m - dagster - [34mINFO[0m - ELT_Pipeline_Job - c3c37648-61e9-4e6c-9822-2a0fea6543c3 - EDA_ML_Analysis_Report -  1   order_item_id           112650 non-null  object
[32m2025-12-13 13:24:09 +0800[0m - dagster - [34mINFO[0m - ELT_Pipeline_Job - c3c37648-61e9-4e6c-9822-2a0fea6543c3 - EDA_ML_Analysis_Report -  2   product_id              112650 non-null  object
[32m2025-12-13 13:24:09 +0800[0m - dagster - [34mINFO[0m - ELT_Pipeline_Job - c3c37648-61e9-4e6c-9822-2a0fea6543c3 - EDA_ML_Analysis_Report -  3   seller_id               112650 non-null  object
[32m2025-12-13 13:24:09 +0800[0m - dagster - [34mINFO[0m - ELT_Pipeline_Job - c3c37648-61e9-4e6c-9822-2a0fea6543c3 - EDA_ML_Analysis_Report -  4   customer_id             112650 non-null  object
[32m2025-12-13 13:24:09 +0800[0m - dagster - [34mINFO[0m - ELT_Pipeline_Job - c3c37648-61e9-4e6c-9822-2a0fea6543c3 - EDA_ML_Analysis_Report -  5   order_date_key          112650 non-null  dbdate
[32m2025-12-13 13:24:09 +0800[0m - dagster - [34mINFO[0m - ELT_Pipeline_Job - c3c37648-61e9-4e6c-9822-2a0fea6543c3 - EDA_ML_Analysis_Report -  6   price                   112650 non-null  object
[32m2025-12-13 13:24:09 +0800[0m - dagster - [34mINFO[0m - ELT_Pipeline_Job - c3c37648-61e9-4e6c-9822-2a0fea6543c3 - EDA_ML_Analysis_Report -  7   freight_value           112650 non-null  object
[32m2025-12-13 13:24:09 +0800[0m - dagster - [34mINFO[0m - ELT_Pipeline_Job - c3c37648-61e9-4e6c-9822-2a0fea6543c3 - EDA_ML_Analysis_Report -  8   gross_order_item_value  112650 non-null  object
[32m2025-12-13 13:24:09 +0800[0m - dagster - [34mINFO[0m - ELT_Pipeline_Job - c3c37648-61e9-4e6c-9822-2a0fea6543c3 - EDA_ML_Analysis_Report - dtypes: dbdate(1), object(8)
[32m2025-12-13 13:24:09 +0800[0m - dagster - [34mINFO[0m - ELT_Pipeline_Job - c3c37648-61e9-4e6c-9822-2a0fea6543c3 - EDA_ML_Analysis_Report - memory usage: 7.7+ MB
[32m2025-12-13 13:24:09 +0800[0m - dagster - [34mINFO[0m - ELT_Pipeline_Job - c3c37648-61e9-4e6c-9822-2a0fea6543c3 - EDA_ML_Analysis_Report
[32m2025-12-13 13:24:09 +0800[0m - dagster - [34mINFO[0m - ELT_Pipeline_Job - c3c37648-61e9-4e6c-9822-2a0fea6543c3 - EDA_ML_Analysis_Report - 🔍 Missing values in fact_orders:
[32m2025-12-13 13:24:09 +0800[0m - dagster - [34mINFO[0m - ELT_Pipeline_Job - c3c37648-61e9-4e6c-9822-2a0fea6543c3 - EDA_ML_Analysis_Report - order_id                  0
[32m2025-12-13 13:24:09 +0800[0m - dagster - [34mINFO[0m - ELT_Pipeline_Job - c3c37648-61e9-4e6c-9822-2a0fea6543c3 - EDA_ML_Analysis_Report - order_item_id             0
[32m2025-12-13 13:24:09 +0800[0m - dagster - [34mINFO[0m - ELT_Pipeline_Job - c3c37648-61e9-4e6c-9822-2a0fea6543c3 - EDA_ML_Analysis_Report - product_id                0
[32m2025-12-13 13:24:09 +0800[0m - dagster - [34mINFO[0m - ELT_Pipeline_Job - c3c37648-61e9-4e6c-9822-2a0fea6543c3 - EDA_ML_Analysis_Report - seller_id                 0
[32m2025-12-13 13:24:09 +0800[0m - dagster - [34mINFO[0m - ELT_Pipeline_Job - c3c37648-61e9-4e6c-9822-2a0fea6543c3 - EDA_ML_Analysis_Report - customer_id               0
[32m2025-12-13 13:24:09 +0800[0m - dagster - [34mINFO[0m - ELT_Pipeline_Job - c3c37648-61e9-4e6c-9822-2a0fea6543c3 - EDA_ML_Analysis_Report - order_date_key            0
[32m2025-12-13 13:24:09 +0800[0m - dagster - [34mINFO[0m - ELT_Pipeline_Job - c3c37648-61e9-4e6c-9822-2a0fea6543c3 - EDA_ML_Analysis_Report - price                     0
[32m2025-12-13 13:24:09 +0800[0m - dagster - [34mINFO[0m - ELT_Pipeline_Job - c3c37648-61e9-4e6c-9822-2a0fea6543c3 - EDA_ML_Analysis_Report - freight_value             0
[32m2025-12-13 13:24:09 +0800[0m - dagster - [34mINFO[0m - ELT_Pipeline_Job - c3c37648-61e9-4e6c-9822-2a0fea6543c3 - EDA_ML_Analysis_Report - gross_order_item_value    0
[32m2025-12-13 13:24:09 +0800[0m - dagster - [34mINFO[0m - ELT_Pipeline_Job - c3c37648-61e9-4e6c-9822-2a0fea6543c3 - EDA_ML_Analysis_Report - dtype: int64
[32m2025-12-13 13:24:09 +0800[0m - dagster - [34mINFO[0m - ELT_Pipeline_Job - c3c37648-61e9-4e6c-9822-2a0fea6543c3 - EDA_ML_Analysis_Report
[32m2025-12-13 13:24:09 +0800[0m - dagster - [34mINFO[0m - ELT_Pipeline_Job - c3c37648-61e9-4e6c-9822-2a0fea6543c3 - EDA_ML_Analysis_Report - 📊 Descriptive statistics (numeric columns):
[32m2025-12-13 13:24:09 +0800[0m - dagster - [34mINFO[0m - ELT_Pipeline_Job - c3c37648-61e9-4e6c-9822-2a0fea6543c3 - EDA_ML_Analysis_Report -                                 order_id order_item_id                        product_id                         seller_id                       customer_id order_date_key         price  \
[32m2025-12-13 13:24:09 +0800[0m - dagster - [34mINFO[0m - ELT_Pipeline_Job - c3c37648-61e9-4e6c-9822-2a0fea6543c3 - EDA_ML_Analysis_Report - count                             112650        112650                            112650                            112650                            112650         112650        112650   
[32m2025-12-13 13:24:09 +0800[0m - dagster - [34mINFO[0m - ELT_Pipeline_Job - c3c37648-61e9-4e6c-9822-2a0fea6543c3 - EDA_ML_Analysis_Report - unique                             98666            21                             32951                              3095                             98666            616          5968   
[32m2025-12-13 13:24:09 +0800[0m - dagster - [34mINFO[0m - ELT_Pipeline_Job - c3c37648-61e9-4e6c-9822-2a0fea6543c3 - EDA_ML_Analysis_Report - top     8272b63d03f5f79c56e9e4120aec44ef             1  aca2eb7d00ea1a7b8ebd4e68314663af  6560211a19b47992c3666cc44a7e94c0  fc3d1daec319d62d49bfb5e1f83123e9     2017-11-24  59.900000000   
[32m2025-12-13 13:24:09 +0800[0m - dagster - [34mINFO[0m - ELT_Pipeline_Job - c3c37648-61e9-4e6c-9822-2a0fea6543c3 - EDA_ML_Analysis_Report - freq                                  21         98666                               527                              2033                                21           1366          2481   
[32m2025-12-13 13:24:09 +0800[0m - dagster - [34mINFO[0m - ELT_Pipeline_Job - c3c37648-61e9-4e6c-9822-2a0fea6543c3 - EDA_ML_Analysis_Report
[32m2025-12-13 13:24:09 +0800[0m - dagster - [34mINFO[0m - ELT_Pipeline_Job - c3c37648-61e9-4e6c-9822-2a0fea6543c3 - EDA_ML_Analysis_Report -        freight_value gross_order_item_value  
[32m2025-12-13 13:24:09 +0800[0m - dagster - [34mINFO[0m - ELT_Pipeline_Job - c3c37648-61e9-4e6c-9822-2a0fea6543c3 - EDA_ML_Analysis_Report - count         112650                 112650  
[32m2025-12-13 13:24:09 +0800[0m - dagster - [34mINFO[0m - ELT_Pipeline_Job - c3c37648-61e9-4e6c-9822-2a0fea6543c3 - EDA_ML_Analysis_Report - unique          6999                  25547  
[32m2025-12-13 13:24:09 +0800[0m - dagster - [34mINFO[0m - ELT_Pipeline_Job - c3c37648-61e9-4e6c-9822-2a0fea6543c3 - EDA_ML_Analysis_Report - top     15.100000000           77.570000000  
[32m2025-12-13 13:24:09 +0800[0m - dagster - [34mINFO[0m - ELT_Pipeline_Job - c3c37648-61e9-4e6c-9822-2a0fea6543c3 - EDA_ML_Analysis_Report - freq            3707                    437  
[32m2025-12-13 13:24:09 +0800[0m - dagster - [34mINFO[0m - ELT_Pipeline_Job - c3c37648-61e9-4e6c-9822-2a0fea6543c3 - EDA_ML_Analysis_Report
[32m2025-12-13 13:24:09 +0800[0m - dagster - [34mINFO[0m - ELT_Pipeline_Job - c3c37648-61e9-4e6c-9822-2a0fea6543c3 - EDA_ML_Analysis_Report - ⏱ Purchase timestamp range:
[32m2025-12-13 13:24:09 +0800[0m - dagster - [34mINFO[0m - ELT_Pipeline_Job - c3c37648-61e9-4e6c-9822-2a0fea6543c3 - EDA_ML_Analysis_Report - 2016-09-04 00:00:00 → 2018-09-03 00:00:00
[32m2025-12-13 13:24:09 +0800[0m - dagster - [34mINFO[0m - ELT_Pipeline_Job - c3c37648-61e9-4e6c-9822-2a0fea6543c3 - EDA_ML_Analysis_Report - RFM shape: (98666, 3)
[32m2025-12-13 13:24:09 +0800[0m - dagster - [34mINFO[0m - ELT_Pipeline_Job - c3c37648-61e9-4e6c-9822-2a0fea6543c3 - EDA_ML_Analysis_Report -             Recency  Frequency      Monetary
[32m2025-12-13 13:24:09 +0800[0m - dagster - [34mINFO[0m - ELT_Pipeline_Job - c3c37648-61e9-4e6c-9822-2a0fea6543c3 - EDA_ML_Analysis_Report - count  98666.000000    98666.0  98666.000000
[32m2025-12-13 13:24:09 +0800[0m - dagster - [34mINFO[0m - ELT_Pipeline_Job - c3c37648-61e9-4e6c-9822-2a0fea6543c3 - EDA_ML_Analysis_Report - mean     246.716062        1.0    160.577638
[32m2025-12-13 13:24:09 +0800[0m - dagster - [34mINFO[0m - ELT_Pipeline_Job - c3c37648-61e9-4e6c-9822-2a0fea6543c3 - EDA_ML_Analysis_Report - std      153.392938        0.0    220.466087
[32m2025-12-13 13:24:10 +0800[0m - dagster - [34mINFO[0m - ELT_Pipeline_Job - c3c37648-61e9-4e6c-9822-2a0fea6543c3 - EDA_ML_Analysis_Report - min        1.000000        1.0      9.590000
[32m2025-12-13 13:24:10 +0800[0m - dagster - [34mINFO[0m - ELT_Pipeline_Job - c3c37648-61e9-4e6c-9822-2a0fea6543c3 - EDA_ML_Analysis_Report - 25%      123.000000        1.0     61.980000
[32m2025-12-13 13:24:10 +0800[0m - dagster - [34mINFO[0m - ELT_Pipeline_Job - c3c37648-61e9-4e6c-9822-2a0fea6543c3 - EDA_ML_Analysis_Report - 50%      228.000000        1.0    105.290000
[32m2025-12-13 13:24:10 +0800[0m - dagster - [34mINFO[0m - ELT_Pipeline_Job - c3c37648-61e9-4e6c-9822-2a0fea6543c3 - EDA_ML_Analysis_Report - 75%      357.000000        1.0    176.870000
[32m2025-12-13 13:24:10 +0800[0m - dagster - [34mINFO[0m - ELT_Pipeline_Job - c3c37648-61e9-4e6c-9822-2a0fea6543c3 - EDA_ML_Analysis_Report - max      730.000000        1.0  13664.080000
[32m2025-12-13 13:24:10 +0800[0m - dagster - [34mINFO[0m - ELT_Pipeline_Job - c3c37648-61e9-4e6c-9822-2a0fea6543c3 - EDA_ML_Analysis_Report - <class 'pandas.core.frame.DataFrame'>
[32m2025-12-13 13:24:10 +0800[0m - dagster - [34mINFO[0m - ELT_Pipeline_Job - c3c37648-61e9-4e6c-9822-2a0fea6543c3 - EDA_ML_Analysis_Report - RangeIndex: 99441 entries, 0 to 99440
[32m2025-12-13 13:24:10 +0800[0m - dagster - [34mINFO[0m - ELT_Pipeline_Job - c3c37648-61e9-4e6c-9822-2a0fea6543c3 - EDA_ML_Analysis_Report - Data columns (total 5 columns):
[32m2025-12-13 13:24:10 +0800[0m - dagster - [34mINFO[0m - ELT_Pipeline_Job - c3c37648-61e9-4e6c-9822-2a0fea6543c3 - EDA_ML_Analysis_Report -  #   Column                    Non-Null Count  Dtype  
[32m2025-12-13 13:24:10 +0800[0m - dagster - [34mINFO[0m - ELT_Pipeline_Job - c3c37648-61e9-4e6c-9822-2a0fea6543c3 - EDA_ML_Analysis_Report - ---  ------                    --------------  -----  
[32m2025-12-13 13:24:10 +0800[0m - dagster - [34mINFO[0m - ELT_Pipeline_Job - c3c37648-61e9-4e6c-9822-2a0fea6543c3 - EDA_ML_Analysis_Report -  0   customer_id               99441 non-null  object 
[32m2025-12-13 13:24:10 +0800[0m - dagster - [34mINFO[0m - ELT_Pipeline_Job - c3c37648-61e9-4e6c-9822-2a0fea6543c3 - EDA_ML_Analysis_Report -  1   customer_state            99441 non-null  object 
[32m2025-12-13 13:24:10 +0800[0m - dagster - [34mINFO[0m - ELT_Pipeline_Job - c3c37648-61e9-4e6c-9822-2a0fea6543c3 - EDA_ML_Analysis_Report -  2   customer_zip_code_prefix  99441 non-null  object 
[32m2025-12-13 13:24:10 +0800[0m - dagster - [34mINFO[0m - ELT_Pipeline_Job - c3c37648-61e9-4e6c-9822-2a0fea6543c3 - EDA_ML_Analysis_Report -  3   total_revenue             98666 non-null  float64
[32m2025-12-13 13:24:10 +0800[0m - dagster - [34mINFO[0m - ELT_Pipeline_Job - c3c37648-61e9-4e6c-9822-2a0fea6543c3 - EDA_ML_Analysis_Report -  4   total_freight             98666 non-null  float64
[32m2025-12-13 13:24:10 +0800[0m - dagster - [34mINFO[0m - ELT_Pipeline_Job - c3c37648-61e9-4e6c-9822-2a0fea6543c3 - EDA_ML_Analysis_Report - dtypes: float64(2), object(3)
[32m2025-12-13 13:24:10 +0800[0m - dagster - [34mINFO[0m - ELT_Pipeline_Job - c3c37648-61e9-4e6c-9822-2a0fea6543c3 - EDA_ML_Analysis_Report - memory usage: 3.8+ MB
[32m2025-12-13 13:24:10 +0800[0m - dagster - [34mINFO[0m - ELT_Pipeline_Job - c3c37648-61e9-4e6c-9822-2a0fea6543c3 - EDA_ML_Analysis_Report - <class 'pandas.core.frame.DataFrame'>
[32m2025-12-13 13:24:10 +0800[0m - dagster - [34mINFO[0m - ELT_Pipeline_Job - c3c37648-61e9-4e6c-9822-2a0fea6543c3 - EDA_ML_Analysis_Report - Index: 98666 entries, 0 to 99440
[32m2025-12-13 13:24:10 +0800[0m - dagster - [34mINFO[0m - ELT_Pipeline_Job - c3c37648-61e9-4e6c-9822-2a0fea6543c3 - EDA_ML_Analysis_Report - Data columns (total 5 columns):
[32m2025-12-13 13:24:10 +0800[0m - dagster - [34mINFO[0m - ELT_Pipeline_Job - c3c37648-61e9-4e6c-9822-2a0fea6543c3 - EDA_ML_Analysis_Report -  #   Column                    Non-Null Count  Dtype  
[32m2025-12-13 13:24:10 +0800[0m - dagster - [34mINFO[0m - ELT_Pipeline_Job - c3c37648-61e9-4e6c-9822-2a0fea6543c3 - EDA_ML_Analysis_Report - ---  ------                    --------------  -----  
[32m2025-12-13 13:24:10 +0800[0m - dagster - [34mINFO[0m - ELT_Pipeline_Job - c3c37648-61e9-4e6c-9822-2a0fea6543c3 - EDA_ML_Analysis_Report -  0   customer_id               98666 non-null  object 
[32m2025-12-13 13:24:10 +0800[0m - dagster - [34mINFO[0m - ELT_Pipeline_Job - c3c37648-61e9-4e6c-9822-2a0fea6543c3 - EDA_ML_Analysis_Report -  1   customer_state            98666 non-null  object 
[32m2025-12-13 13:24:10 +0800[0m - dagster - [34mINFO[0m - ELT_Pipeline_Job - c3c37648-61e9-4e6c-9822-2a0fea6543c3 - EDA_ML_Analysis_Report -  2   customer_zip_code_prefix  98666 non-null  object 
[32m2025-12-13 13:24:10 +0800[0m - dagster - [34mINFO[0m - ELT_Pipeline_Job - c3c37648-61e9-4e6c-9822-2a0fea6543c3 - EDA_ML_Analysis_Report -  3   total_revenue             98666 non-null  float64
[32m2025-12-13 13:24:10 +0800[0m - dagster - [34mINFO[0m - ELT_Pipeline_Job - c3c37648-61e9-4e6c-9822-2a0fea6543c3 - EDA_ML_Analysis_Report -  4   total_freight             98666 non-null  float64
[32m2025-12-13 13:24:10 +0800[0m - dagster - [34mINFO[0m - ELT_Pipeline_Job - c3c37648-61e9-4e6c-9822-2a0fea6543c3 - EDA_ML_Analysis_Report - dtypes: float64(2), object(3)
[32m2025-12-13 13:24:10 +0800[0m - dagster - [34mINFO[0m - ELT_Pipeline_Job - c3c37648-61e9-4e6c-9822-2a0fea6543c3 - EDA_ML_Analysis_Report - memory usage: 4.5+ MB
[32m2025-12-13 13:24:10 +0800[0m - dagster - [34mINFO[0m - ELT_Pipeline_Job - c3c37648-61e9-4e6c-9822-2a0fea6543c3 - EDA_ML_Analysis_Report - Training samples: 78932
[32m2025-12-13 13:24:10 +0800[0m - dagster - [34mINFO[0m - ELT_Pipeline_Job - c3c37648-61e9-4e6c-9822-2a0fea6543c3 - EDA_ML_Analysis_Report - Testing samples: 19734
[32m2025-12-13 13:24:10 +0800[0m - dagster - [34mINFO[0m - ELT_Pipeline_Job - c3c37648-61e9-4e6c-9822-2a0fea6543c3 - EDA_ML_Analysis_Report - Starting Linear Regression (Baseline) Training...
[32m2025-12-13 13:24:10 +0800[0m - dagster - [34mINFO[0m - ELT_Pipeline_Job - c3c37648-61e9-4e6c-9822-2a0fea6543c3 - EDA_ML_Analysis_Report - --- Linear Regression (Baseline) Performance ---
[32m2025-12-13 13:24:10 +0800[0m - dagster - [34mINFO[0m - ELT_Pipeline_Job - c3c37648-61e9-4e6c-9822-2a0fea6543c3 - EDA_ML_Analysis_Report - Root Mean Squared Error (RMSE): 20.49
[32m2025-12-13 13:24:10 +0800[0m - dagster - [34mINFO[0m - ELT_Pipeline_Job - c3c37648-61e9-4e6c-9822-2a0fea6543c3 - EDA_ML_Analysis_Report - Mean Absolute Error (MAE): 8.67
[32m2025-12-13 13:24:10 +0800[0m - dagster - [34mINFO[0m - ELT_Pipeline_Job - c3c37648-61e9-4e6c-9822-2a0fea6543c3 - EDA_ML_Analysis_Report - R-squared (R2): 0.2673
[32m2025-12-13 13:24:10 +0800[0m - dagster - [34mINFO[0m - ELT_Pipeline_Job - c3c37648-61e9-4e6c-9822-2a0fea6543c3 - EDA_ML_Analysis_Report - ----------------------------------------
[32m2025-12-13 13:24:10 +0800[0m - dagster - [34mINFO[0m - ELT_Pipeline_Job - c3c37648-61e9-4e6c-9822-2a0fea6543c3 - EDA_ML_Analysis_Report - Starting XGBoost Training...
[32m2025-12-13 13:24:10 +0800[0m - dagster - [34mINFO[0m - ELT_Pipeline_Job - c3c37648-61e9-4e6c-9822-2a0fea6543c3 - EDA_ML_Analysis_Report - --- XGBoost Regressor Performance ---
[32m2025-12-13 13:24:10 +0800[0m - dagster - [34mINFO[0m - ELT_Pipeline_Job - c3c37648-61e9-4e6c-9822-2a0fea6543c3 - EDA_ML_Analysis_Report - Root Mean Squared Error (RMSE): 20.73
[32m2025-12-13 13:24:10 +0800[0m - dagster - [34mINFO[0m - ELT_Pipeline_Job - c3c37648-61e9-4e6c-9822-2a0fea6543c3 - EDA_ML_Analysis_Report - Mean Absolute Error (MAE): 8.40
[32m2025-12-13 13:24:10 +0800[0m - dagster - [34mINFO[0m - ELT_Pipeline_Job - c3c37648-61e9-4e6c-9822-2a0fea6543c3 - EDA_ML_Analysis_Report - R-squared (R2): 0.2504
[32m2025-12-13 13:24:10 +0800[0m - dagster - [34mINFO[0m - ELT_Pipeline_Job - c3c37648-61e9-4e6c-9822-2a0fea6543c3 - EDA_ML_Analysis_Report - ----------------------------------------
[32m2025-12-13 13:24:10 +0800[0m - dagster - [34mINFO[0m - ELT_Pipeline_Job - c3c37648-61e9-4e6c-9822-2a0fea6543c3 - EDA_ML_Analysis_Report - ✅ [EDA] Report generated at /tmp/eda_report.html
[32m2025-12-13 13:24:10 +0800[0m - dagster - [34mDEBUG[0m - ELT_Pipeline_Job - c3c37648-61e9-4e6c-9822-2a0fea6543c3 - 7996 - EDA_ML_Analysis_Report - STEP_OUTPUT - Yielded output "result" of type "Any". (Type check passed).
[32m2025-12-13 13:24:10 +0800[0m - dagster - [34mDEBUG[0m - ELT_Pipeline_Job - c3c37648-61e9-4e6c-9822-2a0fea6543c3 - EDA_ML_Analysis_Report - Writing file at: /home/pingh/Brazilian-E-Commerce-Public-Dataset-by-Olist/.tmp_dagster_home_oiic84i1/storage/c3c37648-61e9-4e6c-9822-2a0fea6543c3/EDA_ML_Analysis_Report/result using PickledObjectFilesystemIOManager...
[32m2025-12-13 13:24:10 +0800[0m - dagster - [34mDEBUG[0m - ELT_Pipeline_Job - c3c37648-61e9-4e6c-9822-2a0fea6543c3 - 7996 - EDA_ML_Analysis_Report - HANDLED_OUTPUT - Handled output "result" using IO manager "io_manager"
[32m2025-12-13 13:24:10 +0800[0m - dagster - [34mDEBUG[0m - ELT_Pipeline_Job - c3c37648-61e9-4e6c-9822-2a0fea6543c3 - 7996 - EDA_ML_Analysis_Report - STEP_SUCCESS - Finished execution of step "EDA_ML_Analysis_Report" in 1m55s.
