[32m2025-12-13 13:21:14 +0800[0m - dagster - [34mDEBUG[0m - ELT_Pipeline_Job - c3c37648-61e9-4e6c-9822-2a0fea6543c3 - 4957 - LOGS_CAPTURED - Started capturing logs in process (pid: 4957).
[32m2025-12-13 13:21:14 +0800[0m - dagster - [34mDEBUG[0m - ELT_Pipeline_Job - c3c37648-61e9-4e6c-9822-2a0fea6543c3 - 4957 - DBT_Transformation - STEP_START - Started execution of step "DBT_Transformation".
[32m2025-12-13 13:21:14 +0800[0m - dagster - [34mINFO[0m - ELT_Pipeline_Job - c3c37648-61e9-4e6c-9822-2a0fea6543c3 - DBT_Transformation - 🛠️ [dbt] Building Dim & Fact models...
[32m2025-12-13 13:21:28 +0800[0m - dagster - [34mINFO[0m - ELT_Pipeline_Job - c3c37648-61e9-4e6c-9822-2a0fea6543c3 - DBT_Transformation - [0m05:21:18  Running with dbt=1.9.6
[32m2025-12-13 13:21:28 +0800[0m - dagster - [34mINFO[0m - ELT_Pipeline_Job - c3c37648-61e9-4e6c-9822-2a0fea6543c3 - DBT_Transformation - [0m05:21:20  Registered adapter: bigquery=1.9.1
[32m2025-12-13 13:21:28 +0800[0m - dagster - [34mINFO[0m - ELT_Pipeline_Job - c3c37648-61e9-4e6c-9822-2a0fea6543c3 - DBT_Transformation - [0m05:21:20  [[33mWARNING[0m]: Configuration paths exist in your dbt_project.yml file which do not apply to any resources.
[32m2025-12-13 13:21:29 +0800[0m - dagster - [34mINFO[0m - ELT_Pipeline_Job - c3c37648-61e9-4e6c-9822-2a0fea6543c3 - DBT_Transformation - There are 3 unused configuration paths:
[32m2025-12-13 13:21:29 +0800[0m - dagster - [34mINFO[0m - ELT_Pipeline_Job - c3c37648-61e9-4e6c-9822-2a0fea6543c3 - DBT_Transformation - - models.dbt_edits_star_db.staging
[32m2025-12-13 13:21:29 +0800[0m - dagster - [34mINFO[0m - ELT_Pipeline_Job - c3c37648-61e9-4e6c-9822-2a0fea6543c3 - DBT_Transformation - - models.dbt_edits_star_db.marts.dim
[32m2025-12-13 13:21:29 +0800[0m - dagster - [34mINFO[0m - ELT_Pipeline_Job - c3c37648-61e9-4e6c-9822-2a0fea6543c3 - DBT_Transformation - - models.dbt_edits_star_db.marts.fact
[32m2025-12-13 13:21:29 +0800[0m - dagster - [34mINFO[0m - ELT_Pipeline_Job - c3c37648-61e9-4e6c-9822-2a0fea6543c3 - DBT_Transformation - [0m05:21:21  Found 12 models, 11 data tests, 9 sources, 492 macros
[32m2025-12-13 13:21:29 +0800[0m - dagster - [34mINFO[0m - ELT_Pipeline_Job - c3c37648-61e9-4e6c-9822-2a0fea6543c3 - DBT_Transformation - [0m05:21:21  
[32m2025-12-13 13:21:29 +0800[0m - dagster - [34mINFO[0m - ELT_Pipeline_Job - c3c37648-61e9-4e6c-9822-2a0fea6543c3 - DBT_Transformation - [0m05:21:21  Concurrency: 4 threads (target='dev')
[32m2025-12-13 13:21:29 +0800[0m - dagster - [34mINFO[0m - ELT_Pipeline_Job - c3c37648-61e9-4e6c-9822-2a0fea6543c3 - DBT_Transformation - [0m05:21:21  
[32m2025-12-13 13:21:29 +0800[0m - dagster - [34mINFO[0m - ELT_Pipeline_Job - c3c37648-61e9-4e6c-9822-2a0fea6543c3 - DBT_Transformation - [0m05:21:22  1 of 1 START sql table model ecommerce.fact_db_order_items ..................... [RUN]
[32m2025-12-13 13:21:29 +0800[0m - dagster - [34mINFO[0m - ELT_Pipeline_Job - c3c37648-61e9-4e6c-9822-2a0fea6543c3 - DBT_Transformation - [0m05:21:26  1 of 1 OK created sql table model ecommerce.fact_db_order_items ................ [[32mCREATE TABLE (112.7k rows, 21.2 MiB processed)[0m in 4.20s]
[32m2025-12-13 13:21:29 +0800[0m - dagster - [34mINFO[0m - ELT_Pipeline_Job - c3c37648-61e9-4e6c-9822-2a0fea6543c3 - DBT_Transformation - [0m05:21:26  
[32m2025-12-13 13:21:29 +0800[0m - dagster - [34mINFO[0m - ELT_Pipeline_Job - c3c37648-61e9-4e6c-9822-2a0fea6543c3 - DBT_Transformation - [0m05:21:26  Finished running 1 table model in 0 hours 0 minutes and 5.27 seconds (5.27s).
[32m2025-12-13 13:21:29 +0800[0m - dagster - [34mINFO[0m - ELT_Pipeline_Job - c3c37648-61e9-4e6c-9822-2a0fea6543c3 - DBT_Transformation - [0m05:21:26  
[32m2025-12-13 13:21:29 +0800[0m - dagster - [34mINFO[0m - ELT_Pipeline_Job - c3c37648-61e9-4e6c-9822-2a0fea6543c3 - DBT_Transformation - [0m05:21:26  [32mCompleted successfully[0m
[32m2025-12-13 13:21:29 +0800[0m - dagster - [34mINFO[0m - ELT_Pipeline_Job - c3c37648-61e9-4e6c-9822-2a0fea6543c3 - DBT_Transformation - [0m05:21:26  
[32m2025-12-13 13:21:29 +0800[0m - dagster - [34mINFO[0m - ELT_Pipeline_Job - c3c37648-61e9-4e6c-9822-2a0fea6543c3 - DBT_Transformation - [0m05:21:26  Done. PASS=1 WARN=0 ERROR=0 SKIP=0 TOTAL=1
[32m2025-12-13 13:21:29 +0800[0m - dagster - [34mINFO[0m - ELT_Pipeline_Job - c3c37648-61e9-4e6c-9822-2a0fea6543c3 - DBT_Transformation - ▶ Running dbt fact models: path:marts/fact ...
[32m2025-12-13 13:21:29 +0800[0m - dagster - [34mINFO[0m - ELT_Pipeline_Job - c3c37648-61e9-4e6c-9822-2a0fea6543c3 - DBT_Transformation - ✅ dbt run (fact) completed successfully.
[32m2025-12-13 13:21:44 +0800[0m - dagster - [34mINFO[0m - ELT_Pipeline_Job - c3c37648-61e9-4e6c-9822-2a0fea6543c3 - DBT_Transformation - [0m05:21:33  Running with dbt=1.9.6
[32m2025-12-13 13:21:44 +0800[0m - dagster - [34mINFO[0m - ELT_Pipeline_Job - c3c37648-61e9-4e6c-9822-2a0fea6543c3 - DBT_Transformation - [0m05:21:35  Registered adapter: bigquery=1.9.1
[32m2025-12-13 13:21:44 +0800[0m - dagster - [34mINFO[0m - ELT_Pipeline_Job - c3c37648-61e9-4e6c-9822-2a0fea6543c3 - DBT_Transformation - [0m05:21:36  [[33mWARNING[0m]: Configuration paths exist in your dbt_project.yml file which do not apply to any resources.
[32m2025-12-13 13:21:44 +0800[0m - dagster - [34mINFO[0m - ELT_Pipeline_Job - c3c37648-61e9-4e6c-9822-2a0fea6543c3 - DBT_Transformation - There are 3 unused configuration paths:
[32m2025-12-13 13:21:44 +0800[0m - dagster - [34mINFO[0m - ELT_Pipeline_Job - c3c37648-61e9-4e6c-9822-2a0fea6543c3 - DBT_Transformation - - models.dbt_edits_star_db.marts.dim
[32m2025-12-13 13:21:44 +0800[0m - dagster - [34mINFO[0m - ELT_Pipeline_Job - c3c37648-61e9-4e6c-9822-2a0fea6543c3 - DBT_Transformation - - models.dbt_edits_star_db.marts.fact
[32m2025-12-13 13:21:44 +0800[0m - dagster - [34mINFO[0m - ELT_Pipeline_Job - c3c37648-61e9-4e6c-9822-2a0fea6543c3 - DBT_Transformation - - models.dbt_edits_star_db.staging
[32m2025-12-13 13:21:44 +0800[0m - dagster - [34mINFO[0m - ELT_Pipeline_Job - c3c37648-61e9-4e6c-9822-2a0fea6543c3 - DBT_Transformation - [0m05:21:36  Found 12 models, 11 data tests, 9 sources, 492 macros
[32m2025-12-13 13:21:44 +0800[0m - dagster - [34mINFO[0m - ELT_Pipeline_Job - c3c37648-61e9-4e6c-9822-2a0fea6543c3 - DBT_Transformation - [0m05:21:36  
[32m2025-12-13 13:21:44 +0800[0m - dagster - [34mINFO[0m - ELT_Pipeline_Job - c3c37648-61e9-4e6c-9822-2a0fea6543c3 - DBT_Transformation - [0m05:21:36  Concurrency: 4 threads (target='dev')
[32m2025-12-13 13:21:44 +0800[0m - dagster - [34mINFO[0m - ELT_Pipeline_Job - c3c37648-61e9-4e6c-9822-2a0fea6543c3 - DBT_Transformation - [0m05:21:36  
[32m2025-12-13 13:21:44 +0800[0m - dagster - [34mINFO[0m - ELT_Pipeline_Job - c3c37648-61e9-4e6c-9822-2a0fea6543c3 - DBT_Transformation - [0m05:21:37  1 of 4 START sql table model ecommerce.dim_db_customers ........................ [RUN]
[32m2025-12-13 13:21:44 +0800[0m - dagster - [34mINFO[0m - ELT_Pipeline_Job - c3c37648-61e9-4e6c-9822-2a0fea6543c3 - DBT_Transformation - [0m05:21:37  2 of 4 START sql table model ecommerce.dim_db_dates ............................ [RUN]
[32m2025-12-13 13:21:44 +0800[0m - dagster - [34mINFO[0m - ELT_Pipeline_Job - c3c37648-61e9-4e6c-9822-2a0fea6543c3 - DBT_Transformation - [0m05:21:37  3 of 4 START sql table model ecommerce.dim_db_products ......................... [RUN]
[32m2025-12-13 13:21:44 +0800[0m - dagster - [34mINFO[0m - ELT_Pipeline_Job - c3c37648-61e9-4e6c-9822-2a0fea6543c3 - DBT_Transformation - [0m05:21:37  4 of 4 START sql table model ecommerce.dim_db_sellers .......................... [RUN]
[32m2025-12-13 13:21:44 +0800[0m - dagster - [34mINFO[0m - ELT_Pipeline_Job - c3c37648-61e9-4e6c-9822-2a0fea6543c3 - DBT_Transformation - [0m05:21:40  4 of 4 OK created sql table model ecommerce.dim_db_sellers ..................... [[32mCREATE TABLE (3.1k rows, 171.8 KiB processed)[0m in 3.47s]
[32m2025-12-13 13:21:44 +0800[0m - dagster - [34mINFO[0m - ELT_Pipeline_Job - c3c37648-61e9-4e6c-9822-2a0fea6543c3 - DBT_Transformation - [0m05:21:40  2 of 4 OK created sql table model ecommerce.dim_db_dates ....................... [[32mCREATE TABLE (634.0 rows, 2.0 MiB processed)[0m in 3.48s]
[32m2025-12-13 13:21:44 +0800[0m - dagster - [34mINFO[0m - ELT_Pipeline_Job - c3c37648-61e9-4e6c-9822-2a0fea6543c3 - DBT_Transformation - [0m05:21:40  3 of 4 OK created sql table model ecommerce.dim_db_products .................... [[32mCREATE TABLE (33.0k rows, 2.4 MiB processed)[0m in 3.48s]
[32m2025-12-13 13:21:44 +0800[0m - dagster - [34mINFO[0m - ELT_Pipeline_Job - c3c37648-61e9-4e6c-9822-2a0fea6543c3 - DBT_Transformation - [0m05:21:41  1 of 4 OK created sql table model ecommerce.dim_db_customers ................... [[32mCREATE TABLE (99.4k rows, 8.6 MiB processed)[0m in 3.84s]
[32m2025-12-13 13:21:44 +0800[0m - dagster - [34mINFO[0m - ELT_Pipeline_Job - c3c37648-61e9-4e6c-9822-2a0fea6543c3 - DBT_Transformation - [0m05:21:41  
[32m2025-12-13 13:21:44 +0800[0m - dagster - [34mINFO[0m - ELT_Pipeline_Job - c3c37648-61e9-4e6c-9822-2a0fea6543c3 - DBT_Transformation - [0m05:21:41  Finished running 4 table models in 0 hours 0 minutes and 4.70 seconds (4.70s).
[32m2025-12-13 13:21:44 +0800[0m - dagster - [34mINFO[0m - ELT_Pipeline_Job - c3c37648-61e9-4e6c-9822-2a0fea6543c3 - DBT_Transformation - [0m05:21:41  
[32m2025-12-13 13:21:44 +0800[0m - dagster - [34mINFO[0m - ELT_Pipeline_Job - c3c37648-61e9-4e6c-9822-2a0fea6543c3 - DBT_Transformation - [0m05:21:41  [32mCompleted successfully[0m
[32m2025-12-13 13:21:44 +0800[0m - dagster - [34mINFO[0m - ELT_Pipeline_Job - c3c37648-61e9-4e6c-9822-2a0fea6543c3 - DBT_Transformation - [0m05:21:41  
[32m2025-12-13 13:21:44 +0800[0m - dagster - [34mINFO[0m - ELT_Pipeline_Job - c3c37648-61e9-4e6c-9822-2a0fea6543c3 - DBT_Transformation - [0m05:21:41  Done. PASS=4 WARN=0 ERROR=0 SKIP=0 TOTAL=4
[32m2025-12-13 13:21:44 +0800[0m - dagster - [34mINFO[0m - ELT_Pipeline_Job - c3c37648-61e9-4e6c-9822-2a0fea6543c3 - DBT_Transformation - ▶ Running dbt dimension models: path:marts/dim ...
[32m2025-12-13 13:21:44 +0800[0m - dagster - [34mINFO[0m - ELT_Pipeline_Job - c3c37648-61e9-4e6c-9822-2a0fea6543c3 - DBT_Transformation - ✅ dbt run (dim) completed successfully.
[32m2025-12-13 13:21:44 +0800[0m - dagster - [34mINFO[0m - ELT_Pipeline_Job - c3c37648-61e9-4e6c-9822-2a0fea6543c3 - DBT_Transformation - ✅ [dbt] Dim & Fact models built successfully.
[32m2025-12-13 13:21:44 +0800[0m - dagster - [34mDEBUG[0m - ELT_Pipeline_Job - c3c37648-61e9-4e6c-9822-2a0fea6543c3 - 4957 - DBT_Transformation - STEP_OUTPUT - Yielded output "result" of type "String". (Type check passed).
[32m2025-12-13 13:21:44 +0800[0m - dagster - [34mDEBUG[0m - ELT_Pipeline_Job - c3c37648-61e9-4e6c-9822-2a0fea6543c3 - DBT_Transformation - Writing file at: /home/pingh/Brazilian-E-Commerce-Public-Dataset-by-Olist/.tmp_dagster_home_oiic84i1/storage/c3c37648-61e9-4e6c-9822-2a0fea6543c3/DBT_Transformation/result using PickledObjectFilesystemIOManager...
[32m2025-12-13 13:21:44 +0800[0m - dagster - [34mDEBUG[0m - ELT_Pipeline_Job - c3c37648-61e9-4e6c-9822-2a0fea6543c3 - 4957 - DBT_Transformation - HANDLED_OUTPUT - Handled output "result" using IO manager "io_manager"
[32m2025-12-13 13:21:44 +0800[0m - dagster - [34mDEBUG[0m - ELT_Pipeline_Job - c3c37648-61e9-4e6c-9822-2a0fea6543c3 - 4957 - DBT_Transformation - STEP_SUCCESS - Finished execution of step "DBT_Transformation" in 29.59s.
