[0m16:47:51.410508 [debug] [MainThread]: Sending event: {'category': 'dbt', 'action': 'invocation', 'label': 'start', 'context': [<snowplow_tracker.self_describing_json.SelfDescribingJson object at 0x70495b528760>, <snowplow_tracker.self_describing_json.SelfDescribingJson object at 0x70495a69d870>, <snowplow_tracker.self_describing_json.SelfDescribingJson object at 0x70495a69d810>]}


============================== 16:47:51.414306 | 1dc50780-6ffc-46e2-9e5c-ca413b1ecc6d ==============================
[0m16:47:51.414306 [info ] [MainThread]: Running with dbt=1.9.6
[0m16:47:51.414879 [debug] [MainThread]: running dbt with arguments {'invocation_command': 'dbt run --select stg_db_* fact_db_order_items', 'profiles_dir': '/home/pingh/.dbt', 'warn_error_options': 'WarnErrorOptions(include=[], exclude=[])', 'printer_width': '80', 'target_path': 'None', 'empty': 'False', 'write_json': 'True', 'indirect_selection': 'eager', 'quiet': 'False', 'introspect': 'True', 'cache_selected_only': 'False', 'no_print': 'None', 'version_check': 'True', 'log_cache_events': 'False', 'partial_parse': 'True', 'warn_error': 'None', 'static_parser': 'True', 'send_anonymous_usage_stats': 'True', 'log_path': 'logs', 'debug': 'False', 'use_experimental_parser': 'False', 'use_colors': 'True', 'log_format': 'default', 'fail_fast': 'False'}
[0m16:47:51.415368 [error] [MainThread]: Encountered an error:
Runtime Error
  No dbt_project.yml found at expected path /home/pingh/Brazilian-E-Commerce-Public-Dataset-by-Olist/dbt_project.yml
  Verify that each entry within packages.yml (and their transitive dependencies) contains a file named dbt_project.yml
  
[0m16:47:51.416738 [debug] [MainThread]: Resource report: {"command_name": "run", "command_success": false, "command_wall_clock_time": 0.08217973, "process_in_blocks": "66760", "process_kernel_time": 0.277163, "process_mem_max_rss": "116468", "process_out_blocks": "8", "process_user_time": 2.554727}
[0m16:47:51.417312 [debug] [MainThread]: Command `dbt run` failed at 16:47:51.417189 after 0.08 seconds
[0m16:47:51.417690 [debug] [MainThread]: Sending event: {'category': 'dbt', 'action': 'invocation', 'label': 'end', 'context': [<snowplow_tracker.self_describing_json.SelfDescribingJson object at 0x70495b528760>, <snowplow_tracker.self_describing_json.SelfDescribingJson object at 0x70495a69df90>, <snowplow_tracker.self_describing_json.SelfDescribingJson object at 0x70495a69d870>]}
[0m16:47:51.418090 [debug] [MainThread]: Flushing usage events
[0m16:47:52.497864 [debug] [MainThread]: An error was encountered while trying to flush usage events
[0m17:23:51.827989 [debug] [MainThread]: Sending event: {'category': 'dbt', 'action': 'invocation', 'label': 'start', 'context': [<snowplow_tracker.self_describing_json.SelfDescribingJson object at 0x706756283f40>, <snowplow_tracker.self_describing_json.SelfDescribingJson object at 0x7067551c4fd0>, <snowplow_tracker.self_describing_json.SelfDescribingJson object at 0x7067551c4f70>]}


============================== 17:23:51.832491 | e7d7b8b4-d2bd-4645-9536-80ff8590ee26 ==============================
[0m17:23:51.832491 [info ] [MainThread]: Running with dbt=1.9.6
[0m17:23:51.833140 [debug] [MainThread]: running dbt with arguments {'warn_error': 'None', 'write_json': 'True', 'printer_width': '80', 'indirect_selection': 'eager', 'static_parser': 'True', 'send_anonymous_usage_stats': 'True', 'fail_fast': 'False', 'target_path': 'None', 'no_print': 'None', 'log_path': 'logs', 'use_colors': 'True', 'partial_parse': 'True', 'empty': 'None', 'warn_error_options': 'WarnErrorOptions(include=[], exclude=[])', 'log_format': 'default', 'log_cache_events': 'False', 'quiet': 'False', 'introspect': 'True', 'profiles_dir': '/home/pingh/.dbt', 'use_experimental_parser': 'False', 'invocation_command': 'dbt debug', 'version_check': 'True', 'debug': 'False', 'cache_selected_only': 'False'}
[0m17:23:51.849454 [info ] [MainThread]: dbt version: 1.9.6
[0m17:23:51.850098 [info ] [MainThread]: python version: 3.10.18
[0m17:23:51.850621 [info ] [MainThread]: python path: /home/pingh/miniconda3/envs/eltn/bin/python3.10
[0m17:23:51.851088 [info ] [MainThread]: os info: Linux-6.6.87.2-microsoft-standard-WSL2-x86_64-with-glibc2.39
[0m17:23:53.925658 [info ] [MainThread]: Using profiles dir at /home/pingh/.dbt
[0m17:23:53.926281 [info ] [MainThread]: Using profiles.yml file at /home/pingh/.dbt/profiles.yml
[0m17:23:53.926737 [info ] [MainThread]: Using dbt_project.yml file at /home/pingh/Brazilian-E-Commerce-Public-Dataset-by-Olist/dbt_project.yml
[0m17:23:53.927089 [info ] [MainThread]: adapter type: bigquery
[0m17:23:53.927468 [info ] [MainThread]: adapter version: 1.9.1
[0m17:23:53.927839 [info ] [MainThread]: Configuration:
[0m17:23:53.928158 [info ] [MainThread]:   profiles.yml file [[32mOK found and valid[0m]
[0m17:23:53.928492 [info ] [MainThread]:   dbt_project.yml file [[31mERROR not found[0m]
[0m17:23:53.928804 [info ] [MainThread]: Required dependencies:
[0m17:23:53.929139 [debug] [MainThread]: Executing "git --help"
[0m17:23:53.932499 [debug] [MainThread]: STDOUT: "b"usage: git [-v | --version] [-h | --help] [-C <path>] [-c <name>=<value>]\n           [--exec-path[=<path>]] [--html-path] [--man-path] [--info-path]\n           [-p | --paginate | -P | --no-pager] [--no-replace-objects] [--bare]\n           [--git-dir=<path>] [--work-tree=<path>] [--namespace=<name>]\n           [--config-env=<name>=<envvar>] <command> [<args>]\n\nThese are common Git commands used in various situations:\n\nstart a working area (see also: git help tutorial)\n   clone     Clone a repository into a new directory\n   init      Create an empty Git repository or reinitialize an existing one\n\nwork on the current change (see also: git help everyday)\n   add       Add file contents to the index\n   mv        Move or rename a file, a directory, or a symlink\n   restore   Restore working tree files\n   rm        Remove files from the working tree and from the index\n\nexamine the history and state (see also: git help revisions)\n   bisect    Use binary search to find the commit that introduced a bug\n   diff      Show changes between commits, commit and working tree, etc\n   grep      Print lines matching a pattern\n   log       Show commit logs\n   show      Show various types of objects\n   status    Show the working tree status\n\ngrow, mark and tweak your common history\n   branch    List, create, or delete branches\n   commit    Record changes to the repository\n   merge     Join two or more development histories together\n   rebase    Reapply commits on top of another base tip\n   reset     Reset current HEAD to the specified state\n   switch    Switch branches\n   tag       Create, list, delete or verify a tag object signed with GPG\n\ncollaborate (see also: git help workflows)\n   fetch     Download objects and refs from another repository\n   pull      Fetch from and integrate with another repository or a local branch\n   push      Update remote refs along with associated objects\n\n'git help -a' and 'git help -g' list available subcommands and some\nconcept guides. See 'git help <command>' or 'git help <concept>'\nto read about a specific subcommand or concept.\nSee 'git help git' for an overview of the system.\n""
[0m17:23:53.932999 [debug] [MainThread]: STDERR: "b''"
[0m17:23:53.933329 [info ] [MainThread]:  - git [[32mOK found[0m]

[0m17:23:53.933715 [info ] [MainThread]: Connection:
[0m17:23:53.934113 [info ] [MainThread]:   method: service-account
[0m17:23:53.934543 [info ] [MainThread]:   database: durable-ripsaw-477914-g0
[0m17:23:53.935087 [info ] [MainThread]:   execution_project: durable-ripsaw-477914-g0
[0m17:23:53.935617 [info ] [MainThread]:   schema: resale
[0m17:23:53.936157 [info ] [MainThread]:   location: US
[0m17:23:53.936721 [info ] [MainThread]:   priority: interactive
[0m17:23:53.937234 [info ] [MainThread]:   maximum_bytes_billed: None
[0m17:23:53.937739 [info ] [MainThread]:   impersonate_service_account: None
[0m17:23:53.938260 [info ] [MainThread]:   job_retry_deadline_seconds: None
[0m17:23:53.938879 [info ] [MainThread]:   job_retries: 1
[0m17:23:53.939395 [info ] [MainThread]:   job_creation_timeout_seconds: None
[0m17:23:53.939939 [info ] [MainThread]:   job_execution_timeout_seconds: 300
[0m17:23:53.940434 [info ] [MainThread]:   timeout_seconds: 300
[0m17:23:53.940996 [info ] [MainThread]:   client_id: None
[0m17:23:53.941491 [info ] [MainThread]:   token_uri: None
[0m17:23:53.942000 [info ] [MainThread]:   dataproc_region: None
[0m17:23:53.942537 [info ] [MainThread]:   dataproc_cluster_name: None
[0m17:23:53.943065 [info ] [MainThread]:   gcs_bucket: None
[0m17:23:53.943586 [info ] [MainThread]:   dataproc_batch: None
[0m17:23:53.944390 [info ] [MainThread]: Registered adapter: bigquery=1.9.1
[0m17:23:54.138884 [debug] [MainThread]: Acquiring new bigquery connection 'debug'
[0m17:23:54.139425 [debug] [MainThread]: On debug: select 1 as id
[0m17:23:54.139817 [debug] [MainThread]: Opening a new connection, currently in state init
[0m17:23:54.140206 [debug] [MainThread]: BigQuery adapter: Got an error when attempting to create a bigquery " "client: '[Errno 2] No such file or directory: '/home/pingh/DataScienceCourseDS3Note/5m-data-2.6-data-pipelines-orchestration/durable-ripsaw-477914-g0-206ef3866e00.json''
[0m17:23:54.140560 [debug] [MainThread]: BigQuery adapter: Unhandled error while running:
select 1 as id
[0m17:23:54.140889 [debug] [MainThread]: BigQuery adapter: Database Error
  [Errno 2] No such file or directory: '/home/pingh/DataScienceCourseDS3Note/5m-data-2.6-data-pipelines-orchestration/durable-ripsaw-477914-g0-206ef3866e00.json'
[0m17:23:54.141198 [info ] [MainThread]:   Connection test: [[31mERROR[0m]

[0m17:23:54.141637 [info ] [MainThread]: [31m2 checks failed:[0m
[0m17:23:54.141965 [info ] [MainThread]: Project loading failed for the following reason:
 project path </home/pingh/Brazilian-E-Commerce-Public-Dataset-by-Olist/dbt_project.yml> not found

[0m17:23:54.142289 [info ] [MainThread]: dbt was unable to connect to the specified database.
The database returned the following error:

  >'NoneType' object has no attribute 'close'

Check your database credentials and try again. For more information, visit:
https://docs.getdbt.com/docs/configure-your-profile


[0m17:23:54.142881 [debug] [MainThread]: Resource report: {"command_name": "debug", "command_success": false, "command_wall_clock_time": 2.3838918, "process_in_blocks": "272152", "process_kernel_time": 0.762826, "process_mem_max_rss": "247612", "process_out_blocks": "24", "process_user_time": 5.808606}
[0m17:23:54.143717 [debug] [MainThread]: Command `dbt debug` failed at 17:23:54.143606 after 2.38 seconds
[0m17:23:54.144133 [debug] [MainThread]: Sending event: {'category': 'dbt', 'action': 'invocation', 'label': 'end', 'context': [<snowplow_tracker.self_describing_json.SelfDescribingJson object at 0x706756283f40>, <snowplow_tracker.self_describing_json.SelfDescribingJson object at 0x7066bab65540>, <snowplow_tracker.self_describing_json.SelfDescribingJson object at 0x7066bab65c90>]}
[0m17:23:54.144544 [debug] [MainThread]: Flushing usage events
[0m17:23:55.201025 [debug] [MainThread]: An error was encountered while trying to flush usage events
[0m17:23:58.496292 [debug] [MainThread]: Sending event: {'category': 'dbt', 'action': 'invocation', 'label': 'start', 'context': [<snowplow_tracker.self_describing_json.SelfDescribingJson object at 0x7bd73778dde0>, <snowplow_tracker.self_describing_json.SelfDescribingJson object at 0x7bd7369591e0>, <snowplow_tracker.self_describing_json.SelfDescribingJson object at 0x7bd73695b010>]}


============================== 17:23:58.499317 | fbc05c25-1f45-4761-a1f6-0b7ea2a07b88 ==============================
[0m17:23:58.499317 [info ] [MainThread]: Running with dbt=1.9.6
[0m17:23:58.499987 [debug] [MainThread]: running dbt with arguments {'cache_selected_only': 'False', 'invocation_command': 'dbt ls', 'target_path': 'None', 'partial_parse': 'True', 'static_parser': 'True', 'warn_error': 'None', 'version_check': 'True', 'send_anonymous_usage_stats': 'True', 'log_format': 'default', 'profiles_dir': '/home/pingh/.dbt', 'introspect': 'True', 'log_cache_events': 'False', 'empty': 'None', 'printer_width': '80', 'indirect_selection': 'eager', 'quiet': 'False', 'no_print': 'None', 'fail_fast': 'False', 'write_json': 'True', 'debug': 'False', 'use_experimental_parser': 'False', 'log_path': 'logs', 'use_colors': 'True', 'warn_error_options': 'WarnErrorOptions(include=[], exclude=[])'}
[0m17:23:58.500557 [error] [MainThread]: Encountered an error:
Runtime Error
  No dbt_project.yml found at expected path /home/pingh/Brazilian-E-Commerce-Public-Dataset-by-Olist/dbt_project.yml
  Verify that each entry within packages.yml (and their transitive dependencies) contains a file named dbt_project.yml
  
[0m17:23:58.501847 [debug] [MainThread]: Resource report: {"command_name": "list", "command_success": false, "command_wall_clock_time": 0.07598677, "process_in_blocks": "0", "process_kernel_time": 0.148249, "process_mem_max_rss": "116808", "process_out_blocks": "8", "process_user_time": 2.351955}
[0m17:23:58.502376 [debug] [MainThread]: Command `dbt ls` failed at 17:23:58.502255 after 0.08 seconds
[0m17:23:58.502812 [debug] [MainThread]: Sending event: {'category': 'dbt', 'action': 'invocation', 'label': 'end', 'context': [<snowplow_tracker.self_describing_json.SelfDescribingJson object at 0x7bd73778dde0>, <snowplow_tracker.self_describing_json.SelfDescribingJson object at 0x7bd736913430>, <snowplow_tracker.self_describing_json.SelfDescribingJson object at 0x7bd7369130d0>]}
[0m17:23:58.503246 [debug] [MainThread]: Flushing usage events
[0m17:23:59.508868 [debug] [MainThread]: An error was encountered while trying to flush usage events
[0m17:24:02.415307 [debug] [MainThread]: Sending event: {'category': 'dbt', 'action': 'invocation', 'label': 'start', 'context': [<snowplow_tracker.self_describing_json.SelfDescribingJson object at 0x7a5079521ae0>, <snowplow_tracker.self_describing_json.SelfDescribingJson object at 0x7a50786637c0>, <snowplow_tracker.self_describing_json.SelfDescribingJson object at 0x7a5078661b70>]}


============================== 17:24:02.418078 | d8dbc66f-2305-45a1-8d12-b4f7056c5078 ==============================
[0m17:24:02.418078 [info ] [MainThread]: Running with dbt=1.9.6
[0m17:24:02.418693 [debug] [MainThread]: running dbt with arguments {'debug': 'False', 'indirect_selection': 'eager', 'cache_selected_only': 'False', 'fail_fast': 'False', 'static_parser': 'True', 'log_path': 'logs', 'use_colors': 'True', 'version_check': 'True', 'printer_width': '80', 'profiles_dir': '/home/pingh/.dbt', 'warn_error_options': 'WarnErrorOptions(include=[], exclude=[])', 'introspect': 'True', 'target_path': 'None', 'log_format': 'default', 'warn_error': 'None', 'use_experimental_parser': 'False', 'quiet': 'False', 'log_cache_events': 'False', 'send_anonymous_usage_stats': 'True', 'no_print': 'None', 'invocation_command': 'dbt run --select dim_db_*', 'empty': 'False', 'write_json': 'True', 'partial_parse': 'True'}
[0m17:24:02.419150 [error] [MainThread]: Encountered an error:
Runtime Error
  No dbt_project.yml found at expected path /home/pingh/Brazilian-E-Commerce-Public-Dataset-by-Olist/dbt_project.yml
  Verify that each entry within packages.yml (and their transitive dependencies) contains a file named dbt_project.yml
  
[0m17:24:02.420093 [debug] [MainThread]: Resource report: {"command_name": "run", "command_success": false, "command_wall_clock_time": 0.06952444, "process_in_blocks": "0", "process_kernel_time": 0.172193, "process_mem_max_rss": "116820", "process_out_blocks": "0", "process_user_time": 2.218492}
[0m17:24:02.420547 [debug] [MainThread]: Command `dbt run` failed at 17:24:02.420442 after 0.07 seconds
[0m17:24:02.421094 [debug] [MainThread]: Sending event: {'category': 'dbt', 'action': 'invocation', 'label': 'end', 'context': [<snowplow_tracker.self_describing_json.SelfDescribingJson object at 0x7a5079521ae0>, <snowplow_tracker.self_describing_json.SelfDescribingJson object at 0x7a5078660700>, <snowplow_tracker.self_describing_json.SelfDescribingJson object at 0x7a5078661b70>]}
[0m17:24:02.421595 [debug] [MainThread]: Flushing usage events
[0m17:24:03.428263 [debug] [MainThread]: An error was encountered while trying to flush usage events
[0m17:24:06.412705 [debug] [MainThread]: Sending event: {'category': 'dbt', 'action': 'invocation', 'label': 'start', 'context': [<snowplow_tracker.self_describing_json.SelfDescribingJson object at 0x79b6d00a1f90>, <snowplow_tracker.self_describing_json.SelfDescribingJson object at 0x79b6cf25f250>, <snowplow_tracker.self_describing_json.SelfDescribingJson object at 0x79b6cf25e6e0>]}


============================== 17:24:06.415994 | 62976ba7-1ef6-42bf-bd1a-bcd9278b3f81 ==============================
[0m17:24:06.415994 [info ] [MainThread]: Running with dbt=1.9.6
[0m17:24:06.416545 [debug] [MainThread]: running dbt with arguments {'fail_fast': 'False', 'no_print': 'None', 'static_parser': 'True', 'send_anonymous_usage_stats': 'True', 'warn_error': 'None', 'use_colors': 'True', 'invocation_command': 'dbt test --select dim_db_*', 'empty': 'None', 'introspect': 'True', 'target_path': 'None', 'log_format': 'default', 'printer_width': '80', 'use_experimental_parser': 'False', 'log_cache_events': 'False', 'debug': 'False', 'write_json': 'True', 'version_check': 'True', 'warn_error_options': 'WarnErrorOptions(include=[], exclude=[])', 'profiles_dir': '/home/pingh/.dbt', 'cache_selected_only': 'False', 'indirect_selection': 'eager', 'log_path': 'logs', 'quiet': 'False', 'partial_parse': 'True'}
[0m17:24:06.417059 [error] [MainThread]: Encountered an error:
Runtime Error
  No dbt_project.yml found at expected path /home/pingh/Brazilian-E-Commerce-Public-Dataset-by-Olist/dbt_project.yml
  Verify that each entry within packages.yml (and their transitive dependencies) contains a file named dbt_project.yml
  
[0m17:24:06.418171 [debug] [MainThread]: Resource report: {"command_name": "test", "command_success": false, "command_wall_clock_time": 0.07259006, "process_in_blocks": "0", "process_kernel_time": 0.135964, "process_mem_max_rss": "116576", "process_out_blocks": "0", "process_user_time": 2.303391}
[0m17:24:06.418683 [debug] [MainThread]: Command `dbt test` failed at 17:24:06.418585 after 0.07 seconds
[0m17:24:06.419071 [debug] [MainThread]: Sending event: {'category': 'dbt', 'action': 'invocation', 'label': 'end', 'context': [<snowplow_tracker.self_describing_json.SelfDescribingJson object at 0x79b6d00a1f90>, <snowplow_tracker.self_describing_json.SelfDescribingJson object at 0x79b6cf2120e0>, <snowplow_tracker.self_describing_json.SelfDescribingJson object at 0x79b6cf213c40>]}
[0m17:24:06.419480 [debug] [MainThread]: Flushing usage events
[0m17:24:07.445680 [debug] [MainThread]: An error was encountered while trying to flush usage events
[0m23:40:56.681184 [debug] [MainThread]: Sending event: {'category': 'dbt', 'action': 'invocation', 'label': 'start', 'context': [<snowplow_tracker.self_describing_json.SelfDescribingJson object at 0x796384f34af0>, <snowplow_tracker.self_describing_json.SelfDescribingJson object at 0x79638405db40>, <snowplow_tracker.self_describing_json.SelfDescribingJson object at 0x79638405dae0>]}


============================== 23:40:56.687017 | ae23b7c3-4f85-4fa7-8b05-be9aeb21e213 ==============================
[0m23:40:56.687017 [info ] [MainThread]: Running with dbt=1.9.6
[0m23:40:56.687824 [debug] [MainThread]: running dbt with arguments {'introspect': 'True', 'profiles_dir': '/home/pingh/.dbt', 'cache_selected_only': 'False', 'debug': 'False', 'version_check': 'True', 'invocation_command': 'dbt clean', 'warn_error_options': 'WarnErrorOptions(include=[], exclude=[])', 'quiet': 'False', 'static_parser': 'True', 'fail_fast': 'False', 'send_anonymous_usage_stats': 'True', 'use_colors': 'True', 'indirect_selection': 'eager', 'empty': 'None', 'no_print': 'None', 'partial_parse': 'True', 'warn_error': 'None', 'write_json': 'True', 'printer_width': '80', 'use_experimental_parser': 'False', 'log_cache_events': 'False', 'log_path': 'logs', 'log_format': 'default', 'target_path': 'None'}
[0m23:40:56.688758 [error] [MainThread]: Encountered an error:
Runtime Error
  No dbt_project.yml found at expected path /home/pingh/Brazilian-E-Commerce-Public-Dataset-by-Olist/dbt_project.yml
  Verify that each entry within packages.yml (and their transitive dependencies) contains a file named dbt_project.yml
  
[0m23:40:56.690971 [debug] [MainThread]: Resource report: {"command_name": "clean", "command_success": false, "command_wall_clock_time": 0.08913722, "process_in_blocks": "67808", "process_kernel_time": 0.32908, "process_mem_max_rss": "116612", "process_out_blocks": "16", "process_user_time": 2.872341}
[0m23:40:56.691939 [debug] [MainThread]: Command `dbt clean` failed at 23:40:56.691808 after 0.09 seconds
[0m23:40:56.692436 [debug] [MainThread]: Sending event: {'category': 'dbt', 'action': 'invocation', 'label': 'end', 'context': [<snowplow_tracker.self_describing_json.SelfDescribingJson object at 0x796384f34af0>, <snowplow_tracker.self_describing_json.SelfDescribingJson object at 0x79638405e320>, <snowplow_tracker.self_describing_json.SelfDescribingJson object at 0x79638405dd80>]}
[0m23:40:56.692930 [debug] [MainThread]: Flushing usage events
[0m23:40:57.794280 [debug] [MainThread]: An error was encountered while trying to flush usage events
[0m23:41:01.331055 [debug] [MainThread]: Sending event: {'category': 'dbt', 'action': 'invocation', 'label': 'start', 'context': [<snowplow_tracker.self_describing_json.SelfDescribingJson object at 0x7864a4692920>, <snowplow_tracker.self_describing_json.SelfDescribingJson object at 0x7864a384fe20>, <snowplow_tracker.self_describing_json.SelfDescribingJson object at 0x7864a384dcc0>]}


============================== 23:41:01.334046 | 6d0e05f4-c982-4212-972b-932f0cc3ca45 ==============================
[0m23:41:01.334046 [info ] [MainThread]: Running with dbt=1.9.6
[0m23:41:01.334693 [debug] [MainThread]: running dbt with arguments {'log_format': 'default', 'profiles_dir': '/home/pingh/.dbt', 'write_json': 'True', 'no_print': 'None', 'log_path': 'logs', 'target_path': 'None', 'fail_fast': 'False', 'warn_error_options': 'WarnErrorOptions(include=[], exclude=[])', 'debug': 'False', 'introspect': 'True', 'partial_parse': 'True', 'log_cache_events': 'False', 'send_anonymous_usage_stats': 'True', 'empty': 'None', 'version_check': 'True', 'invocation_command': 'dbt deps', 'use_colors': 'True', 'quiet': 'False', 'static_parser': 'True', 'indirect_selection': 'eager', 'printer_width': '80', 'warn_error': 'None', 'use_experimental_parser': 'False', 'cache_selected_only': 'False'}
[0m23:41:01.335418 [error] [MainThread]: Encountered an error:
Runtime Error
  No dbt_project.yml found at expected path /home/pingh/Brazilian-E-Commerce-Public-Dataset-by-Olist/dbt_project.yml
  Verify that each entry within packages.yml (and their transitive dependencies) contains a file named dbt_project.yml
  
[0m23:41:01.336377 [debug] [MainThread]: Resource report: {"command_name": "deps", "command_success": false, "command_wall_clock_time": 0.076594606, "process_in_blocks": "0", "process_kernel_time": 0.224043, "process_mem_max_rss": "116520", "process_out_blocks": "0", "process_user_time": 2.732526}
[0m23:41:01.336965 [debug] [MainThread]: Command `dbt deps` failed at 23:41:01.336832 after 0.08 seconds
[0m23:41:01.337370 [debug] [MainThread]: Sending event: {'category': 'dbt', 'action': 'invocation', 'label': 'end', 'context': [<snowplow_tracker.self_describing_json.SelfDescribingJson object at 0x7864a4692920>, <snowplow_tracker.self_describing_json.SelfDescribingJson object at 0x7864a380edd0>, <snowplow_tracker.self_describing_json.SelfDescribingJson object at 0x7864a380ee90>]}
[0m23:41:01.337827 [debug] [MainThread]: Flushing usage events
[0m23:41:02.358606 [debug] [MainThread]: An error was encountered while trying to flush usage events
[0m23:41:05.873257 [debug] [MainThread]: Sending event: {'category': 'dbt', 'action': 'invocation', 'label': 'start', 'context': [<snowplow_tracker.self_describing_json.SelfDescribingJson object at 0x749033faa4a0>, <snowplow_tracker.self_describing_json.SelfDescribingJson object at 0x749033169d50>, <snowplow_tracker.self_describing_json.SelfDescribingJson object at 0x74903316b730>]}


============================== 23:41:05.876452 | e816bbb3-b932-447b-a48f-9d604445f9c8 ==============================
[0m23:41:05.876452 [info ] [MainThread]: Running with dbt=1.9.6
[0m23:41:05.877161 [debug] [MainThread]: running dbt with arguments {'partial_parse': 'True', 'indirect_selection': 'eager', 'version_check': 'True', 'log_format': 'default', 'warn_error': 'None', 'use_experimental_parser': 'False', 'empty': 'False', 'profiles_dir': '/home/pingh/.dbt', 'invocation_command': 'dbt run', 'debug': 'False', 'log_cache_events': 'False', 'warn_error_options': 'WarnErrorOptions(include=[], exclude=[])', 'log_path': 'logs', 'fail_fast': 'False', 'no_print': 'None', 'static_parser': 'True', 'cache_selected_only': 'False', 'write_json': 'True', 'quiet': 'False', 'introspect': 'True', 'target_path': 'None', 'send_anonymous_usage_stats': 'True', 'use_colors': 'True', 'printer_width': '80'}
[0m23:41:05.877715 [error] [MainThread]: Encountered an error:
Runtime Error
  No dbt_project.yml found at expected path /home/pingh/Brazilian-E-Commerce-Public-Dataset-by-Olist/dbt_project.yml
  Verify that each entry within packages.yml (and their transitive dependencies) contains a file named dbt_project.yml
  
[0m23:41:05.878783 [debug] [MainThread]: Resource report: {"command_name": "run", "command_success": false, "command_wall_clock_time": 0.083233155, "process_in_blocks": "0", "process_kernel_time": 0.191877, "process_mem_max_rss": "116660", "process_out_blocks": "8", "process_user_time": 2.722257}
[0m23:41:05.879295 [debug] [MainThread]: Command `dbt run` failed at 23:41:05.879197 after 0.08 seconds
[0m23:41:05.879706 [debug] [MainThread]: Sending event: {'category': 'dbt', 'action': 'invocation', 'label': 'end', 'context': [<snowplow_tracker.self_describing_json.SelfDescribingJson object at 0x749033faa4a0>, <snowplow_tracker.self_describing_json.SelfDescribingJson object at 0x749033200880>, <snowplow_tracker.self_describing_json.SelfDescribingJson object at 0x74903316af20>]}
[0m23:41:05.880113 [debug] [MainThread]: Flushing usage events
[0m23:41:06.871596 [debug] [MainThread]: An error was encountered while trying to flush usage events
[0m23:45:12.720848 [debug] [MainThread]: Sending event: {'category': 'dbt', 'action': 'invocation', 'label': 'start', 'context': [<snowplow_tracker.self_describing_json.SelfDescribingJson object at 0x7113994e12d0>, <snowplow_tracker.self_describing_json.SelfDescribingJson object at 0x71139863a2f0>, <snowplow_tracker.self_describing_json.SelfDescribingJson object at 0x71139863a290>]}


============================== 23:45:12.723804 | 9a11f4a8-0742-467a-989a-dac55dffb0e1 ==============================
[0m23:45:12.723804 [info ] [MainThread]: Running with dbt=1.9.6
[0m23:45:12.724325 [debug] [MainThread]: running dbt with arguments {'introspect': 'True', 'indirect_selection': 'eager', 'quiet': 'False', 'log_path': 'logs', 'use_experimental_parser': 'False', 'send_anonymous_usage_stats': 'True', 'version_check': 'True', 'cache_selected_only': 'False', 'profiles_dir': '/home/pingh/.dbt', 'partial_parse': 'True', 'invocation_command': 'dbt clean', 'empty': 'None', 'printer_width': '80', 'warn_error': 'None', 'static_parser': 'True', 'warn_error_options': 'WarnErrorOptions(include=[], exclude=[])', 'no_print': 'None', 'use_colors': 'True', 'write_json': 'True', 'log_cache_events': 'False', 'log_format': 'default', 'target_path': 'None', 'fail_fast': 'False', 'debug': 'False'}
[0m23:45:12.724945 [error] [MainThread]: Encountered an error:
Runtime Error
  No dbt_project.yml found at expected path /home/pingh/Brazilian-E-Commerce-Public-Dataset-by-Olist/dbt_project.yml
  Verify that each entry within packages.yml (and their transitive dependencies) contains a file named dbt_project.yml
  
[0m23:45:12.725912 [debug] [MainThread]: Resource report: {"command_name": "clean", "command_success": false, "command_wall_clock_time": 0.071754396, "process_in_blocks": "0", "process_kernel_time": 0.187961, "process_mem_max_rss": "116808", "process_out_blocks": "8", "process_user_time": 2.635455}
[0m23:45:12.726480 [debug] [MainThread]: Command `dbt clean` failed at 23:45:12.726383 after 0.07 seconds
[0m23:45:12.726856 [debug] [MainThread]: Sending event: {'category': 'dbt', 'action': 'invocation', 'label': 'end', 'context': [<snowplow_tracker.self_describing_json.SelfDescribingJson object at 0x7113994e12d0>, <snowplow_tracker.self_describing_json.SelfDescribingJson object at 0x71139863aad0>, <snowplow_tracker.self_describing_json.SelfDescribingJson object at 0x71139863a530>]}
[0m23:45:12.727234 [debug] [MainThread]: Flushing usage events
[0m23:45:13.773054 [debug] [MainThread]: An error was encountered while trying to flush usage events
[0m23:45:17.036000 [debug] [MainThread]: Sending event: {'category': 'dbt', 'action': 'invocation', 'label': 'start', 'context': [<snowplow_tracker.self_describing_json.SelfDescribingJson object at 0x7c1aa2849ab0>, <snowplow_tracker.self_describing_json.SelfDescribingJson object at 0x7c1aa1b41c60>, <snowplow_tracker.self_describing_json.SelfDescribingJson object at 0x7c1aa1b42f80>]}


============================== 23:45:17.038905 | a835a5cd-c929-45f9-8422-ba18d06e2899 ==============================
[0m23:45:17.038905 [info ] [MainThread]: Running with dbt=1.9.6
[0m23:45:17.039477 [debug] [MainThread]: running dbt with arguments {'use_colors': 'True', 'fail_fast': 'False', 'printer_width': '80', 'warn_error': 'None', 'log_format': 'default', 'log_cache_events': 'False', 'warn_error_options': 'WarnErrorOptions(include=[], exclude=[])', 'log_path': 'logs', 'use_experimental_parser': 'False', 'static_parser': 'True', 'partial_parse': 'True', 'send_anonymous_usage_stats': 'True', 'quiet': 'False', 'cache_selected_only': 'False', 'profiles_dir': '/home/pingh/.dbt', 'target_path': 'None', 'invocation_command': 'dbt deps', 'version_check': 'True', 'indirect_selection': 'eager', 'empty': 'None', 'introspect': 'True', 'no_print': 'None', 'write_json': 'True', 'debug': 'False'}
[0m23:45:17.040138 [error] [MainThread]: Encountered an error:
Runtime Error
  No dbt_project.yml found at expected path /home/pingh/Brazilian-E-Commerce-Public-Dataset-by-Olist/dbt_project.yml
  Verify that each entry within packages.yml (and their transitive dependencies) contains a file named dbt_project.yml
  
[0m23:45:17.041198 [debug] [MainThread]: Resource report: {"command_name": "deps", "command_success": false, "command_wall_clock_time": 0.07527485, "process_in_blocks": "0", "process_kernel_time": 0.168118, "process_mem_max_rss": "116904", "process_out_blocks": "0", "process_user_time": 2.521778}
[0m23:45:17.041756 [debug] [MainThread]: Command `dbt deps` failed at 23:45:17.041651 after 0.08 seconds
[0m23:45:17.042135 [debug] [MainThread]: Sending event: {'category': 'dbt', 'action': 'invocation', 'label': 'end', 'context': [<snowplow_tracker.self_describing_json.SelfDescribingJson object at 0x7c1aa2849ab0>, <snowplow_tracker.self_describing_json.SelfDescribingJson object at 0x7c1aa1b41c00>, <snowplow_tracker.self_describing_json.SelfDescribingJson object at 0x7c1aa1b43850>]}
[0m23:45:17.042626 [debug] [MainThread]: Flushing usage events
[0m23:45:18.076991 [debug] [MainThread]: An error was encountered while trying to flush usage events
[0m23:45:21.209459 [debug] [MainThread]: Sending event: {'category': 'dbt', 'action': 'invocation', 'label': 'start', 'context': [<snowplow_tracker.self_describing_json.SelfDescribingJson object at 0x76517b896590>, <snowplow_tracker.self_describing_json.SelfDescribingJson object at 0x76517aaecca0>, <snowplow_tracker.self_describing_json.SelfDescribingJson object at 0x76517aaee6e0>]}


============================== 23:45:21.212852 | 1546e0c9-aee4-4e2b-87ac-6a5cde5f0e70 ==============================
[0m23:45:21.212852 [info ] [MainThread]: Running with dbt=1.9.6
[0m23:45:21.213469 [debug] [MainThread]: running dbt with arguments {'invocation_command': 'dbt run', 'quiet': 'False', 'warn_error_options': 'WarnErrorOptions(include=[], exclude=[])', 'log_format': 'default', 'debug': 'False', 'indirect_selection': 'eager', 'use_experimental_parser': 'False', 'no_print': 'None', 'version_check': 'True', 'log_cache_events': 'False', 'introspect': 'True', 'cache_selected_only': 'False', 'fail_fast': 'False', 'use_colors': 'True', 'profiles_dir': '/home/pingh/.dbt', 'empty': 'False', 'printer_width': '80', 'log_path': 'logs', 'warn_error': 'None', 'target_path': 'None', 'write_json': 'True', 'send_anonymous_usage_stats': 'True', 'static_parser': 'True', 'partial_parse': 'True'}
[0m23:45:21.214032 [error] [MainThread]: Encountered an error:
Runtime Error
  No dbt_project.yml found at expected path /home/pingh/Brazilian-E-Commerce-Public-Dataset-by-Olist/dbt_project.yml
  Verify that each entry within packages.yml (and their transitive dependencies) contains a file named dbt_project.yml
  
[0m23:45:21.215122 [debug] [MainThread]: Resource report: {"command_name": "run", "command_success": false, "command_wall_clock_time": 0.082684405, "process_in_blocks": "0", "process_kernel_time": 0.151797, "process_mem_max_rss": "116948", "process_out_blocks": "8", "process_user_time": 2.440743}
[0m23:45:21.215660 [debug] [MainThread]: Command `dbt run` failed at 23:45:21.215522 after 0.08 seconds
[0m23:45:21.216064 [debug] [MainThread]: Sending event: {'category': 'dbt', 'action': 'invocation', 'label': 'end', 'context': [<snowplow_tracker.self_describing_json.SelfDescribingJson object at 0x76517b896590>, <snowplow_tracker.self_describing_json.SelfDescribingJson object at 0x76517aaef520>, <snowplow_tracker.self_describing_json.SelfDescribingJson object at 0x76517aaec280>]}
[0m23:45:21.216486 [debug] [MainThread]: Flushing usage events
[0m23:45:22.252719 [debug] [MainThread]: An error was encountered while trying to flush usage events
