[32m2025-12-14 11:31:43 +0800[0m - dagster - [34mDEBUG[0m - ELT_Pipeline_Job - 810c0e9d-6194-453c-b42d-c9e2d33f4008 - 16474 - LOGS_CAPTURED - Started capturing logs in process (pid: 16474).
[32m2025-12-14 11:31:43 +0800[0m - dagster - [34mDEBUG[0m - ELT_Pipeline_Job - 810c0e9d-6194-453c-b42d-c9e2d33f4008 - 16474 - EDA_ML_Analysis - STEP_START - Started execution of step "EDA_ML_Analysis".
[32m2025-12-14 11:31:43 +0800[0m - dagster - [34mINFO[0m - ELT_Pipeline_Job - 810c0e9d-6194-453c-b42d-c9e2d33f4008 - EDA_ML_Analysis - 📊 [EDA] Analyzing data distributions...
[32m2025-12-14 11:33:38 +0800[0m - dagster - [34mINFO[0m - ELT_Pipeline_Job - 810c0e9d-6194-453c-b42d-c9e2d33f4008 - EDA_ML_Analysis - ✅ BigQuery client initialised for project: durable-ripsaw-477914-g0
[32m2025-12-14 11:33:38 +0800[0m - dagster - [34mINFO[0m - ELT_Pipeline_Job - 810c0e9d-6194-453c-b42d-c9e2d33f4008 - EDA_ML_Analysis
[32m2025-12-14 11:33:38 +0800[0m - dagster - [34mINFO[0m - ELT_Pipeline_Job - 810c0e9d-6194-453c-b42d-c9e2d33f4008 - EDA_ML_Analysis - ▶ Loading durable-ripsaw-477914-g0.ecommerce.dim_db_customers ...
[32m2025-12-14 11:33:38 +0800[0m - dagster - [34mINFO[0m - ELT_Pipeline_Job - 810c0e9d-6194-453c-b42d-c9e2d33f4008 - EDA_ML_Analysis -    Shape: (99441, 5)
[32m2025-12-14 11:33:38 +0800[0m - dagster - [34mINFO[0m - ELT_Pipeline_Job - 810c0e9d-6194-453c-b42d-c9e2d33f4008 - EDA_ML_Analysis
[32m2025-12-14 11:33:38 +0800[0m - dagster - [34mINFO[0m - ELT_Pipeline_Job - 810c0e9d-6194-453c-b42d-c9e2d33f4008 - EDA_ML_Analysis - ▶ Loading durable-ripsaw-477914-g0.ecommerce.dim_db_sellers ...
[32m2025-12-14 11:33:38 +0800[0m - dagster - [34mINFO[0m - ELT_Pipeline_Job - 810c0e9d-6194-453c-b42d-c9e2d33f4008 - EDA_ML_Analysis -    Shape: (3095, 4)
[32m2025-12-14 11:33:38 +0800[0m - dagster - [34mINFO[0m - ELT_Pipeline_Job - 810c0e9d-6194-453c-b42d-c9e2d33f4008 - EDA_ML_Analysis
[32m2025-12-14 11:33:38 +0800[0m - dagster - [34mINFO[0m - ELT_Pipeline_Job - 810c0e9d-6194-453c-b42d-c9e2d33f4008 - EDA_ML_Analysis - ▶ Loading durable-ripsaw-477914-g0.ecommerce.dim_db_products ...
[32m2025-12-14 11:33:38 +0800[0m - dagster - [34mINFO[0m - ELT_Pipeline_Job - 810c0e9d-6194-453c-b42d-c9e2d33f4008 - EDA_ML_Analysis -    Shape: (32951, 7)
[32m2025-12-14 11:33:38 +0800[0m - dagster - [34mINFO[0m - ELT_Pipeline_Job - 810c0e9d-6194-453c-b42d-c9e2d33f4008 - EDA_ML_Analysis
[32m2025-12-14 11:33:38 +0800[0m - dagster - [34mINFO[0m - ELT_Pipeline_Job - 810c0e9d-6194-453c-b42d-c9e2d33f4008 - EDA_ML_Analysis - ▶ Loading durable-ripsaw-477914-g0.ecommerce.fact_db_order_items ...
[32m2025-12-14 11:33:38 +0800[0m - dagster - [34mINFO[0m - ELT_Pipeline_Job - 810c0e9d-6194-453c-b42d-c9e2d33f4008 - EDA_ML_Analysis -    Shape: (112650, 9)
[32m2025-12-14 11:33:38 +0800[0m - dagster - [34mINFO[0m - ELT_Pipeline_Job - 810c0e9d-6194-453c-b42d-c9e2d33f4008 - EDA_ML_Analysis - <class 'pandas.core.frame.DataFrame'>
[32m2025-12-14 11:33:38 +0800[0m - dagster - [34mINFO[0m - ELT_Pipeline_Job - 810c0e9d-6194-453c-b42d-c9e2d33f4008 - EDA_ML_Analysis - RangeIndex: 99441 entries, 0 to 99440
[32m2025-12-14 11:33:38 +0800[0m - dagster - [34mINFO[0m - ELT_Pipeline_Job - 810c0e9d-6194-453c-b42d-c9e2d33f4008 - EDA_ML_Analysis - Data columns (total 5 columns):
[32m2025-12-14 11:33:38 +0800[0m - dagster - [34mINFO[0m - ELT_Pipeline_Job - 810c0e9d-6194-453c-b42d-c9e2d33f4008 - EDA_ML_Analysis -  #   Column                    Non-Null Count  Dtype 
[32m2025-12-14 11:33:38 +0800[0m - dagster - [34mINFO[0m - ELT_Pipeline_Job - 810c0e9d-6194-453c-b42d-c9e2d33f4008 - EDA_ML_Analysis - ---  ------                    --------------  ----- 
[32m2025-12-14 11:33:38 +0800[0m - dagster - [34mINFO[0m - ELT_Pipeline_Job - 810c0e9d-6194-453c-b42d-c9e2d33f4008 - EDA_ML_Analysis -  0   customer_id               99441 non-null  object
[32m2025-12-14 11:33:38 +0800[0m - dagster - [34mINFO[0m - ELT_Pipeline_Job - 810c0e9d-6194-453c-b42d-c9e2d33f4008 - EDA_ML_Analysis -  1   customer_unique_id        99441 non-null  object
[32m2025-12-14 11:33:38 +0800[0m - dagster - [34mINFO[0m - ELT_Pipeline_Job - 810c0e9d-6194-453c-b42d-c9e2d33f4008 - EDA_ML_Analysis -  2   customer_zip_code_prefix  99441 non-null  object
[32m2025-12-14 11:33:38 +0800[0m - dagster - [34mINFO[0m - ELT_Pipeline_Job - 810c0e9d-6194-453c-b42d-c9e2d33f4008 - EDA_ML_Analysis -  3   customer_city             99441 non-null  object
[32m2025-12-14 11:33:38 +0800[0m - dagster - [34mINFO[0m - ELT_Pipeline_Job - 810c0e9d-6194-453c-b42d-c9e2d33f4008 - EDA_ML_Analysis -  4   customer_state            99441 non-null  object
[32m2025-12-14 11:33:38 +0800[0m - dagster - [34mINFO[0m - ELT_Pipeline_Job - 810c0e9d-6194-453c-b42d-c9e2d33f4008 - EDA_ML_Analysis - dtypes: object(5)
[32m2025-12-14 11:33:38 +0800[0m - dagster - [34mINFO[0m - ELT_Pipeline_Job - 810c0e9d-6194-453c-b42d-c9e2d33f4008 - EDA_ML_Analysis - memory usage: 3.8+ MB
[32m2025-12-14 11:33:38 +0800[0m - dagster - [34mINFO[0m - ELT_Pipeline_Job - 810c0e9d-6194-453c-b42d-c9e2d33f4008 - EDA_ML_Analysis - <class 'pandas.core.frame.DataFrame'>
[32m2025-12-14 11:33:38 +0800[0m - dagster - [34mINFO[0m - ELT_Pipeline_Job - 810c0e9d-6194-453c-b42d-c9e2d33f4008 - EDA_ML_Analysis - RangeIndex: 3095 entries, 0 to 3094
[32m2025-12-14 11:33:38 +0800[0m - dagster - [34mINFO[0m - ELT_Pipeline_Job - 810c0e9d-6194-453c-b42d-c9e2d33f4008 - EDA_ML_Analysis - Data columns (total 4 columns):
[32m2025-12-14 11:33:38 +0800[0m - dagster - [34mINFO[0m - ELT_Pipeline_Job - 810c0e9d-6194-453c-b42d-c9e2d33f4008 - EDA_ML_Analysis -  #   Column        Non-Null Count  Dtype 
[32m2025-12-14 11:33:38 +0800[0m - dagster - [34mINFO[0m - ELT_Pipeline_Job - 810c0e9d-6194-453c-b42d-c9e2d33f4008 - EDA_ML_Analysis - ---  ------        --------------  ----- 
[32m2025-12-14 11:33:38 +0800[0m - dagster - [34mINFO[0m - ELT_Pipeline_Job - 810c0e9d-6194-453c-b42d-c9e2d33f4008 - EDA_ML_Analysis -  0   seller_id     3095 non-null   object
[32m2025-12-14 11:33:38 +0800[0m - dagster - [34mINFO[0m - ELT_Pipeline_Job - 810c0e9d-6194-453c-b42d-c9e2d33f4008 - EDA_ML_Analysis -  1   seller_zip    3095 non-null   object
[32m2025-12-14 11:33:38 +0800[0m - dagster - [34mINFO[0m - ELT_Pipeline_Job - 810c0e9d-6194-453c-b42d-c9e2d33f4008 - EDA_ML_Analysis -  2   seller_city   3095 non-null   object
[32m2025-12-14 11:33:38 +0800[0m - dagster - [34mINFO[0m - ELT_Pipeline_Job - 810c0e9d-6194-453c-b42d-c9e2d33f4008 - EDA_ML_Analysis -  3   seller_state  3095 non-null   object
[32m2025-12-14 11:33:38 +0800[0m - dagster - [34mINFO[0m - ELT_Pipeline_Job - 810c0e9d-6194-453c-b42d-c9e2d33f4008 - EDA_ML_Analysis - dtypes: object(4)
[32m2025-12-14 11:33:38 +0800[0m - dagster - [34mINFO[0m - ELT_Pipeline_Job - 810c0e9d-6194-453c-b42d-c9e2d33f4008 - EDA_ML_Analysis - memory usage: 96.8+ KB
[32m2025-12-14 11:33:38 +0800[0m - dagster - [34mINFO[0m - ELT_Pipeline_Job - 810c0e9d-6194-453c-b42d-c9e2d33f4008 - EDA_ML_Analysis - <class 'pandas.core.frame.DataFrame'>
[32m2025-12-14 11:33:38 +0800[0m - dagster - [34mINFO[0m - ELT_Pipeline_Job - 810c0e9d-6194-453c-b42d-c9e2d33f4008 - EDA_ML_Analysis - RangeIndex: 32951 entries, 0 to 32950
[32m2025-12-14 11:33:38 +0800[0m - dagster - [34mINFO[0m - ELT_Pipeline_Job - 810c0e9d-6194-453c-b42d-c9e2d33f4008 - EDA_ML_Analysis - Data columns (total 7 columns):
[32m2025-12-14 11:33:39 +0800[0m - dagster - [34mINFO[0m - ELT_Pipeline_Job - 810c0e9d-6194-453c-b42d-c9e2d33f4008 - EDA_ML_Analysis -  #   Column                         Non-Null Count  Dtype 
[32m2025-12-14 11:33:39 +0800[0m - dagster - [34mINFO[0m - ELT_Pipeline_Job - 810c0e9d-6194-453c-b42d-c9e2d33f4008 - EDA_ML_Analysis - ---  ------                         --------------  ----- 
[32m2025-12-14 11:33:39 +0800[0m - dagster - [34mINFO[0m - ELT_Pipeline_Job - 810c0e9d-6194-453c-b42d-c9e2d33f4008 - EDA_ML_Analysis -  0   product_id                     32951 non-null  object
[32m2025-12-14 11:33:39 +0800[0m - dagster - [34mINFO[0m - ELT_Pipeline_Job - 810c0e9d-6194-453c-b42d-c9e2d33f4008 - EDA_ML_Analysis -  1   product_category_name          32951 non-null  object
[32m2025-12-14 11:33:39 +0800[0m - dagster - [34mINFO[0m - ELT_Pipeline_Job - 810c0e9d-6194-453c-b42d-c9e2d33f4008 - EDA_ML_Analysis -  2   product_category_name_english  32328 non-null  object
[32m2025-12-14 11:33:39 +0800[0m - dagster - [34mINFO[0m - ELT_Pipeline_Job - 810c0e9d-6194-453c-b42d-c9e2d33f4008 - EDA_ML_Analysis -  3   product_weight_g               32951 non-null  object
[32m2025-12-14 11:33:39 +0800[0m - dagster - [34mINFO[0m - ELT_Pipeline_Job - 810c0e9d-6194-453c-b42d-c9e2d33f4008 - EDA_ML_Analysis -  4   product_length_cm              32951 non-null  object
[32m2025-12-14 11:33:39 +0800[0m - dagster - [34mINFO[0m - ELT_Pipeline_Job - 810c0e9d-6194-453c-b42d-c9e2d33f4008 - EDA_ML_Analysis -  5   product_height_cm              32951 non-null  object
[32m2025-12-14 11:33:39 +0800[0m - dagster - [34mINFO[0m - ELT_Pipeline_Job - 810c0e9d-6194-453c-b42d-c9e2d33f4008 - EDA_ML_Analysis -  6   product_width_cm               32951 non-null  object
[32m2025-12-14 11:33:39 +0800[0m - dagster - [34mINFO[0m - ELT_Pipeline_Job - 810c0e9d-6194-453c-b42d-c9e2d33f4008 - EDA_ML_Analysis - dtypes: object(7)
[32m2025-12-14 11:33:39 +0800[0m - dagster - [34mINFO[0m - ELT_Pipeline_Job - 810c0e9d-6194-453c-b42d-c9e2d33f4008 - EDA_ML_Analysis - memory usage: 1.8+ MB
[32m2025-12-14 11:33:39 +0800[0m - dagster - [34mINFO[0m - ELT_Pipeline_Job - 810c0e9d-6194-453c-b42d-c9e2d33f4008 - EDA_ML_Analysis - <class 'pandas.core.frame.DataFrame'>
[32m2025-12-14 11:33:39 +0800[0m - dagster - [34mINFO[0m - ELT_Pipeline_Job - 810c0e9d-6194-453c-b42d-c9e2d33f4008 - EDA_ML_Analysis - RangeIndex: 112650 entries, 0 to 112649
[32m2025-12-14 11:33:39 +0800[0m - dagster - [34mINFO[0m - ELT_Pipeline_Job - 810c0e9d-6194-453c-b42d-c9e2d33f4008 - EDA_ML_Analysis - Data columns (total 9 columns):
[32m2025-12-14 11:33:39 +0800[0m - dagster - [34mINFO[0m - ELT_Pipeline_Job - 810c0e9d-6194-453c-b42d-c9e2d33f4008 - EDA_ML_Analysis -  #   Column                  Non-Null Count   Dtype 
[32m2025-12-14 11:33:39 +0800[0m - dagster - [34mINFO[0m - ELT_Pipeline_Job - 810c0e9d-6194-453c-b42d-c9e2d33f4008 - EDA_ML_Analysis - ---  ------                  --------------   ----- 
[32m2025-12-14 11:33:39 +0800[0m - dagster - [34mINFO[0m - ELT_Pipeline_Job - 810c0e9d-6194-453c-b42d-c9e2d33f4008 - EDA_ML_Analysis -  0   order_id                112650 non-null  object
[32m2025-12-14 11:33:39 +0800[0m - dagster - [34mINFO[0m - ELT_Pipeline_Job - 810c0e9d-6194-453c-b42d-c9e2d33f4008 - EDA_ML_Analysis -  1   order_item_id           112650 non-null  object
[32m2025-12-14 11:33:39 +0800[0m - dagster - [34mINFO[0m - ELT_Pipeline_Job - 810c0e9d-6194-453c-b42d-c9e2d33f4008 - EDA_ML_Analysis -  2   product_id              112650 non-null  object
[32m2025-12-14 11:33:39 +0800[0m - dagster - [34mINFO[0m - ELT_Pipeline_Job - 810c0e9d-6194-453c-b42d-c9e2d33f4008 - EDA_ML_Analysis -  3   seller_id               112650 non-null  object
[32m2025-12-14 11:33:39 +0800[0m - dagster - [34mINFO[0m - ELT_Pipeline_Job - 810c0e9d-6194-453c-b42d-c9e2d33f4008 - EDA_ML_Analysis -  4   customer_id             112650 non-null  object
[32m2025-12-14 11:33:39 +0800[0m - dagster - [34mINFO[0m - ELT_Pipeline_Job - 810c0e9d-6194-453c-b42d-c9e2d33f4008 - EDA_ML_Analysis -  5   order_date_key          112650 non-null  dbdate
[32m2025-12-14 11:33:39 +0800[0m - dagster - [34mINFO[0m - ELT_Pipeline_Job - 810c0e9d-6194-453c-b42d-c9e2d33f4008 - EDA_ML_Analysis -  6   price                   112650 non-null  object
[32m2025-12-14 11:33:39 +0800[0m - dagster - [34mINFO[0m - ELT_Pipeline_Job - 810c0e9d-6194-453c-b42d-c9e2d33f4008 - EDA_ML_Analysis -  7   freight_value           112650 non-null  object
[32m2025-12-14 11:33:39 +0800[0m - dagster - [34mINFO[0m - ELT_Pipeline_Job - 810c0e9d-6194-453c-b42d-c9e2d33f4008 - EDA_ML_Analysis -  8   gross_order_item_value  112650 non-null  object
[32m2025-12-14 11:33:39 +0800[0m - dagster - [34mINFO[0m - ELT_Pipeline_Job - 810c0e9d-6194-453c-b42d-c9e2d33f4008 - EDA_ML_Analysis - dtypes: dbdate(1), object(8)
[32m2025-12-14 11:33:39 +0800[0m - dagster - [34mINFO[0m - ELT_Pipeline_Job - 810c0e9d-6194-453c-b42d-c9e2d33f4008 - EDA_ML_Analysis - memory usage: 7.7+ MB
[32m2025-12-14 11:33:39 +0800[0m - dagster - [34mINFO[0m - ELT_Pipeline_Job - 810c0e9d-6194-453c-b42d-c9e2d33f4008 - EDA_ML_Analysis
[32m2025-12-14 11:33:39 +0800[0m - dagster - [34mINFO[0m - ELT_Pipeline_Job - 810c0e9d-6194-453c-b42d-c9e2d33f4008 - EDA_ML_Analysis - 🔍 Missing values in fact_orders:
[32m2025-12-14 11:33:39 +0800[0m - dagster - [34mINFO[0m - ELT_Pipeline_Job - 810c0e9d-6194-453c-b42d-c9e2d33f4008 - EDA_ML_Analysis - order_id                  0
[32m2025-12-14 11:33:39 +0800[0m - dagster - [34mINFO[0m - ELT_Pipeline_Job - 810c0e9d-6194-453c-b42d-c9e2d33f4008 - EDA_ML_Analysis - order_item_id             0
[32m2025-12-14 11:33:39 +0800[0m - dagster - [34mINFO[0m - ELT_Pipeline_Job - 810c0e9d-6194-453c-b42d-c9e2d33f4008 - EDA_ML_Analysis - product_id                0
[32m2025-12-14 11:33:39 +0800[0m - dagster - [34mINFO[0m - ELT_Pipeline_Job - 810c0e9d-6194-453c-b42d-c9e2d33f4008 - EDA_ML_Analysis - seller_id                 0
[32m2025-12-14 11:33:39 +0800[0m - dagster - [34mINFO[0m - ELT_Pipeline_Job - 810c0e9d-6194-453c-b42d-c9e2d33f4008 - EDA_ML_Analysis - customer_id               0
[32m2025-12-14 11:33:39 +0800[0m - dagster - [34mINFO[0m - ELT_Pipeline_Job - 810c0e9d-6194-453c-b42d-c9e2d33f4008 - EDA_ML_Analysis - order_date_key            0
[32m2025-12-14 11:33:39 +0800[0m - dagster - [34mINFO[0m - ELT_Pipeline_Job - 810c0e9d-6194-453c-b42d-c9e2d33f4008 - EDA_ML_Analysis - price                     0
[32m2025-12-14 11:33:39 +0800[0m - dagster - [34mINFO[0m - ELT_Pipeline_Job - 810c0e9d-6194-453c-b42d-c9e2d33f4008 - EDA_ML_Analysis - freight_value             0
[32m2025-12-14 11:33:39 +0800[0m - dagster - [34mINFO[0m - ELT_Pipeline_Job - 810c0e9d-6194-453c-b42d-c9e2d33f4008 - EDA_ML_Analysis - gross_order_item_value    0
[32m2025-12-14 11:33:39 +0800[0m - dagster - [34mINFO[0m - ELT_Pipeline_Job - 810c0e9d-6194-453c-b42d-c9e2d33f4008 - EDA_ML_Analysis - dtype: int64
[32m2025-12-14 11:33:39 +0800[0m - dagster - [34mINFO[0m - ELT_Pipeline_Job - 810c0e9d-6194-453c-b42d-c9e2d33f4008 - EDA_ML_Analysis
[32m2025-12-14 11:33:39 +0800[0m - dagster - [34mINFO[0m - ELT_Pipeline_Job - 810c0e9d-6194-453c-b42d-c9e2d33f4008 - EDA_ML_Analysis - 📊 Descriptive statistics (numeric columns):
[32m2025-12-14 11:33:39 +0800[0m - dagster - [34mINFO[0m - ELT_Pipeline_Job - 810c0e9d-6194-453c-b42d-c9e2d33f4008 - EDA_ML_Analysis -                                 order_id order_item_id                        product_id                         seller_id                       customer_id order_date_key         price  \
[32m2025-12-14 11:33:39 +0800[0m - dagster - [34mINFO[0m - ELT_Pipeline_Job - 810c0e9d-6194-453c-b42d-c9e2d33f4008 - EDA_ML_Analysis - count                             112650        112650                            112650                            112650                            112650         112650        112650   
[32m2025-12-14 11:33:39 +0800[0m - dagster - [34mINFO[0m - ELT_Pipeline_Job - 810c0e9d-6194-453c-b42d-c9e2d33f4008 - EDA_ML_Analysis - unique                             98666            21                             32951                              3095                             98666            616          5968   
[32m2025-12-14 11:33:39 +0800[0m - dagster - [34mINFO[0m - ELT_Pipeline_Job - 810c0e9d-6194-453c-b42d-c9e2d33f4008 - EDA_ML_Analysis - top     8272b63d03f5f79c56e9e4120aec44ef             1  aca2eb7d00ea1a7b8ebd4e68314663af  6560211a19b47992c3666cc44a7e94c0  fc3d1daec319d62d49bfb5e1f83123e9     2017-11-24  59.900000000   
[32m2025-12-14 11:33:39 +0800[0m - dagster - [34mINFO[0m - ELT_Pipeline_Job - 810c0e9d-6194-453c-b42d-c9e2d33f4008 - EDA_ML_Analysis - freq                                  21         98666                               527                              2033                                21           1366          2481   
[32m2025-12-14 11:33:39 +0800[0m - dagster - [34mINFO[0m - ELT_Pipeline_Job - 810c0e9d-6194-453c-b42d-c9e2d33f4008 - EDA_ML_Analysis
[32m2025-12-14 11:33:39 +0800[0m - dagster - [34mINFO[0m - ELT_Pipeline_Job - 810c0e9d-6194-453c-b42d-c9e2d33f4008 - EDA_ML_Analysis -        freight_value gross_order_item_value  
[32m2025-12-14 11:33:39 +0800[0m - dagster - [34mINFO[0m - ELT_Pipeline_Job - 810c0e9d-6194-453c-b42d-c9e2d33f4008 - EDA_ML_Analysis - count         112650                 112650  
[32m2025-12-14 11:33:39 +0800[0m - dagster - [34mINFO[0m - ELT_Pipeline_Job - 810c0e9d-6194-453c-b42d-c9e2d33f4008 - EDA_ML_Analysis - unique          6999                  25547  
[32m2025-12-14 11:33:39 +0800[0m - dagster - [34mINFO[0m - ELT_Pipeline_Job - 810c0e9d-6194-453c-b42d-c9e2d33f4008 - EDA_ML_Analysis - top     15.100000000           77.570000000  
[32m2025-12-14 11:33:39 +0800[0m - dagster - [34mINFO[0m - ELT_Pipeline_Job - 810c0e9d-6194-453c-b42d-c9e2d33f4008 - EDA_ML_Analysis - freq            3707                    437  
[32m2025-12-14 11:33:39 +0800[0m - dagster - [34mINFO[0m - ELT_Pipeline_Job - 810c0e9d-6194-453c-b42d-c9e2d33f4008 - EDA_ML_Analysis
[32m2025-12-14 11:33:39 +0800[0m - dagster - [34mINFO[0m - ELT_Pipeline_Job - 810c0e9d-6194-453c-b42d-c9e2d33f4008 - EDA_ML_Analysis - ⏱ Purchase timestamp range:
[32m2025-12-14 11:33:39 +0800[0m - dagster - [34mINFO[0m - ELT_Pipeline_Job - 810c0e9d-6194-453c-b42d-c9e2d33f4008 - EDA_ML_Analysis - 2016-09-04 00:00:00 → 2018-09-03 00:00:00
[32m2025-12-14 11:33:39 +0800[0m - dagster - [34mINFO[0m - ELT_Pipeline_Job - 810c0e9d-6194-453c-b42d-c9e2d33f4008 - EDA_ML_Analysis - RFM shape: (98666, 3)
[32m2025-12-14 11:33:39 +0800[0m - dagster - [34mINFO[0m - ELT_Pipeline_Job - 810c0e9d-6194-453c-b42d-c9e2d33f4008 - EDA_ML_Analysis -             Recency  Frequency      Monetary
[32m2025-12-14 11:33:39 +0800[0m - dagster - [34mINFO[0m - ELT_Pipeline_Job - 810c0e9d-6194-453c-b42d-c9e2d33f4008 - EDA_ML_Analysis - count  98666.000000    98666.0  98666.000000
[32m2025-12-14 11:33:39 +0800[0m - dagster - [34mINFO[0m - ELT_Pipeline_Job - 810c0e9d-6194-453c-b42d-c9e2d33f4008 - EDA_ML_Analysis - mean     246.716062        1.0    160.577638
[32m2025-12-14 11:33:39 +0800[0m - dagster - [34mINFO[0m - ELT_Pipeline_Job - 810c0e9d-6194-453c-b42d-c9e2d33f4008 - EDA_ML_Analysis - std      153.392938        0.0    220.466087
[32m2025-12-14 11:33:39 +0800[0m - dagster - [34mINFO[0m - ELT_Pipeline_Job - 810c0e9d-6194-453c-b42d-c9e2d33f4008 - EDA_ML_Analysis - min        1.000000        1.0      9.590000
[32m2025-12-14 11:33:40 +0800[0m - dagster - [34mINFO[0m - ELT_Pipeline_Job - 810c0e9d-6194-453c-b42d-c9e2d33f4008 - EDA_ML_Analysis - 25%      123.000000        1.0     61.980000
[32m2025-12-14 11:33:40 +0800[0m - dagster - [34mINFO[0m - ELT_Pipeline_Job - 810c0e9d-6194-453c-b42d-c9e2d33f4008 - EDA_ML_Analysis - 50%      228.000000        1.0    105.290000
[32m2025-12-14 11:33:40 +0800[0m - dagster - [34mINFO[0m - ELT_Pipeline_Job - 810c0e9d-6194-453c-b42d-c9e2d33f4008 - EDA_ML_Analysis - 75%      357.000000        1.0    176.870000
[32m2025-12-14 11:33:40 +0800[0m - dagster - [34mINFO[0m - ELT_Pipeline_Job - 810c0e9d-6194-453c-b42d-c9e2d33f4008 - EDA_ML_Analysis - max      730.000000        1.0  13664.080000
[32m2025-12-14 11:33:40 +0800[0m - dagster - [34mINFO[0m - ELT_Pipeline_Job - 810c0e9d-6194-453c-b42d-c9e2d33f4008 - EDA_ML_Analysis - <class 'pandas.core.frame.DataFrame'>
[32m2025-12-14 11:33:40 +0800[0m - dagster - [34mINFO[0m - ELT_Pipeline_Job - 810c0e9d-6194-453c-b42d-c9e2d33f4008 - EDA_ML_Analysis - RangeIndex: 99441 entries, 0 to 99440
[32m2025-12-14 11:33:40 +0800[0m - dagster - [34mINFO[0m - ELT_Pipeline_Job - 810c0e9d-6194-453c-b42d-c9e2d33f4008 - EDA_ML_Analysis - Data columns (total 5 columns):
[32m2025-12-14 11:33:40 +0800[0m - dagster - [34mINFO[0m - ELT_Pipeline_Job - 810c0e9d-6194-453c-b42d-c9e2d33f4008 - EDA_ML_Analysis -  #   Column                    Non-Null Count  Dtype  
[32m2025-12-14 11:33:40 +0800[0m - dagster - [34mINFO[0m - ELT_Pipeline_Job - 810c0e9d-6194-453c-b42d-c9e2d33f4008 - EDA_ML_Analysis - ---  ------                    --------------  -----  
[32m2025-12-14 11:33:40 +0800[0m - dagster - [34mINFO[0m - ELT_Pipeline_Job - 810c0e9d-6194-453c-b42d-c9e2d33f4008 - EDA_ML_Analysis -  0   customer_id               99441 non-null  object 
[32m2025-12-14 11:33:40 +0800[0m - dagster - [34mINFO[0m - ELT_Pipeline_Job - 810c0e9d-6194-453c-b42d-c9e2d33f4008 - EDA_ML_Analysis -  1   customer_state            99441 non-null  object 
[32m2025-12-14 11:33:40 +0800[0m - dagster - [34mINFO[0m - ELT_Pipeline_Job - 810c0e9d-6194-453c-b42d-c9e2d33f4008 - EDA_ML_Analysis -  2   customer_zip_code_prefix  99441 non-null  object 
[32m2025-12-14 11:33:40 +0800[0m - dagster - [34mINFO[0m - ELT_Pipeline_Job - 810c0e9d-6194-453c-b42d-c9e2d33f4008 - EDA_ML_Analysis -  3   total_revenue             98666 non-null  float64
[32m2025-12-14 11:33:40 +0800[0m - dagster - [34mINFO[0m - ELT_Pipeline_Job - 810c0e9d-6194-453c-b42d-c9e2d33f4008 - EDA_ML_Analysis -  4   total_freight             98666 non-null  float64
[32m2025-12-14 11:33:40 +0800[0m - dagster - [34mINFO[0m - ELT_Pipeline_Job - 810c0e9d-6194-453c-b42d-c9e2d33f4008 - EDA_ML_Analysis - dtypes: float64(2), object(3)
[32m2025-12-14 11:33:40 +0800[0m - dagster - [34mINFO[0m - ELT_Pipeline_Job - 810c0e9d-6194-453c-b42d-c9e2d33f4008 - EDA_ML_Analysis - memory usage: 3.8+ MB
[32m2025-12-14 11:33:40 +0800[0m - dagster - [34mINFO[0m - ELT_Pipeline_Job - 810c0e9d-6194-453c-b42d-c9e2d33f4008 - EDA_ML_Analysis - <class 'pandas.core.frame.DataFrame'>
[32m2025-12-14 11:33:40 +0800[0m - dagster - [34mINFO[0m - ELT_Pipeline_Job - 810c0e9d-6194-453c-b42d-c9e2d33f4008 - EDA_ML_Analysis - Index: 98666 entries, 0 to 99440
[32m2025-12-14 11:33:40 +0800[0m - dagster - [34mINFO[0m - ELT_Pipeline_Job - 810c0e9d-6194-453c-b42d-c9e2d33f4008 - EDA_ML_Analysis - Data columns (total 5 columns):
[32m2025-12-14 11:33:40 +0800[0m - dagster - [34mINFO[0m - ELT_Pipeline_Job - 810c0e9d-6194-453c-b42d-c9e2d33f4008 - EDA_ML_Analysis -  #   Column                    Non-Null Count  Dtype  
[32m2025-12-14 11:33:40 +0800[0m - dagster - [34mINFO[0m - ELT_Pipeline_Job - 810c0e9d-6194-453c-b42d-c9e2d33f4008 - EDA_ML_Analysis - ---  ------                    --------------  -----  
[32m2025-12-14 11:33:40 +0800[0m - dagster - [34mINFO[0m - ELT_Pipeline_Job - 810c0e9d-6194-453c-b42d-c9e2d33f4008 - EDA_ML_Analysis -  0   customer_id               98666 non-null  object 
[32m2025-12-14 11:33:40 +0800[0m - dagster - [34mINFO[0m - ELT_Pipeline_Job - 810c0e9d-6194-453c-b42d-c9e2d33f4008 - EDA_ML_Analysis -  1   customer_state            98666 non-null  object 
[32m2025-12-14 11:33:40 +0800[0m - dagster - [34mINFO[0m - ELT_Pipeline_Job - 810c0e9d-6194-453c-b42d-c9e2d33f4008 - EDA_ML_Analysis -  2   customer_zip_code_prefix  98666 non-null  object 
[32m2025-12-14 11:33:40 +0800[0m - dagster - [34mINFO[0m - ELT_Pipeline_Job - 810c0e9d-6194-453c-b42d-c9e2d33f4008 - EDA_ML_Analysis -  3   total_revenue             98666 non-null  float64
[32m2025-12-14 11:33:40 +0800[0m - dagster - [34mINFO[0m - ELT_Pipeline_Job - 810c0e9d-6194-453c-b42d-c9e2d33f4008 - EDA_ML_Analysis -  4   total_freight             98666 non-null  float64
[32m2025-12-14 11:33:40 +0800[0m - dagster - [34mINFO[0m - ELT_Pipeline_Job - 810c0e9d-6194-453c-b42d-c9e2d33f4008 - EDA_ML_Analysis - dtypes: float64(2), object(3)
[32m2025-12-14 11:33:40 +0800[0m - dagster - [34mINFO[0m - ELT_Pipeline_Job - 810c0e9d-6194-453c-b42d-c9e2d33f4008 - EDA_ML_Analysis - memory usage: 4.5+ MB
[32m2025-12-14 11:33:40 +0800[0m - dagster - [34mINFO[0m - ELT_Pipeline_Job - 810c0e9d-6194-453c-b42d-c9e2d33f4008 - EDA_ML_Analysis - Training samples: 78932
[32m2025-12-14 11:33:40 +0800[0m - dagster - [34mINFO[0m - ELT_Pipeline_Job - 810c0e9d-6194-453c-b42d-c9e2d33f4008 - EDA_ML_Analysis - Testing samples: 19734
[32m2025-12-14 11:33:40 +0800[0m - dagster - [34mINFO[0m - ELT_Pipeline_Job - 810c0e9d-6194-453c-b42d-c9e2d33f4008 - EDA_ML_Analysis - Starting Linear Regression (Baseline) Training...
[32m2025-12-14 11:33:40 +0800[0m - dagster - [34mINFO[0m - ELT_Pipeline_Job - 810c0e9d-6194-453c-b42d-c9e2d33f4008 - EDA_ML_Analysis - --- Linear Regression (Baseline) Performance ---
[32m2025-12-14 11:33:40 +0800[0m - dagster - [34mINFO[0m - ELT_Pipeline_Job - 810c0e9d-6194-453c-b42d-c9e2d33f4008 - EDA_ML_Analysis - Root Mean Squared Error (RMSE): 21.02
[32m2025-12-14 11:33:40 +0800[0m - dagster - [34mINFO[0m - ELT_Pipeline_Job - 810c0e9d-6194-453c-b42d-c9e2d33f4008 - EDA_ML_Analysis - Mean Absolute Error (MAE): 8.76
[32m2025-12-14 11:33:40 +0800[0m - dagster - [34mINFO[0m - ELT_Pipeline_Job - 810c0e9d-6194-453c-b42d-c9e2d33f4008 - EDA_ML_Analysis - R-squared (R2): 0.2648
[32m2025-12-14 11:33:40 +0800[0m - dagster - [34mINFO[0m - ELT_Pipeline_Job - 810c0e9d-6194-453c-b42d-c9e2d33f4008 - EDA_ML_Analysis - ----------------------------------------
[32m2025-12-14 11:33:40 +0800[0m - dagster - [34mINFO[0m - ELT_Pipeline_Job - 810c0e9d-6194-453c-b42d-c9e2d33f4008 - EDA_ML_Analysis - Starting XGBoost Training...
[32m2025-12-14 11:33:40 +0800[0m - dagster - [34mINFO[0m - ELT_Pipeline_Job - 810c0e9d-6194-453c-b42d-c9e2d33f4008 - EDA_ML_Analysis - --- XGBoost Regressor Performance ---
[32m2025-12-14 11:33:40 +0800[0m - dagster - [34mINFO[0m - ELT_Pipeline_Job - 810c0e9d-6194-453c-b42d-c9e2d33f4008 - EDA_ML_Analysis - Root Mean Squared Error (RMSE): 21.01
[32m2025-12-14 11:33:40 +0800[0m - dagster - [34mINFO[0m - ELT_Pipeline_Job - 810c0e9d-6194-453c-b42d-c9e2d33f4008 - EDA_ML_Analysis - Mean Absolute Error (MAE): 8.44
[32m2025-12-14 11:33:40 +0800[0m - dagster - [34mINFO[0m - ELT_Pipeline_Job - 810c0e9d-6194-453c-b42d-c9e2d33f4008 - EDA_ML_Analysis - R-squared (R2): 0.2651
[32m2025-12-14 11:33:40 +0800[0m - dagster - [34mINFO[0m - ELT_Pipeline_Job - 810c0e9d-6194-453c-b42d-c9e2d33f4008 - EDA_ML_Analysis - ----------------------------------------
[32m2025-12-14 11:33:40 +0800[0m - dagster - [34mINFO[0m - ELT_Pipeline_Job - 810c0e9d-6194-453c-b42d-c9e2d33f4008 - EDA_ML_Analysis - ✅ Browser launched: https://pinghar.github.io/Brazilian-E-Commerce-Public-Dataset-by-Olist/
[32m2025-12-14 11:33:40 +0800[0m - dagster - [34mINFO[0m - ELT_Pipeline_Job - 810c0e9d-6194-453c-b42d-c9e2d33f4008 - EDA_ML_Analysis - ✅ [EDA] Report generated at /tmp/eda_report.html
[32m2025-12-14 11:33:40 +0800[0m - dagster - [34mDEBUG[0m - ELT_Pipeline_Job - 810c0e9d-6194-453c-b42d-c9e2d33f4008 - 16474 - EDA_ML_Analysis - STEP_OUTPUT - Yielded output "result" of type "Any". (Type check passed).
[32m2025-12-14 11:33:40 +0800[0m - dagster - [34mDEBUG[0m - ELT_Pipeline_Job - 810c0e9d-6194-453c-b42d-c9e2d33f4008 - EDA_ML_Analysis - Writing file at: /home/pingh/Brazilian-E-Commerce-Public-Dataset-by-Olist/.tmp_dagster_home_l174yq_9/storage/810c0e9d-6194-453c-b42d-c9e2d33f4008/EDA_ML_Analysis/result using PickledObjectFilesystemIOManager...
[32m2025-12-14 11:33:40 +0800[0m - dagster - [34mDEBUG[0m - ELT_Pipeline_Job - 810c0e9d-6194-453c-b42d-c9e2d33f4008 - 16474 - EDA_ML_Analysis - HANDLED_OUTPUT - Handled output "result" using IO manager "io_manager"
[32m2025-12-14 11:33:40 +0800[0m - dagster - [34mDEBUG[0m - ELT_Pipeline_Job - 810c0e9d-6194-453c-b42d-c9e2d33f4008 - 16474 - EDA_ML_Analysis - STEP_SUCCESS - Finished execution of step "EDA_ML_Analysis" in 1m56s.
