[32m2025-12-14 11:30:39 +0800[0m - dagster - [34mDEBUG[0m - ELT_Pipeline_Job - 810c0e9d-6194-453c-b42d-c9e2d33f4008 - 12929 - LOGS_CAPTURED - Started capturing logs in process (pid: 12929).
[32m2025-12-14 11:30:39 +0800[0m - dagster - [34mDEBUG[0m - ELT_Pipeline_Job - 810c0e9d-6194-453c-b42d-c9e2d33f4008 - 12929 - DBT_TFM_Build - STEP_START - Started execution of step "DBT_TFM_Build".
[32m2025-12-14 11:30:39 +0800[0m - dagster - [34mINFO[0m - ELT_Pipeline_Job - 810c0e9d-6194-453c-b42d-c9e2d33f4008 - DBT_TFM_Build - 🛠️ [dbt] Building Dim & Fact models...
[32m2025-12-14 11:30:55 +0800[0m - dagster - [34mINFO[0m - ELT_Pipeline_Job - 810c0e9d-6194-453c-b42d-c9e2d33f4008 - DBT_TFM_Build - [0m03:30:43  Running with dbt=1.9.6
[32m2025-12-14 11:30:55 +0800[0m - dagster - [34mINFO[0m - ELT_Pipeline_Job - 810c0e9d-6194-453c-b42d-c9e2d33f4008 - DBT_TFM_Build - [0m03:30:45  Registered adapter: bigquery=1.9.1
[32m2025-12-14 11:30:55 +0800[0m - dagster - [34mINFO[0m - ELT_Pipeline_Job - 810c0e9d-6194-453c-b42d-c9e2d33f4008 - DBT_TFM_Build - [0m03:30:46  [[33mWARNING[0m]: Configuration paths exist in your dbt_project.yml file which do not apply to any resources.
[32m2025-12-14 11:30:55 +0800[0m - dagster - [34mINFO[0m - ELT_Pipeline_Job - 810c0e9d-6194-453c-b42d-c9e2d33f4008 - DBT_TFM_Build - There are 3 unused configuration paths:
[32m2025-12-14 11:30:55 +0800[0m - dagster - [34mINFO[0m - ELT_Pipeline_Job - 810c0e9d-6194-453c-b42d-c9e2d33f4008 - DBT_TFM_Build - - models.dbt_edits_star_db.marts.dim
[32m2025-12-14 11:30:55 +0800[0m - dagster - [34mINFO[0m - ELT_Pipeline_Job - 810c0e9d-6194-453c-b42d-c9e2d33f4008 - DBT_TFM_Build - - models.dbt_edits_star_db.staging
[32m2025-12-14 11:30:55 +0800[0m - dagster - [34mINFO[0m - ELT_Pipeline_Job - 810c0e9d-6194-453c-b42d-c9e2d33f4008 - DBT_TFM_Build - - models.dbt_edits_star_db.marts.fact
[32m2025-12-14 11:30:55 +0800[0m - dagster - [34mINFO[0m - ELT_Pipeline_Job - 810c0e9d-6194-453c-b42d-c9e2d33f4008 - DBT_TFM_Build - [0m03:30:46  Found 12 models, 11 data tests, 9 sources, 492 macros
[32m2025-12-14 11:30:55 +0800[0m - dagster - [34mINFO[0m - ELT_Pipeline_Job - 810c0e9d-6194-453c-b42d-c9e2d33f4008 - DBT_TFM_Build - [0m03:30:46  
[32m2025-12-14 11:30:55 +0800[0m - dagster - [34mINFO[0m - ELT_Pipeline_Job - 810c0e9d-6194-453c-b42d-c9e2d33f4008 - DBT_TFM_Build - [0m03:30:46  Concurrency: 4 threads (target='dev')
[32m2025-12-14 11:30:55 +0800[0m - dagster - [34mINFO[0m - ELT_Pipeline_Job - 810c0e9d-6194-453c-b42d-c9e2d33f4008 - DBT_TFM_Build - [0m03:30:46  
[32m2025-12-14 11:30:55 +0800[0m - dagster - [34mINFO[0m - ELT_Pipeline_Job - 810c0e9d-6194-453c-b42d-c9e2d33f4008 - DBT_TFM_Build - [0m03:30:47  1 of 1 START sql table model ecommerce.fact_db_order_items ..................... [RUN]
[32m2025-12-14 11:30:55 +0800[0m - dagster - [34mINFO[0m - ELT_Pipeline_Job - 810c0e9d-6194-453c-b42d-c9e2d33f4008 - DBT_TFM_Build - [0m03:30:52  1 of 1 OK created sql table model ecommerce.fact_db_order_items ................ [[32mCREATE TABLE (112.7k rows, 21.2 MiB processed)[0m in 5.16s]
[32m2025-12-14 11:30:55 +0800[0m - dagster - [34mINFO[0m - ELT_Pipeline_Job - 810c0e9d-6194-453c-b42d-c9e2d33f4008 - DBT_TFM_Build - [0m03:30:52  
[32m2025-12-14 11:30:55 +0800[0m - dagster - [34mINFO[0m - ELT_Pipeline_Job - 810c0e9d-6194-453c-b42d-c9e2d33f4008 - DBT_TFM_Build - [0m03:30:52  Finished running 1 table model in 0 hours 0 minutes and 6.07 seconds (6.07s).
[32m2025-12-14 11:30:55 +0800[0m - dagster - [34mINFO[0m - ELT_Pipeline_Job - 810c0e9d-6194-453c-b42d-c9e2d33f4008 - DBT_TFM_Build - [0m03:30:52  
[32m2025-12-14 11:30:55 +0800[0m - dagster - [34mINFO[0m - ELT_Pipeline_Job - 810c0e9d-6194-453c-b42d-c9e2d33f4008 - DBT_TFM_Build - [0m03:30:52  [32mCompleted successfully[0m
[32m2025-12-14 11:30:55 +0800[0m - dagster - [34mINFO[0m - ELT_Pipeline_Job - 810c0e9d-6194-453c-b42d-c9e2d33f4008 - DBT_TFM_Build - [0m03:30:52  
[32m2025-12-14 11:30:55 +0800[0m - dagster - [34mINFO[0m - ELT_Pipeline_Job - 810c0e9d-6194-453c-b42d-c9e2d33f4008 - DBT_TFM_Build - [0m03:30:52  Done. PASS=1 WARN=0 ERROR=0 SKIP=0 TOTAL=1
[32m2025-12-14 11:30:55 +0800[0m - dagster - [34mINFO[0m - ELT_Pipeline_Job - 810c0e9d-6194-453c-b42d-c9e2d33f4008 - DBT_TFM_Build - ▶ Running dbt fact models: path:marts/fact ...
[32m2025-12-14 11:30:55 +0800[0m - dagster - [34mINFO[0m - ELT_Pipeline_Job - 810c0e9d-6194-453c-b42d-c9e2d33f4008 - DBT_TFM_Build - ✅ dbt run (fact) completed successfully.
[32m2025-12-14 11:31:09 +0800[0m - dagster - [34mINFO[0m - ELT_Pipeline_Job - 810c0e9d-6194-453c-b42d-c9e2d33f4008 - DBT_TFM_Build - [0m03:30:59  Running with dbt=1.9.6
[32m2025-12-14 11:31:09 +0800[0m - dagster - [34mINFO[0m - ELT_Pipeline_Job - 810c0e9d-6194-453c-b42d-c9e2d33f4008 - DBT_TFM_Build - [0m03:31:01  Registered adapter: bigquery=1.9.1
[32m2025-12-14 11:31:09 +0800[0m - dagster - [34mINFO[0m - ELT_Pipeline_Job - 810c0e9d-6194-453c-b42d-c9e2d33f4008 - DBT_TFM_Build - [0m03:31:01  [[33mWARNING[0m]: Configuration paths exist in your dbt_project.yml file which do not apply to any resources.
[32m2025-12-14 11:31:09 +0800[0m - dagster - [34mINFO[0m - ELT_Pipeline_Job - 810c0e9d-6194-453c-b42d-c9e2d33f4008 - DBT_TFM_Build - There are 3 unused configuration paths:
[32m2025-12-14 11:31:09 +0800[0m - dagster - [34mINFO[0m - ELT_Pipeline_Job - 810c0e9d-6194-453c-b42d-c9e2d33f4008 - DBT_TFM_Build - - models.dbt_edits_star_db.marts.dim
[32m2025-12-14 11:31:09 +0800[0m - dagster - [34mINFO[0m - ELT_Pipeline_Job - 810c0e9d-6194-453c-b42d-c9e2d33f4008 - DBT_TFM_Build - - models.dbt_edits_star_db.marts.fact
[32m2025-12-14 11:31:09 +0800[0m - dagster - [34mINFO[0m - ELT_Pipeline_Job - 810c0e9d-6194-453c-b42d-c9e2d33f4008 - DBT_TFM_Build - - models.dbt_edits_star_db.staging
[32m2025-12-14 11:31:09 +0800[0m - dagster - [34mINFO[0m - ELT_Pipeline_Job - 810c0e9d-6194-453c-b42d-c9e2d33f4008 - DBT_TFM_Build - [0m03:31:02  Found 12 models, 11 data tests, 9 sources, 492 macros
[32m2025-12-14 11:31:09 +0800[0m - dagster - [34mINFO[0m - ELT_Pipeline_Job - 810c0e9d-6194-453c-b42d-c9e2d33f4008 - DBT_TFM_Build - [0m03:31:02  
[32m2025-12-14 11:31:09 +0800[0m - dagster - [34mINFO[0m - ELT_Pipeline_Job - 810c0e9d-6194-453c-b42d-c9e2d33f4008 - DBT_TFM_Build - [0m03:31:02  Concurrency: 4 threads (target='dev')
[32m2025-12-14 11:31:09 +0800[0m - dagster - [34mINFO[0m - ELT_Pipeline_Job - 810c0e9d-6194-453c-b42d-c9e2d33f4008 - DBT_TFM_Build - [0m03:31:02  
[32m2025-12-14 11:31:10 +0800[0m - dagster - [34mINFO[0m - ELT_Pipeline_Job - 810c0e9d-6194-453c-b42d-c9e2d33f4008 - DBT_TFM_Build - [0m03:31:03  1 of 4 START sql table model ecommerce.dim_db_customers ........................ [RUN]
[32m2025-12-14 11:31:10 +0800[0m - dagster - [34mINFO[0m - ELT_Pipeline_Job - 810c0e9d-6194-453c-b42d-c9e2d33f4008 - DBT_TFM_Build - [0m03:31:03  2 of 4 START sql table model ecommerce.dim_db_dates ............................ [RUN]
[32m2025-12-14 11:31:10 +0800[0m - dagster - [34mINFO[0m - ELT_Pipeline_Job - 810c0e9d-6194-453c-b42d-c9e2d33f4008 - DBT_TFM_Build - [0m03:31:03  3 of 4 START sql table model ecommerce.dim_db_products ......................... [RUN]
[32m2025-12-14 11:31:10 +0800[0m - dagster - [34mINFO[0m - ELT_Pipeline_Job - 810c0e9d-6194-453c-b42d-c9e2d33f4008 - DBT_TFM_Build - [0m03:31:03  4 of 4 START sql table model ecommerce.dim_db_sellers .......................... [RUN]
[32m2025-12-14 11:31:10 +0800[0m - dagster - [34mINFO[0m - ELT_Pipeline_Job - 810c0e9d-6194-453c-b42d-c9e2d33f4008 - DBT_TFM_Build - [0m03:31:06  2 of 4 OK created sql table model ecommerce.dim_db_dates ....................... [[32mCREATE TABLE (634.0 rows, 2.0 MiB processed)[0m in 3.10s]
[32m2025-12-14 11:31:10 +0800[0m - dagster - [34mINFO[0m - ELT_Pipeline_Job - 810c0e9d-6194-453c-b42d-c9e2d33f4008 - DBT_TFM_Build - [0m03:31:06  4 of 4 OK created sql table model ecommerce.dim_db_sellers ..................... [[32mCREATE TABLE (3.1k rows, 171.8 KiB processed)[0m in 3.44s]
[32m2025-12-14 11:31:10 +0800[0m - dagster - [34mINFO[0m - ELT_Pipeline_Job - 810c0e9d-6194-453c-b42d-c9e2d33f4008 - DBT_TFM_Build - [0m03:31:06  3 of 4 OK created sql table model ecommerce.dim_db_products .................... [[32mCREATE TABLE (33.0k rows, 2.4 MiB processed)[0m in 3.60s]
[32m2025-12-14 11:31:10 +0800[0m - dagster - [34mINFO[0m - ELT_Pipeline_Job - 810c0e9d-6194-453c-b42d-c9e2d33f4008 - DBT_TFM_Build - [0m03:31:06  1 of 4 OK created sql table model ecommerce.dim_db_customers ................... [[32mCREATE TABLE (99.4k rows, 8.6 MiB processed)[0m in 3.81s]
[32m2025-12-14 11:31:10 +0800[0m - dagster - [34mINFO[0m - ELT_Pipeline_Job - 810c0e9d-6194-453c-b42d-c9e2d33f4008 - DBT_TFM_Build - [0m03:31:06  
[32m2025-12-14 11:31:10 +0800[0m - dagster - [34mINFO[0m - ELT_Pipeline_Job - 810c0e9d-6194-453c-b42d-c9e2d33f4008 - DBT_TFM_Build - [0m03:31:06  Finished running 4 table models in 0 hours 0 minutes and 4.70 seconds (4.70s).
[32m2025-12-14 11:31:10 +0800[0m - dagster - [34mINFO[0m - ELT_Pipeline_Job - 810c0e9d-6194-453c-b42d-c9e2d33f4008 - DBT_TFM_Build - [0m03:31:07  
[32m2025-12-14 11:31:10 +0800[0m - dagster - [34mINFO[0m - ELT_Pipeline_Job - 810c0e9d-6194-453c-b42d-c9e2d33f4008 - DBT_TFM_Build - [0m03:31:07  [32mCompleted successfully[0m
[32m2025-12-14 11:31:10 +0800[0m - dagster - [34mINFO[0m - ELT_Pipeline_Job - 810c0e9d-6194-453c-b42d-c9e2d33f4008 - DBT_TFM_Build - [0m03:31:07  
[32m2025-12-14 11:31:10 +0800[0m - dagster - [34mINFO[0m - ELT_Pipeline_Job - 810c0e9d-6194-453c-b42d-c9e2d33f4008 - DBT_TFM_Build - [0m03:31:07  Done. PASS=4 WARN=0 ERROR=0 SKIP=0 TOTAL=4
[32m2025-12-14 11:31:10 +0800[0m - dagster - [34mINFO[0m - ELT_Pipeline_Job - 810c0e9d-6194-453c-b42d-c9e2d33f4008 - DBT_TFM_Build - ▶ Running dbt dimension models: path:marts/dim ...
[32m2025-12-14 11:31:10 +0800[0m - dagster - [34mINFO[0m - ELT_Pipeline_Job - 810c0e9d-6194-453c-b42d-c9e2d33f4008 - DBT_TFM_Build - ✅ dbt run (dim) completed successfully.
[32m2025-12-14 11:31:10 +0800[0m - dagster - [34mINFO[0m - ELT_Pipeline_Job - 810c0e9d-6194-453c-b42d-c9e2d33f4008 - DBT_TFM_Build - ✅ [dbt] Dim & Fact models built successfully.
[32m2025-12-14 11:31:10 +0800[0m - dagster - [34mDEBUG[0m - ELT_Pipeline_Job - 810c0e9d-6194-453c-b42d-c9e2d33f4008 - 12929 - DBT_TFM_Build - STEP_OUTPUT - Yielded output "result" of type "String". (Type check passed).
[32m2025-12-14 11:31:10 +0800[0m - dagster - [34mDEBUG[0m - ELT_Pipeline_Job - 810c0e9d-6194-453c-b42d-c9e2d33f4008 - DBT_TFM_Build - Writing file at: /home/pingh/Brazilian-E-Commerce-Public-Dataset-by-Olist/.tmp_dagster_home_l174yq_9/storage/810c0e9d-6194-453c-b42d-c9e2d33f4008/DBT_TFM_Build/result using PickledObjectFilesystemIOManager...
[32m2025-12-14 11:31:10 +0800[0m - dagster - [34mDEBUG[0m - ELT_Pipeline_Job - 810c0e9d-6194-453c-b42d-c9e2d33f4008 - 12929 - DBT_TFM_Build - HANDLED_OUTPUT - Handled output "result" using IO manager "io_manager"
[32m2025-12-14 11:31:10 +0800[0m - dagster - [34mDEBUG[0m - ELT_Pipeline_Job - 810c0e9d-6194-453c-b42d-c9e2d33f4008 - 12929 - DBT_TFM_Build - STEP_SUCCESS - Finished execution of step "DBT_TFM_Build" in 31.35s.
