[32m2025-12-14 11:31:13 +0800[0m - dagster - [34mDEBUG[0m - ELT_Pipeline_Job - 810c0e9d-6194-453c-b42d-c9e2d33f4008 - 14728 - LOGS_CAPTURED - Started capturing logs in process (pid: 14728).
[32m2025-12-14 11:31:13 +0800[0m - dagster - [34mDEBUG[0m - ELT_Pipeline_Job - 810c0e9d-6194-453c-b42d-c9e2d33f4008 - 14728 - DBT_TFM_Test - STEP_START - Started execution of step "DBT_TFM_Test".
[32m2025-12-14 11:31:13 +0800[0m - dagster - [34mINFO[0m - ELT_Pipeline_Job - 810c0e9d-6194-453c-b42d-c9e2d33f4008 - DBT_TFM_Test - 🛠️ [dbt] Running schema tests on Dim & Fact tables...
[32m2025-12-14 11:31:26 +0800[0m - dagster - [34mINFO[0m - ELT_Pipeline_Job - 810c0e9d-6194-453c-b42d-c9e2d33f4008 - DBT_TFM_Test - [0m03:31:17  Running with dbt=1.9.6
[32m2025-12-14 11:31:26 +0800[0m - dagster - [34mINFO[0m - ELT_Pipeline_Job - 810c0e9d-6194-453c-b42d-c9e2d33f4008 - DBT_TFM_Test - [0m03:31:19  Registered adapter: bigquery=1.9.1
[32m2025-12-14 11:31:26 +0800[0m - dagster - [34mINFO[0m - ELT_Pipeline_Job - 810c0e9d-6194-453c-b42d-c9e2d33f4008 - DBT_TFM_Test - [0m03:31:20  [[33mWARNING[0m]: Configuration paths exist in your dbt_project.yml file which do not apply to any resources.
[32m2025-12-14 11:31:26 +0800[0m - dagster - [34mINFO[0m - ELT_Pipeline_Job - 810c0e9d-6194-453c-b42d-c9e2d33f4008 - DBT_TFM_Test - There are 3 unused configuration paths:
[32m2025-12-14 11:31:26 +0800[0m - dagster - [34mINFO[0m - ELT_Pipeline_Job - 810c0e9d-6194-453c-b42d-c9e2d33f4008 - DBT_TFM_Test - - models.dbt_edits_star_db.marts.dim
[32m2025-12-14 11:31:26 +0800[0m - dagster - [34mINFO[0m - ELT_Pipeline_Job - 810c0e9d-6194-453c-b42d-c9e2d33f4008 - DBT_TFM_Test - - models.dbt_edits_star_db.staging
[32m2025-12-14 11:31:26 +0800[0m - dagster - [34mINFO[0m - ELT_Pipeline_Job - 810c0e9d-6194-453c-b42d-c9e2d33f4008 - DBT_TFM_Test - - models.dbt_edits_star_db.marts.fact
[32m2025-12-14 11:31:26 +0800[0m - dagster - [34mINFO[0m - ELT_Pipeline_Job - 810c0e9d-6194-453c-b42d-c9e2d33f4008 - DBT_TFM_Test - [0m03:31:20  Found 12 models, 11 data tests, 9 sources, 492 macros
[32m2025-12-14 11:31:26 +0800[0m - dagster - [34mINFO[0m - ELT_Pipeline_Job - 810c0e9d-6194-453c-b42d-c9e2d33f4008 - DBT_TFM_Test - [0m03:31:20  
[32m2025-12-14 11:31:26 +0800[0m - dagster - [34mINFO[0m - ELT_Pipeline_Job - 810c0e9d-6194-453c-b42d-c9e2d33f4008 - DBT_TFM_Test - [0m03:31:20  Concurrency: 4 threads (target='dev')
[32m2025-12-14 11:31:26 +0800[0m - dagster - [34mINFO[0m - ELT_Pipeline_Job - 810c0e9d-6194-453c-b42d-c9e2d33f4008 - DBT_TFM_Test - [0m03:31:20  
[32m2025-12-14 11:31:26 +0800[0m - dagster - [34mINFO[0m - ELT_Pipeline_Job - 810c0e9d-6194-453c-b42d-c9e2d33f4008 - DBT_TFM_Test - [0m03:31:21  1 of 3 START test not_null_fact_db_order_items_customer_id ..................... [RUN]
[32m2025-12-14 11:31:26 +0800[0m - dagster - [34mINFO[0m - ELT_Pipeline_Job - 810c0e9d-6194-453c-b42d-c9e2d33f4008 - DBT_TFM_Test - [0m03:31:21  2 of 3 START test not_null_fact_db_order_items_order_id ........................ [RUN]
[32m2025-12-14 11:31:26 +0800[0m - dagster - [34mINFO[0m - ELT_Pipeline_Job - 810c0e9d-6194-453c-b42d-c9e2d33f4008 - DBT_TFM_Test - [0m03:31:21  3 of 3 START test not_null_fact_db_order_items_order_item_id ................... [RUN]
[32m2025-12-14 11:31:26 +0800[0m - dagster - [34mINFO[0m - ELT_Pipeline_Job - 810c0e9d-6194-453c-b42d-c9e2d33f4008 - DBT_TFM_Test - [0m03:31:22  1 of 3 PASS not_null_fact_db_order_items_customer_id ........................... [[32mPASS[0m in 1.68s]
[32m2025-12-14 11:31:26 +0800[0m - dagster - [34mINFO[0m - ELT_Pipeline_Job - 810c0e9d-6194-453c-b42d-c9e2d33f4008 - DBT_TFM_Test - [0m03:31:22  2 of 3 PASS not_null_fact_db_order_items_order_id .............................. [[32mPASS[0m in 1.73s]
[32m2025-12-14 11:31:26 +0800[0m - dagster - [34mINFO[0m - ELT_Pipeline_Job - 810c0e9d-6194-453c-b42d-c9e2d33f4008 - DBT_TFM_Test - [0m03:31:23  3 of 3 PASS not_null_fact_db_order_items_order_item_id ......................... [[32mPASS[0m in 1.81s]
[32m2025-12-14 11:31:26 +0800[0m - dagster - [34mINFO[0m - ELT_Pipeline_Job - 810c0e9d-6194-453c-b42d-c9e2d33f4008 - DBT_TFM_Test - [0m03:31:23  
[32m2025-12-14 11:31:26 +0800[0m - dagster - [34mINFO[0m - ELT_Pipeline_Job - 810c0e9d-6194-453c-b42d-c9e2d33f4008 - DBT_TFM_Test - [0m03:31:23  Finished running 3 data tests in 0 hours 0 minutes and 2.38 seconds (2.38s).
[32m2025-12-14 11:31:26 +0800[0m - dagster - [34mINFO[0m - ELT_Pipeline_Job - 810c0e9d-6194-453c-b42d-c9e2d33f4008 - DBT_TFM_Test - [0m03:31:23  
[32m2025-12-14 11:31:26 +0800[0m - dagster - [34mINFO[0m - ELT_Pipeline_Job - 810c0e9d-6194-453c-b42d-c9e2d33f4008 - DBT_TFM_Test - [0m03:31:23  [32mCompleted successfully[0m
[32m2025-12-14 11:31:26 +0800[0m - dagster - [34mINFO[0m - ELT_Pipeline_Job - 810c0e9d-6194-453c-b42d-c9e2d33f4008 - DBT_TFM_Test - [0m03:31:23  
[32m2025-12-14 11:31:26 +0800[0m - dagster - [34mINFO[0m - ELT_Pipeline_Job - 810c0e9d-6194-453c-b42d-c9e2d33f4008 - DBT_TFM_Test - [0m03:31:23  Done. PASS=3 WARN=0 ERROR=0 SKIP=0 TOTAL=3
[32m2025-12-14 11:31:26 +0800[0m - dagster - [34mINFO[0m - ELT_Pipeline_Job - 810c0e9d-6194-453c-b42d-c9e2d33f4008 - DBT_TFM_Test - ▶ Testing dbt fact models: path:marts/fact ...
[32m2025-12-14 11:31:26 +0800[0m - dagster - [34mINFO[0m - ELT_Pipeline_Job - 810c0e9d-6194-453c-b42d-c9e2d33f4008 - DBT_TFM_Test - ✅ dbt test (fact) completed successfully.
[32m2025-12-14 11:31:40 +0800[0m - dagster - [34mINFO[0m - ELT_Pipeline_Job - 810c0e9d-6194-453c-b42d-c9e2d33f4008 - DBT_TFM_Test - [0m03:31:31  Running with dbt=1.9.6
[32m2025-12-14 11:31:40 +0800[0m - dagster - [34mINFO[0m - ELT_Pipeline_Job - 810c0e9d-6194-453c-b42d-c9e2d33f4008 - DBT_TFM_Test - [0m03:31:33  Registered adapter: bigquery=1.9.1
[32m2025-12-14 11:31:40 +0800[0m - dagster - [34mINFO[0m - ELT_Pipeline_Job - 810c0e9d-6194-453c-b42d-c9e2d33f4008 - DBT_TFM_Test - [0m03:31:34  [[33mWARNING[0m]: Configuration paths exist in your dbt_project.yml file which do not apply to any resources.
[32m2025-12-14 11:31:40 +0800[0m - dagster - [34mINFO[0m - ELT_Pipeline_Job - 810c0e9d-6194-453c-b42d-c9e2d33f4008 - DBT_TFM_Test - There are 3 unused configuration paths:
[32m2025-12-14 11:31:40 +0800[0m - dagster - [34mINFO[0m - ELT_Pipeline_Job - 810c0e9d-6194-453c-b42d-c9e2d33f4008 - DBT_TFM_Test - - models.dbt_edits_star_db.marts.fact
[32m2025-12-14 11:31:40 +0800[0m - dagster - [34mINFO[0m - ELT_Pipeline_Job - 810c0e9d-6194-453c-b42d-c9e2d33f4008 - DBT_TFM_Test - - models.dbt_edits_star_db.staging
[32m2025-12-14 11:31:40 +0800[0m - dagster - [34mINFO[0m - ELT_Pipeline_Job - 810c0e9d-6194-453c-b42d-c9e2d33f4008 - DBT_TFM_Test - - models.dbt_edits_star_db.marts.dim
[32m2025-12-14 11:31:40 +0800[0m - dagster - [34mINFO[0m - ELT_Pipeline_Job - 810c0e9d-6194-453c-b42d-c9e2d33f4008 - DBT_TFM_Test - [0m03:31:34  Found 12 models, 11 data tests, 9 sources, 492 macros
[32m2025-12-14 11:31:40 +0800[0m - dagster - [34mINFO[0m - ELT_Pipeline_Job - 810c0e9d-6194-453c-b42d-c9e2d33f4008 - DBT_TFM_Test - [0m03:31:34  
[32m2025-12-14 11:31:40 +0800[0m - dagster - [34mINFO[0m - ELT_Pipeline_Job - 810c0e9d-6194-453c-b42d-c9e2d33f4008 - DBT_TFM_Test - [0m03:31:34  Concurrency: 4 threads (target='dev')
[32m2025-12-14 11:31:40 +0800[0m - dagster - [34mINFO[0m - ELT_Pipeline_Job - 810c0e9d-6194-453c-b42d-c9e2d33f4008 - DBT_TFM_Test - [0m03:31:34  
[32m2025-12-14 11:31:40 +0800[0m - dagster - [34mINFO[0m - ELT_Pipeline_Job - 810c0e9d-6194-453c-b42d-c9e2d33f4008 - DBT_TFM_Test - [0m03:31:34  1 of 8 START test not_null_dim_db_customers_customer_id ........................ [RUN]
[32m2025-12-14 11:31:40 +0800[0m - dagster - [34mINFO[0m - ELT_Pipeline_Job - 810c0e9d-6194-453c-b42d-c9e2d33f4008 - DBT_TFM_Test - [0m03:31:34  2 of 8 START test not_null_dim_db_dates_date_key ............................... [RUN]
[32m2025-12-14 11:31:40 +0800[0m - dagster - [34mINFO[0m - ELT_Pipeline_Job - 810c0e9d-6194-453c-b42d-c9e2d33f4008 - DBT_TFM_Test - [0m03:31:34  3 of 8 START test not_null_dim_db_products_product_id .......................... [RUN]
[32m2025-12-14 11:31:40 +0800[0m - dagster - [34mINFO[0m - ELT_Pipeline_Job - 810c0e9d-6194-453c-b42d-c9e2d33f4008 - DBT_TFM_Test - [0m03:31:34  4 of 8 START test not_null_dim_db_sellers_seller_id ............................ [RUN]
[32m2025-12-14 11:31:41 +0800[0m - dagster - [34mINFO[0m - ELT_Pipeline_Job - 810c0e9d-6194-453c-b42d-c9e2d33f4008 - DBT_TFM_Test - [0m03:31:36  2 of 8 PASS not_null_dim_db_dates_date_key ..................................... [[32mPASS[0m in 1.73s]
[32m2025-12-14 11:31:41 +0800[0m - dagster - [34mINFO[0m - ELT_Pipeline_Job - 810c0e9d-6194-453c-b42d-c9e2d33f4008 - DBT_TFM_Test - [0m03:31:36  3 of 8 PASS not_null_dim_db_products_product_id ................................ [[32mPASS[0m in 1.73s]
[32m2025-12-14 11:31:41 +0800[0m - dagster - [34mINFO[0m - ELT_Pipeline_Job - 810c0e9d-6194-453c-b42d-c9e2d33f4008 - DBT_TFM_Test - [0m03:31:36  5 of 8 START test unique_dim_db_customers_customer_id .......................... [RUN]
[32m2025-12-14 11:31:41 +0800[0m - dagster - [34mINFO[0m - ELT_Pipeline_Job - 810c0e9d-6194-453c-b42d-c9e2d33f4008 - DBT_TFM_Test - [0m03:31:36  6 of 8 START test unique_dim_db_dates_date_key ................................. [RUN]
[32m2025-12-14 11:31:41 +0800[0m - dagster - [34mINFO[0m - ELT_Pipeline_Job - 810c0e9d-6194-453c-b42d-c9e2d33f4008 - DBT_TFM_Test - [0m03:31:36  4 of 8 PASS not_null_dim_db_sellers_seller_id .................................. [[32mPASS[0m in 1.80s]
[32m2025-12-14 11:31:41 +0800[0m - dagster - [34mINFO[0m - ELT_Pipeline_Job - 810c0e9d-6194-453c-b42d-c9e2d33f4008 - DBT_TFM_Test - [0m03:31:36  7 of 8 START test unique_dim_db_products_product_id ............................ [RUN]
[32m2025-12-14 11:31:41 +0800[0m - dagster - [34mINFO[0m - ELT_Pipeline_Job - 810c0e9d-6194-453c-b42d-c9e2d33f4008 - DBT_TFM_Test - [0m03:31:36  1 of 8 PASS not_null_dim_db_customers_customer_id .............................. [[32mPASS[0m in 1.82s]
[32m2025-12-14 11:31:41 +0800[0m - dagster - [34mINFO[0m - ELT_Pipeline_Job - 810c0e9d-6194-453c-b42d-c9e2d33f4008 - DBT_TFM_Test - [0m03:31:36  8 of 8 START test unique_dim_db_sellers_seller_id .............................. [RUN]
[32m2025-12-14 11:31:41 +0800[0m - dagster - [34mINFO[0m - ELT_Pipeline_Job - 810c0e9d-6194-453c-b42d-c9e2d33f4008 - DBT_TFM_Test - [0m03:31:38  6 of 8 PASS unique_dim_db_dates_date_key ....................................... [[32mPASS[0m in 1.65s]
[32m2025-12-14 11:31:41 +0800[0m - dagster - [34mINFO[0m - ELT_Pipeline_Job - 810c0e9d-6194-453c-b42d-c9e2d33f4008 - DBT_TFM_Test - [0m03:31:38  7 of 8 PASS unique_dim_db_products_product_id .................................. [[32mPASS[0m in 1.60s]
[32m2025-12-14 11:31:41 +0800[0m - dagster - [34mINFO[0m - ELT_Pipeline_Job - 810c0e9d-6194-453c-b42d-c9e2d33f4008 - DBT_TFM_Test - [0m03:31:38  5 of 8 PASS unique_dim_db_customers_customer_id ................................ [[32mPASS[0m in 1.67s]
[32m2025-12-14 11:31:41 +0800[0m - dagster - [34mINFO[0m - ELT_Pipeline_Job - 810c0e9d-6194-453c-b42d-c9e2d33f4008 - DBT_TFM_Test - [0m03:31:38  8 of 8 PASS unique_dim_db_sellers_seller_id .................................... [[32mPASS[0m in 1.59s]
[32m2025-12-14 11:31:41 +0800[0m - dagster - [34mINFO[0m - ELT_Pipeline_Job - 810c0e9d-6194-453c-b42d-c9e2d33f4008 - DBT_TFM_Test - [0m03:31:38  
[32m2025-12-14 11:31:41 +0800[0m - dagster - [34mINFO[0m - ELT_Pipeline_Job - 810c0e9d-6194-453c-b42d-c9e2d33f4008 - DBT_TFM_Test - [0m03:31:38  Finished running 8 data tests in 0 hours 0 minutes and 3.95 seconds (3.95s).
[32m2025-12-14 11:31:41 +0800[0m - dagster - [34mINFO[0m - ELT_Pipeline_Job - 810c0e9d-6194-453c-b42d-c9e2d33f4008 - DBT_TFM_Test - [0m03:31:38  
[32m2025-12-14 11:31:41 +0800[0m - dagster - [34mINFO[0m - ELT_Pipeline_Job - 810c0e9d-6194-453c-b42d-c9e2d33f4008 - DBT_TFM_Test - [0m03:31:38  [32mCompleted successfully[0m
[32m2025-12-14 11:31:41 +0800[0m - dagster - [34mINFO[0m - ELT_Pipeline_Job - 810c0e9d-6194-453c-b42d-c9e2d33f4008 - DBT_TFM_Test - [0m03:31:38  
[32m2025-12-14 11:31:41 +0800[0m - dagster - [34mINFO[0m - ELT_Pipeline_Job - 810c0e9d-6194-453c-b42d-c9e2d33f4008 - DBT_TFM_Test - [0m03:31:38  Done. PASS=8 WARN=0 ERROR=0 SKIP=0 TOTAL=8
[32m2025-12-14 11:31:41 +0800[0m - dagster - [34mINFO[0m - ELT_Pipeline_Job - 810c0e9d-6194-453c-b42d-c9e2d33f4008 - DBT_TFM_Test - ▶ Testing dbt dimension models: path:marts/dim ...
[32m2025-12-14 11:31:41 +0800[0m - dagster - [34mINFO[0m - ELT_Pipeline_Job - 810c0e9d-6194-453c-b42d-c9e2d33f4008 - DBT_TFM_Test - ✅ dbt test (dim) completed successfully.
[32m2025-12-14 11:31:41 +0800[0m - dagster - [34mINFO[0m - ELT_Pipeline_Job - 810c0e9d-6194-453c-b42d-c9e2d33f4008 - DBT_TFM_Test - ✅ [dbt] Dim & Fact tables tested successfully.
[32m2025-12-14 11:31:41 +0800[0m - dagster - [34mDEBUG[0m - ELT_Pipeline_Job - 810c0e9d-6194-453c-b42d-c9e2d33f4008 - 14728 - DBT_TFM_Test - STEP_OUTPUT - Yielded output "result" of type "String". (Type check passed).
[32m2025-12-14 11:31:41 +0800[0m - dagster - [34mDEBUG[0m - ELT_Pipeline_Job - 810c0e9d-6194-453c-b42d-c9e2d33f4008 - DBT_TFM_Test - Writing file at: /home/pingh/Brazilian-E-Commerce-Public-Dataset-by-Olist/.tmp_dagster_home_l174yq_9/storage/810c0e9d-6194-453c-b42d-c9e2d33f4008/DBT_TFM_Test/result using PickledObjectFilesystemIOManager...
[32m2025-12-14 11:31:41 +0800[0m - dagster - [34mDEBUG[0m - ELT_Pipeline_Job - 810c0e9d-6194-453c-b42d-c9e2d33f4008 - 14728 - DBT_TFM_Test - HANDLED_OUTPUT - Handled output "result" using IO manager "io_manager"
[32m2025-12-14 11:31:41 +0800[0m - dagster - [34mDEBUG[0m - ELT_Pipeline_Job - 810c0e9d-6194-453c-b42d-c9e2d33f4008 - 14728 - DBT_TFM_Test - STEP_SUCCESS - Finished execution of step "DBT_TFM_Test" in 28.2s.
