[32m2025-12-14 11:30:08 +0800[0m - dagster - [34mDEBUG[0m - ELT_Pipeline_Job - 810c0e9d-6194-453c-b42d-c9e2d33f4008 - 11231 - LOGS_CAPTURED - Started capturing logs in process (pid: 11231).
[32m2025-12-14 11:30:08 +0800[0m - dagster - [34mDEBUG[0m - ELT_Pipeline_Job - 810c0e9d-6194-453c-b42d-c9e2d33f4008 - 11231 - DBT_STG_Build - STEP_START - Started execution of step "DBT_STG_Build".
[32m2025-12-14 11:30:08 +0800[0m - dagster - [34mINFO[0m - ELT_Pipeline_Job - 810c0e9d-6194-453c-b42d-c9e2d33f4008 - DBT_STG_Build - 🛠️ [dbt] Building staging models...
[32m2025-12-14 11:30:22 +0800[0m - dagster - [34mINFO[0m - ELT_Pipeline_Job - 810c0e9d-6194-453c-b42d-c9e2d33f4008 - DBT_STG_Build - [0m03:30:12  Running with dbt=1.9.6
[32m2025-12-14 11:30:22 +0800[0m - dagster - [34mINFO[0m - ELT_Pipeline_Job - 810c0e9d-6194-453c-b42d-c9e2d33f4008 - DBT_STG_Build - [0m03:30:15  Registered adapter: bigquery=1.9.1
[32m2025-12-14 11:30:22 +0800[0m - dagster - [34mINFO[0m - ELT_Pipeline_Job - 810c0e9d-6194-453c-b42d-c9e2d33f4008 - DBT_STG_Build - [0m03:30:15  [[33mWARNING[0m]: Configuration paths exist in your dbt_project.yml file which do not apply to any resources.
[32m2025-12-14 11:30:22 +0800[0m - dagster - [34mINFO[0m - ELT_Pipeline_Job - 810c0e9d-6194-453c-b42d-c9e2d33f4008 - DBT_STG_Build - There are 3 unused configuration paths:
[32m2025-12-14 11:30:22 +0800[0m - dagster - [34mINFO[0m - ELT_Pipeline_Job - 810c0e9d-6194-453c-b42d-c9e2d33f4008 - DBT_STG_Build - - models.dbt_edits_star_db.marts.dim
[32m2025-12-14 11:30:22 +0800[0m - dagster - [34mINFO[0m - ELT_Pipeline_Job - 810c0e9d-6194-453c-b42d-c9e2d33f4008 - DBT_STG_Build - - models.dbt_edits_star_db.staging
[32m2025-12-14 11:30:22 +0800[0m - dagster - [34mINFO[0m - ELT_Pipeline_Job - 810c0e9d-6194-453c-b42d-c9e2d33f4008 - DBT_STG_Build - - models.dbt_edits_star_db.marts.fact
[32m2025-12-14 11:30:22 +0800[0m - dagster - [34mINFO[0m - ELT_Pipeline_Job - 810c0e9d-6194-453c-b42d-c9e2d33f4008 - DBT_STG_Build - [0m03:30:16  Found 12 models, 11 data tests, 9 sources, 492 macros
[32m2025-12-14 11:30:22 +0800[0m - dagster - [34mINFO[0m - ELT_Pipeline_Job - 810c0e9d-6194-453c-b42d-c9e2d33f4008 - DBT_STG_Build - [0m03:30:16  
[32m2025-12-14 11:30:22 +0800[0m - dagster - [34mINFO[0m - ELT_Pipeline_Job - 810c0e9d-6194-453c-b42d-c9e2d33f4008 - DBT_STG_Build - [0m03:30:16  Concurrency: 4 threads (target='dev')
[32m2025-12-14 11:30:22 +0800[0m - dagster - [34mINFO[0m - ELT_Pipeline_Job - 810c0e9d-6194-453c-b42d-c9e2d33f4008 - DBT_STG_Build - [0m03:30:16  
[32m2025-12-14 11:30:22 +0800[0m - dagster - [34mINFO[0m - ELT_Pipeline_Job - 810c0e9d-6194-453c-b42d-c9e2d33f4008 - DBT_STG_Build - [0m03:30:16  1 of 7 START sql view model ecommerce.stg_db_customers ......................... [RUN]
[32m2025-12-14 11:30:22 +0800[0m - dagster - [34mINFO[0m - ELT_Pipeline_Job - 810c0e9d-6194-453c-b42d-c9e2d33f4008 - DBT_STG_Build - [0m03:30:16  2 of 7 START sql view model ecommerce.stg_db_order_items ....................... [RUN]
[32m2025-12-14 11:30:22 +0800[0m - dagster - [34mINFO[0m - ELT_Pipeline_Job - 810c0e9d-6194-453c-b42d-c9e2d33f4008 - DBT_STG_Build - [0m03:30:16  3 of 7 START sql view model ecommerce.stg_db_order_payments .................... [RUN]
[32m2025-12-14 11:30:22 +0800[0m - dagster - [34mINFO[0m - ELT_Pipeline_Job - 810c0e9d-6194-453c-b42d-c9e2d33f4008 - DBT_STG_Build - [0m03:30:16  4 of 7 START sql view model ecommerce.stg_db_orders ............................ [RUN]
[32m2025-12-14 11:30:22 +0800[0m - dagster - [34mINFO[0m - ELT_Pipeline_Job - 810c0e9d-6194-453c-b42d-c9e2d33f4008 - DBT_STG_Build - [0m03:30:18  1 of 7 OK created sql view model ecommerce.stg_db_customers .................... [[32mCREATE VIEW (0 processed)[0m in 1.31s]
[32m2025-12-14 11:30:22 +0800[0m - dagster - [34mINFO[0m - ELT_Pipeline_Job - 810c0e9d-6194-453c-b42d-c9e2d33f4008 - DBT_STG_Build - [0m03:30:18  3 of 7 OK created sql view model ecommerce.stg_db_order_payments ............... [[32mCREATE VIEW (0 processed)[0m in 1.31s]
[32m2025-12-14 11:30:22 +0800[0m - dagster - [34mINFO[0m - ELT_Pipeline_Job - 810c0e9d-6194-453c-b42d-c9e2d33f4008 - DBT_STG_Build - [0m03:30:18  4 of 7 OK created sql view model ecommerce.stg_db_orders ....................... [[32mCREATE VIEW (0 processed)[0m in 1.31s]
[32m2025-12-14 11:30:22 +0800[0m - dagster - [34mINFO[0m - ELT_Pipeline_Job - 810c0e9d-6194-453c-b42d-c9e2d33f4008 - DBT_STG_Build - [0m03:30:18  2 of 7 OK created sql view model ecommerce.stg_db_order_items .................. [[32mCREATE VIEW (0 processed)[0m in 1.31s]
[32m2025-12-14 11:30:22 +0800[0m - dagster - [34mINFO[0m - ELT_Pipeline_Job - 810c0e9d-6194-453c-b42d-c9e2d33f4008 - DBT_STG_Build - [0m03:30:18  5 of 7 START sql view model ecommerce.stg_db_product_category_name_translation . [RUN]
[32m2025-12-14 11:30:22 +0800[0m - dagster - [34mINFO[0m - ELT_Pipeline_Job - 810c0e9d-6194-453c-b42d-c9e2d33f4008 - DBT_STG_Build - [0m03:30:18  6 of 7 START sql view model ecommerce.stg_db_products .......................... [RUN]
[32m2025-12-14 11:30:22 +0800[0m - dagster - [34mINFO[0m - ELT_Pipeline_Job - 810c0e9d-6194-453c-b42d-c9e2d33f4008 - DBT_STG_Build - [0m03:30:18  7 of 7 START sql view model ecommerce.stg_db_sellers ........................... [RUN]
[32m2025-12-14 11:30:22 +0800[0m - dagster - [34mINFO[0m - ELT_Pipeline_Job - 810c0e9d-6194-453c-b42d-c9e2d33f4008 - DBT_STG_Build - [0m03:30:19  5 of 7 OK created sql view model ecommerce.stg_db_product_category_name_translation  [[32mCREATE VIEW (0 processed)[0m in 1.08s]
[32m2025-12-14 11:30:23 +0800[0m - dagster - [34mINFO[0m - ELT_Pipeline_Job - 810c0e9d-6194-453c-b42d-c9e2d33f4008 - DBT_STG_Build - [0m03:30:19  7 of 7 OK created sql view model ecommerce.stg_db_sellers ...................... [[32mCREATE VIEW (0 processed)[0m in 1.09s]
[32m2025-12-14 11:30:23 +0800[0m - dagster - [34mINFO[0m - ELT_Pipeline_Job - 810c0e9d-6194-453c-b42d-c9e2d33f4008 - DBT_STG_Build - [0m03:30:19  6 of 7 OK created sql view model ecommerce.stg_db_products ..................... [[32mCREATE VIEW (0 processed)[0m in 1.14s]
[32m2025-12-14 11:30:23 +0800[0m - dagster - [34mINFO[0m - ELT_Pipeline_Job - 810c0e9d-6194-453c-b42d-c9e2d33f4008 - DBT_STG_Build - [0m03:30:19  
[32m2025-12-14 11:30:23 +0800[0m - dagster - [34mINFO[0m - ELT_Pipeline_Job - 810c0e9d-6194-453c-b42d-c9e2d33f4008 - DBT_STG_Build - [0m03:30:19  Finished running 7 view models in 0 hours 0 minutes and 3.38 seconds (3.38s).
[32m2025-12-14 11:30:23 +0800[0m - dagster - [34mINFO[0m - ELT_Pipeline_Job - 810c0e9d-6194-453c-b42d-c9e2d33f4008 - DBT_STG_Build - [0m03:30:19  
[32m2025-12-14 11:30:23 +0800[0m - dagster - [34mINFO[0m - ELT_Pipeline_Job - 810c0e9d-6194-453c-b42d-c9e2d33f4008 - DBT_STG_Build - [0m03:30:19  [32mCompleted successfully[0m
[32m2025-12-14 11:30:23 +0800[0m - dagster - [34mINFO[0m - ELT_Pipeline_Job - 810c0e9d-6194-453c-b42d-c9e2d33f4008 - DBT_STG_Build - [0m03:30:19  
[32m2025-12-14 11:30:23 +0800[0m - dagster - [34mINFO[0m - ELT_Pipeline_Job - 810c0e9d-6194-453c-b42d-c9e2d33f4008 - DBT_STG_Build - [0m03:30:19  Done. PASS=7 WARN=0 ERROR=0 SKIP=0 TOTAL=7
[32m2025-12-14 11:30:23 +0800[0m - dagster - [34mINFO[0m - ELT_Pipeline_Job - 810c0e9d-6194-453c-b42d-c9e2d33f4008 - DBT_STG_Build - ▶ Running dbt staging models: stg_db_* ...
[32m2025-12-14 11:30:23 +0800[0m - dagster - [34mINFO[0m - ELT_Pipeline_Job - 810c0e9d-6194-453c-b42d-c9e2d33f4008 - DBT_STG_Build - ✅ dbt run (staging) completed successfully.
[32m2025-12-14 11:30:23 +0800[0m - dagster - [34mINFO[0m - ELT_Pipeline_Job - 810c0e9d-6194-453c-b42d-c9e2d33f4008 - DBT_STG_Build - ✅ [dbt] Staging models built successfully.
[32m2025-12-14 11:30:23 +0800[0m - dagster - [34mDEBUG[0m - ELT_Pipeline_Job - 810c0e9d-6194-453c-b42d-c9e2d33f4008 - 11231 - DBT_STG_Build - STEP_OUTPUT - Yielded output "result" of type "Any". (Type check passed).
[32m2025-12-14 11:30:23 +0800[0m - dagster - [34mDEBUG[0m - ELT_Pipeline_Job - 810c0e9d-6194-453c-b42d-c9e2d33f4008 - DBT_STG_Build - Writing file at: /home/pingh/Brazilian-E-Commerce-Public-Dataset-by-Olist/.tmp_dagster_home_l174yq_9/storage/810c0e9d-6194-453c-b42d-c9e2d33f4008/DBT_STG_Build/result using PickledObjectFilesystemIOManager...
[32m2025-12-14 11:30:23 +0800[0m - dagster - [34mDEBUG[0m - ELT_Pipeline_Job - 810c0e9d-6194-453c-b42d-c9e2d33f4008 - 11231 - DBT_STG_Build - HANDLED_OUTPUT - Handled output "result" using IO manager "io_manager"
[32m2025-12-14 11:30:23 +0800[0m - dagster - [34mDEBUG[0m - ELT_Pipeline_Job - 810c0e9d-6194-453c-b42d-c9e2d33f4008 - 11231 - DBT_STG_Build - STEP_SUCCESS - Finished execution of step "DBT_STG_Build" in 15.23s.
